2022-05-19T09:54:46+00:00 CRITICAL Uncaught Error: Call to a member function get_image_id() on null in D:\programming\OpenServer\domains\severinsixa\wp-content\themes\severinsixa\templates\ProductDetailExcellence.php:88
Stack trace:
#0 D:\programming\OpenServer\domains\severinsixa\wp-content\plugins\advanced-custom-fields-pro\pro\blocks.php(424): BlogSectionProductDetailExcellence->render()
#1 D:\programming\OpenServer\domains\severinsixa\wp-content\plugins\advanced-custom-fields-pro\pro\blocks.php(367): acf_render_block()
#2 D:\programming\OpenServer\domains\severinsixa\wp-content\plugins\advanced-custom-fields-pro\pro\blocks.php(328): acf_rendered_block()
#3 D:\programming\OpenServer\domains\severinsixa\wp-includes\class-wp-block.php(255): acf_render_block_callback()
#4 D:\programming\OpenServer\domains\severinsixa\wp-includes\blocks.php(883): WP_Block->render()
#5 D:\programming\OpenServer\domains\severinsixa\wp-includes\blocks.php(921): render_block()
#6 D:\programming\OpenServer\domains\severinsixa\wp-includes\class-wp-hook.php(307): do_blocks()
#7 D:\programming\OpenServer\domains\severinsixa\wp-includes\plugin.php(189): WP_Hook->apply_filters()
#8 D:\programming\OpenServer\domains\severinsixa\wp-includes\rest-api\endpoints\class-wp-rest-revisions-controller.php(606): apply_filters()
#9 D:\programming\OpenServer\domains\severinsixa\wp-includes\rest-api\endpoints\class-wp-rest-autosaves-controller.php(408): WP_REST_Revisions_Controller->prepare_item_for_response()
#10 D:\programming\OpenServer\domains\severinsixa\wp-includes\rest-api\endpoints\class-wp-rest-autosaves-controller.php(239): WP_REST_Autosaves_Controller->prepare_item_for_response()
#11 D:\programming\OpenServer\domains\severinsixa\wp-includes\rest-api\class-wp-rest-server.php(1141): WP_REST_Autosaves_Controller->create_item()
#12 D:\programming\OpenServer\domains\severinsixa\wp-includes\rest-api\class-wp-rest-server.php(988): WP_REST_Server->respond_to_request()
#13 D:\programming\OpenServer\domains\severinsixa\wp-includes\rest-api\class-wp-rest-server.php(414): WP_REST_Server->dispatch()
#14 D:\programming\OpenServer\domains\severinsixa\wp-includes\rest-api.php(386): WP_REST_Server->serve_request()
#15 D:\programming\OpenServer\domains\severinsixa\wp-includes\class-wp-hook.php(307): rest_api_loaded()
#16 D:\programming\OpenServer\domains\severinsixa\wp-includes\class-wp-hook.php(331): WP_Hook->apply_filters()
#17 D:\programming\OpenServer\domains\severinsixa\wp-includes\plugin.php(522): WP_Hook->do_action()
#18 D:\programming\OpenServer\domains\severinsixa\wp-includes\class-wp.php(396): do_action_ref_array()
#19 D:\programming\OpenServer\domains\severinsixa\wp-includes\class-wp.php(758): WP->parse_request()
#20 D:\programming\OpenServer\domains\severinsixa\wp-includes\functions.php(1310): WP->main()
#21 D:\programming\OpenServer\domains\severinsixa\wp-blog-header.php(16): wp()
#22 D:\programming\OpenServer\domains\severinsixa\index.php(17): require('D:\\programming\\...')
#23 {main}
  thrown in D:\programming\OpenServer\domains\severinsixa\wp-content\themes\severinsixa\templates\ProductDetailExcellence.php on line 88

2022-05-19T09:56:46+00:00 CRITICAL Uncaught Error: Call to a member function get_image_id() on null in D:\programming\OpenServer\domains\severinsixa\wp-content\themes\severinsixa\templates\ProductDetailExcellence.php:88
Stack trace:
#0 D:\programming\OpenServer\domains\severinsixa\wp-content\plugins\advanced-custom-fields-pro\pro\blocks.php(424): BlogSectionProductDetailExcellence->render()
#1 D:\programming\OpenServer\domains\severinsixa\wp-content\plugins\advanced-custom-fields-pro\pro\blocks.php(367): acf_render_block()
#2 D:\programming\OpenServer\domains\severinsixa\wp-content\plugins\advanced-custom-fields-pro\pro\blocks.php(328): acf_rendered_block()
#3 D:\programming\OpenServer\domains\severinsixa\wp-includes\class-wp-block.php(255): acf_render_block_callback()
#4 D:\programming\OpenServer\domains\severinsixa\wp-includes\blocks.php(883): WP_Block->render()
#5 D:\programming\OpenServer\domains\severinsixa\wp-includes\blocks.php(921): render_block()
#6 D:\programming\OpenServer\domains\severinsixa\wp-includes\class-wp-hook.php(307): do_blocks()
#7 D:\programming\OpenServer\domains\severinsixa\wp-includes\plugin.php(189): WP_Hook->apply_filters()
#8 D:\programming\OpenServer\domains\severinsixa\wp-includes\rest-api\endpoints\class-wp-rest-revisions-controller.php(606): apply_filters()
#9 D:\programming\OpenServer\domains\severinsixa\wp-includes\rest-api\endpoints\class-wp-rest-autosaves-controller.php(408): WP_REST_Revisions_Controller->prepare_item_for_response()
#10 D:\programming\OpenServer\domains\severinsixa\wp-includes\rest-api\endpoints\class-wp-rest-autosaves-controller.php(239): WP_REST_Autosaves_Controller->prepare_item_for_response()
#11 D:\programming\OpenServer\domains\severinsixa\wp-includes\rest-api\class-wp-rest-server.php(1141): WP_REST_Autosaves_Controller->create_item()
#12 D:\programming\OpenServer\domains\severinsixa\wp-includes\rest-api\class-wp-rest-server.php(988): WP_REST_Server->respond_to_request()
#13 D:\programming\OpenServer\domains\severinsixa\wp-includes\rest-api\class-wp-rest-server.php(414): WP_REST_Server->dispatch()
#14 D:\programming\OpenServer\domains\severinsixa\wp-includes\rest-api.php(386): WP_REST_Server->serve_request()
#15 D:\programming\OpenServer\domains\severinsixa\wp-includes\class-wp-hook.php(307): rest_api_loaded()
#16 D:\programming\OpenServer\domains\severinsixa\wp-includes\class-wp-hook.php(331): WP_Hook->apply_filters()
#17 D:\programming\OpenServer\domains\severinsixa\wp-includes\plugin.php(522): WP_Hook->do_action()
#18 D:\programming\OpenServer\domains\severinsixa\wp-includes\class-wp.php(396): do_action_ref_array()
#19 D:\programming\OpenServer\domains\severinsixa\wp-includes\class-wp.php(758): WP->parse_request()
#20 D:\programming\OpenServer\domains\severinsixa\wp-includes\functions.php(1310): WP->main()
#21 D:\programming\OpenServer\domains\severinsixa\wp-blog-header.php(16): wp()
#22 D:\programming\OpenServer\domains\severinsixa\index.php(17): require('D:\\programming\\...')
#23 {main}
  thrown in D:\programming\OpenServer\domains\severinsixa\wp-content\themes\severinsixa\templates\ProductDetailExcellence.php on line 88

2022-05-19T09:57:47+00:00 CRITICAL Uncaught Error: Call to a member function get_image_id() on null in D:\programming\OpenServer\domains\severinsixa\wp-content\themes\severinsixa\templates\ProductDetailExcellence.php:88
Stack trace:
#0 D:\programming\OpenServer\domains\severinsixa\wp-content\plugins\advanced-custom-fields-pro\pro\blocks.php(424): BlogSectionProductDetailExcellence->render()
#1 D:\programming\OpenServer\domains\severinsixa\wp-content\plugins\advanced-custom-fields-pro\pro\blocks.php(367): acf_render_block()
#2 D:\programming\OpenServer\domains\severinsixa\wp-content\plugins\advanced-custom-fields-pro\pro\blocks.php(328): acf_rendered_block()
#3 D:\programming\OpenServer\domains\severinsixa\wp-includes\class-wp-block.php(255): acf_render_block_callback()
#4 D:\programming\OpenServer\domains\severinsixa\wp-includes\blocks.php(883): WP_Block->render()
#5 D:\programming\OpenServer\domains\severinsixa\wp-includes\blocks.php(921): render_block()
#6 D:\programming\OpenServer\domains\severinsixa\wp-includes\class-wp-hook.php(307): do_blocks()
#7 D:\programming\OpenServer\domains\severinsixa\wp-includes\plugin.php(189): WP_Hook->apply_filters()
#8 D:\programming\OpenServer\domains\severinsixa\wp-includes\rest-api\endpoints\class-wp-rest-revisions-controller.php(606): apply_filters()
#9 D:\programming\OpenServer\domains\severinsixa\wp-includes\rest-api\endpoints\class-wp-rest-autosaves-controller.php(408): WP_REST_Revisions_Controller->prepare_item_for_response()
#10 D:\programming\OpenServer\domains\severinsixa\wp-includes\rest-api\endpoints\class-wp-rest-autosaves-controller.php(239): WP_REST_Autosaves_Controller->prepare_item_for_response()
#11 D:\programming\OpenServer\domains\severinsixa\wp-includes\rest-api\class-wp-rest-server.php(1141): WP_REST_Autosaves_Controller->create_item()
#12 D:\programming\OpenServer\domains\severinsixa\wp-includes\rest-api\class-wp-rest-server.php(988): WP_REST_Server->respond_to_request()
#13 D:\programming\OpenServer\domains\severinsixa\wp-includes\rest-api\class-wp-rest-server.php(414): WP_REST_Server->dispatch()
#14 D:\programming\OpenServer\domains\severinsixa\wp-includes\rest-api.php(386): WP_REST_Server->serve_request()
#15 D:\programming\OpenServer\domains\severinsixa\wp-includes\class-wp-hook.php(307): rest_api_loaded()
#16 D:\programming\OpenServer\domains\severinsixa\wp-includes\class-wp-hook.php(331): WP_Hook->apply_filters()
#17 D:\programming\OpenServer\domains\severinsixa\wp-includes\plugin.php(522): WP_Hook->do_action()
#18 D:\programming\OpenServer\domains\severinsixa\wp-includes\class-wp.php(396): do_action_ref_array()
#19 D:\programming\OpenServer\domains\severinsixa\wp-includes\class-wp.php(758): WP->parse_request()
#20 D:\programming\OpenServer\domains\severinsixa\wp-includes\functions.php(1310): WP->main()
#21 D:\programming\OpenServer\domains\severinsixa\wp-blog-header.php(16): wp()
#22 D:\programming\OpenServer\domains\severinsixa\index.php(17): require('D:\\programming\\...')
#23 {main}
  thrown in D:\programming\OpenServer\domains\severinsixa\wp-content\themes\severinsixa\templates\ProductDetailExcellence.php on line 88

2022-05-19T10:02:47+00:00 CRITICAL Uncaught Error: Call to a member function get_image_id() on null in D:\programming\OpenServer\domains\severinsixa\wp-content\themes\severinsixa\templates\ProductDetailExcellence.php:88
Stack trace:
#0 D:\programming\OpenServer\domains\severinsixa\wp-content\plugins\advanced-custom-fields-pro\pro\blocks.php(424): BlogSectionProductDetailExcellence->render()
#1 D:\programming\OpenServer\domains\severinsixa\wp-content\plugins\advanced-custom-fields-pro\pro\blocks.php(367): acf_render_block()
#2 D:\programming\OpenServer\domains\severinsixa\wp-content\plugins\advanced-custom-fields-pro\pro\blocks.php(328): acf_rendered_block()
#3 D:\programming\OpenServer\domains\severinsixa\wp-includes\class-wp-block.php(255): acf_render_block_callback()
#4 D:\programming\OpenServer\domains\severinsixa\wp-includes\blocks.php(883): WP_Block->render()
#5 D:\programming\OpenServer\domains\severinsixa\wp-includes\blocks.php(921): render_block()
#6 D:\programming\OpenServer\domains\severinsixa\wp-includes\class-wp-hook.php(307): do_blocks()
#7 D:\programming\OpenServer\domains\severinsixa\wp-includes\plugin.php(189): WP_Hook->apply_filters()
#8 D:\programming\OpenServer\domains\severinsixa\wp-includes\rest-api\endpoints\class-wp-rest-revisions-controller.php(606): apply_filters()
#9 D:\programming\OpenServer\domains\severinsixa\wp-includes\rest-api\endpoints\class-wp-rest-autosaves-controller.php(408): WP_REST_Revisions_Controller->prepare_item_for_response()
#10 D:\programming\OpenServer\domains\severinsixa\wp-includes\rest-api\endpoints\class-wp-rest-autosaves-controller.php(239): WP_REST_Autosaves_Controller->prepare_item_for_response()
#11 D:\programming\OpenServer\domains\severinsixa\wp-includes\rest-api\class-wp-rest-server.php(1141): WP_REST_Autosaves_Controller->create_item()
#12 D:\programming\OpenServer\domains\severinsixa\wp-includes\rest-api\class-wp-rest-server.php(988): WP_REST_Server->respond_to_request()
#13 D:\programming\OpenServer\domains\severinsixa\wp-includes\rest-api\class-wp-rest-server.php(414): WP_REST_Server->dispatch()
#14 D:\programming\OpenServer\domains\severinsixa\wp-includes\rest-api.php(386): WP_REST_Server->serve_request()
#15 D:\programming\OpenServer\domains\severinsixa\wp-includes\class-wp-hook.php(307): rest_api_loaded()
#16 D:\programming\OpenServer\domains\severinsixa\wp-includes\class-wp-hook.php(331): WP_Hook->apply_filters()
#17 D:\programming\OpenServer\domains\severinsixa\wp-includes\plugin.php(522): WP_Hook->do_action()
#18 D:\programming\OpenServer\domains\severinsixa\wp-includes\class-wp.php(396): do_action_ref_array()
#19 D:\programming\OpenServer\domains\severinsixa\wp-includes\class-wp.php(758): WP->parse_request()
#20 D:\programming\OpenServer\domains\severinsixa\wp-includes\functions.php(1310): WP->main()
#21 D:\programming\OpenServer\domains\severinsixa\wp-blog-header.php(16): wp()
#22 D:\programming\OpenServer\domains\severinsixa\index.php(17): require('D:\\programming\\...')
#23 {main}
  thrown in D:\programming\OpenServer\domains\severinsixa\wp-content\themes\severinsixa\templates\ProductDetailExcellence.php on line 88

2022-05-19T10:04:31+00:00 CRITICAL Uncaught Error: Call to a member function get_image_id() on null in D:\programming\OpenServer\domains\severinsixa\wp-content\themes\severinsixa\templates\ProductDetailExcellence.php:88
Stack trace:
#0 D:\programming\OpenServer\domains\severinsixa\wp-content\plugins\advanced-custom-fields-pro\pro\blocks.php(424): BlogSectionProductDetailExcellence->render()
#1 D:\programming\OpenServer\domains\severinsixa\wp-content\plugins\advanced-custom-fields-pro\pro\blocks.php(367): acf_render_block()
#2 D:\programming\OpenServer\domains\severinsixa\wp-content\plugins\advanced-custom-fields-pro\pro\blocks.php(328): acf_rendered_block()
#3 D:\programming\OpenServer\domains\severinsixa\wp-includes\class-wp-block.php(255): acf_render_block_callback()
#4 D:\programming\OpenServer\domains\severinsixa\wp-includes\blocks.php(883): WP_Block->render()
#5 D:\programming\OpenServer\domains\severinsixa\wp-includes\blocks.php(921): render_block()
#6 D:\programming\OpenServer\domains\severinsixa\wp-includes\class-wp-hook.php(307): do_blocks()
#7 D:\programming\OpenServer\domains\severinsixa\wp-includes\plugin.php(189): WP_Hook->apply_filters()
#8 D:\programming\OpenServer\domains\severinsixa\wp-includes\rest-api\endpoints\class-wp-rest-revisions-controller.php(606): apply_filters()
#9 D:\programming\OpenServer\domains\severinsixa\wp-includes\rest-api\endpoints\class-wp-rest-autosaves-controller.php(408): WP_REST_Revisions_Controller->prepare_item_for_response()
#10 D:\programming\OpenServer\domains\severinsixa\wp-includes\rest-api\endpoints\class-wp-rest-autosaves-controller.php(239): WP_REST_Autosaves_Controller->prepare_item_for_response()
#11 D:\programming\OpenServer\domains\severinsixa\wp-includes\rest-api\class-wp-rest-server.php(1141): WP_REST_Autosaves_Controller->create_item()
#12 D:\programming\OpenServer\domains\severinsixa\wp-includes\rest-api\class-wp-rest-server.php(988): WP_REST_Server->respond_to_request()
#13 D:\programming\OpenServer\domains\severinsixa\wp-includes\rest-api\class-wp-rest-server.php(414): WP_REST_Server->dispatch()
#14 D:\programming\OpenServer\domains\severinsixa\wp-includes\rest-api.php(386): WP_REST_Server->serve_request()
#15 D:\programming\OpenServer\domains\severinsixa\wp-includes\class-wp-hook.php(307): rest_api_loaded()
#16 D:\programming\OpenServer\domains\severinsixa\wp-includes\class-wp-hook.php(331): WP_Hook->apply_filters()
#17 D:\programming\OpenServer\domains\severinsixa\wp-includes\plugin.php(522): WP_Hook->do_action()
#18 D:\programming\OpenServer\domains\severinsixa\wp-includes\class-wp.php(396): do_action_ref_array()
#19 D:\programming\OpenServer\domains\severinsixa\wp-includes\class-wp.php(758): WP->parse_request()
#20 D:\programming\OpenServer\domains\severinsixa\wp-includes\functions.php(1310): WP->main()
#21 D:\programming\OpenServer\domains\severinsixa\wp-blog-header.php(16): wp()
#22 D:\programming\OpenServer\domains\severinsixa\index.php(17): require('D:\\programming\\...')
#23 {main}
  thrown in D:\programming\OpenServer\domains\severinsixa\wp-content\themes\severinsixa\templates\ProductDetailExcellence.php on line 88

2022-05-19T10:05:30+00:00 CRITICAL Uncaught Error: Call to a member function get_image_id() on null in D:\programming\OpenServer\domains\severinsixa\wp-content\themes\severinsixa\templates\ProductDetailExcellence.php:88
Stack trace:
#0 D:\programming\OpenServer\domains\severinsixa\wp-content\plugins\advanced-custom-fields-pro\pro\blocks.php(424): BlogSectionProductDetailExcellence->render()
#1 D:\programming\OpenServer\domains\severinsixa\wp-content\plugins\advanced-custom-fields-pro\pro\blocks.php(367): acf_render_block()
#2 D:\programming\OpenServer\domains\severinsixa\wp-content\plugins\advanced-custom-fields-pro\pro\blocks.php(328): acf_rendered_block()
#3 D:\programming\OpenServer\domains\severinsixa\wp-includes\class-wp-block.php(255): acf_render_block_callback()
#4 D:\programming\OpenServer\domains\severinsixa\wp-includes\blocks.php(883): WP_Block->render()
#5 D:\programming\OpenServer\domains\severinsixa\wp-includes\blocks.php(921): render_block()
#6 D:\programming\OpenServer\domains\severinsixa\wp-includes\class-wp-hook.php(307): do_blocks()
#7 D:\programming\OpenServer\domains\severinsixa\wp-includes\plugin.php(189): WP_Hook->apply_filters()
#8 D:\programming\OpenServer\domains\severinsixa\wp-includes\rest-api\endpoints\class-wp-rest-revisions-controller.php(606): apply_filters()
#9 D:\programming\OpenServer\domains\severinsixa\wp-includes\rest-api\endpoints\class-wp-rest-autosaves-controller.php(408): WP_REST_Revisions_Controller->prepare_item_for_response()
#10 D:\programming\OpenServer\domains\severinsixa\wp-includes\rest-api\endpoints\class-wp-rest-autosaves-controller.php(239): WP_REST_Autosaves_Controller->prepare_item_for_response()
#11 D:\programming\OpenServer\domains\severinsixa\wp-includes\rest-api\class-wp-rest-server.php(1141): WP_REST_Autosaves_Controller->create_item()
#12 D:\programming\OpenServer\domains\severinsixa\wp-includes\rest-api\class-wp-rest-server.php(988): WP_REST_Server->respond_to_request()
#13 D:\programming\OpenServer\domains\severinsixa\wp-includes\rest-api\class-wp-rest-server.php(414): WP_REST_Server->dispatch()
#14 D:\programming\OpenServer\domains\severinsixa\wp-includes\rest-api.php(386): WP_REST_Server->serve_request()
#15 D:\programming\OpenServer\domains\severinsixa\wp-includes\class-wp-hook.php(307): rest_api_loaded()
#16 D:\programming\OpenServer\domains\severinsixa\wp-includes\class-wp-hook.php(331): WP_Hook->apply_filters()
#17 D:\programming\OpenServer\domains\severinsixa\wp-includes\plugin.php(522): WP_Hook->do_action()
#18 D:\programming\OpenServer\domains\severinsixa\wp-includes\class-wp.php(396): do_action_ref_array()
#19 D:\programming\OpenServer\domains\severinsixa\wp-includes\class-wp.php(758): WP->parse_request()
#20 D:\programming\OpenServer\domains\severinsixa\wp-includes\functions.php(1310): WP->main()
#21 D:\programming\OpenServer\domains\severinsixa\wp-blog-header.php(16): wp()
#22 D:\programming\OpenServer\domains\severinsixa\index.php(17): require('D:\\programming\\...')
#23 {main}
  thrown in D:\programming\OpenServer\domains\severinsixa\wp-content\themes\severinsixa\templates\ProductDetailExcellence.php on line 88

2022-05-19T10:07:31+00:00 CRITICAL Uncaught Error: Call to a member function get_image_id() on null in D:\programming\OpenServer\domains\severinsixa\wp-content\themes\severinsixa\templates\ProductDetailExcellence.php:88
Stack trace:
#0 D:\programming\OpenServer\domains\severinsixa\wp-content\plugins\advanced-custom-fields-pro\pro\blocks.php(424): BlogSectionProductDetailExcellence->render()
#1 D:\programming\OpenServer\domains\severinsixa\wp-content\plugins\advanced-custom-fields-pro\pro\blocks.php(367): acf_render_block()
#2 D:\programming\OpenServer\domains\severinsixa\wp-content\plugins\advanced-custom-fields-pro\pro\blocks.php(328): acf_rendered_block()
#3 D:\programming\OpenServer\domains\severinsixa\wp-includes\class-wp-block.php(255): acf_render_block_callback()
#4 D:\programming\OpenServer\domains\severinsixa\wp-includes\blocks.php(883): WP_Block->render()
#5 D:\programming\OpenServer\domains\severinsixa\wp-includes\blocks.php(921): render_block()
#6 D:\programming\OpenServer\domains\severinsixa\wp-includes\class-wp-hook.php(307): do_blocks()
#7 D:\programming\OpenServer\domains\severinsixa\wp-includes\plugin.php(189): WP_Hook->apply_filters()
#8 D:\programming\OpenServer\domains\severinsixa\wp-includes\rest-api\endpoints\class-wp-rest-revisions-controller.php(606): apply_filters()
#9 D:\programming\OpenServer\domains\severinsixa\wp-includes\rest-api\endpoints\class-wp-rest-autosaves-controller.php(408): WP_REST_Revisions_Controller->prepare_item_for_response()
#10 D:\programming\OpenServer\domains\severinsixa\wp-includes\rest-api\endpoints\class-wp-rest-autosaves-controller.php(239): WP_REST_Autosaves_Controller->prepare_item_for_response()
#11 D:\programming\OpenServer\domains\severinsixa\wp-includes\rest-api\class-wp-rest-server.php(1141): WP_REST_Autosaves_Controller->create_item()
#12 D:\programming\OpenServer\domains\severinsixa\wp-includes\rest-api\class-wp-rest-server.php(988): WP_REST_Server->respond_to_request()
#13 D:\programming\OpenServer\domains\severinsixa\wp-includes\rest-api\class-wp-rest-server.php(414): WP_REST_Server->dispatch()
#14 D:\programming\OpenServer\domains\severinsixa\wp-includes\rest-api.php(386): WP_REST_Server->serve_request()
#15 D:\programming\OpenServer\domains\severinsixa\wp-includes\class-wp-hook.php(307): rest_api_loaded()
#16 D:\programming\OpenServer\domains\severinsixa\wp-includes\class-wp-hook.php(331): WP_Hook->apply_filters()
#17 D:\programming\OpenServer\domains\severinsixa\wp-includes\plugin.php(522): WP_Hook->do_action()
#18 D:\programming\OpenServer\domains\severinsixa\wp-includes\class-wp.php(396): do_action_ref_array()
#19 D:\programming\OpenServer\domains\severinsixa\wp-includes\class-wp.php(758): WP->parse_request()
#20 D:\programming\OpenServer\domains\severinsixa\wp-includes\functions.php(1310): WP->main()
#21 D:\programming\OpenServer\domains\severinsixa\wp-blog-header.php(16): wp()
#22 D:\programming\OpenServer\domains\severinsixa\index.php(17): require('D:\\programming\\...')
#23 {main}
  thrown in D:\programming\OpenServer\domains\severinsixa\wp-content\themes\severinsixa\templates\ProductDetailExcellence.php on line 88

2022-05-19T10:08:32+00:00 CRITICAL Uncaught Error: Call to a member function get_image_id() on null in D:\programming\OpenServer\domains\severinsixa\wp-content\themes\severinsixa\templates\ProductDetailExcellence.php:88
Stack trace:
#0 D:\programming\OpenServer\domains\severinsixa\wp-content\plugins\advanced-custom-fields-pro\pro\blocks.php(424): BlogSectionProductDetailExcellence->render()
#1 D:\programming\OpenServer\domains\severinsixa\wp-content\plugins\advanced-custom-fields-pro\pro\blocks.php(367): acf_render_block()
#2 D:\programming\OpenServer\domains\severinsixa\wp-content\plugins\advanced-custom-fields-pro\pro\blocks.php(328): acf_rendered_block()
#3 D:\programming\OpenServer\domains\severinsixa\wp-includes\class-wp-block.php(255): acf_render_block_callback()
#4 D:\programming\OpenServer\domains\severinsixa\wp-includes\blocks.php(883): WP_Block->render()
#5 D:\programming\OpenServer\domains\severinsixa\wp-includes\blocks.php(921): render_block()
#6 D:\programming\OpenServer\domains\severinsixa\wp-includes\class-wp-hook.php(307): do_blocks()
#7 D:\programming\OpenServer\domains\severinsixa\wp-includes\plugin.php(189): WP_Hook->apply_filters()
#8 D:\programming\OpenServer\domains\severinsixa\wp-includes\rest-api\endpoints\class-wp-rest-revisions-controller.php(606): apply_filters()
#9 D:\programming\OpenServer\domains\severinsixa\wp-includes\rest-api\endpoints\class-wp-rest-autosaves-controller.php(408): WP_REST_Revisions_Controller->prepare_item_for_response()
#10 D:\programming\OpenServer\domains\severinsixa\wp-includes\rest-api\endpoints\class-wp-rest-autosaves-controller.php(239): WP_REST_Autosaves_Controller->prepare_item_for_response()
#11 D:\programming\OpenServer\domains\severinsixa\wp-includes\rest-api\class-wp-rest-server.php(1141): WP_REST_Autosaves_Controller->create_item()
#12 D:\programming\OpenServer\domains\severinsixa\wp-includes\rest-api\class-wp-rest-server.php(988): WP_REST_Server->respond_to_request()
#13 D:\programming\OpenServer\domains\severinsixa\wp-includes\rest-api\class-wp-rest-server.php(414): WP_REST_Server->dispatch()
#14 D:\programming\OpenServer\domains\severinsixa\wp-includes\rest-api.php(386): WP_REST_Server->serve_request()
#15 D:\programming\OpenServer\domains\severinsixa\wp-includes\class-wp-hook.php(307): rest_api_loaded()
#16 D:\programming\OpenServer\domains\severinsixa\wp-includes\class-wp-hook.php(331): WP_Hook->apply_filters()
#17 D:\programming\OpenServer\domains\severinsixa\wp-includes\plugin.php(522): WP_Hook->do_action()
#18 D:\programming\OpenServer\domains\severinsixa\wp-includes\class-wp.php(396): do_action_ref_array()
#19 D:\programming\OpenServer\domains\severinsixa\wp-includes\class-wp.php(758): WP->parse_request()
#20 D:\programming\OpenServer\domains\severinsixa\wp-includes\functions.php(1310): WP->main()
#21 D:\programming\OpenServer\domains\severinsixa\wp-blog-header.php(16): wp()
#22 D:\programming\OpenServer\domains\severinsixa\index.php(17): require('D:\\programming\\...')
#23 {main}
  thrown in D:\programming\OpenServer\domains\severinsixa\wp-content\themes\severinsixa\templates\ProductDetailExcellence.php on line 88

2022-05-19T10:10:33+00:00 CRITICAL Uncaught Error: Call to a member function get_image_id() on null in D:\programming\OpenServer\domains\severinsixa\wp-content\themes\severinsixa\templates\ProductDetailExcellence.php:88
Stack trace:
#0 D:\programming\OpenServer\domains\severinsixa\wp-content\plugins\advanced-custom-fields-pro\pro\blocks.php(424): BlogSectionProductDetailExcellence->render()
#1 D:\programming\OpenServer\domains\severinsixa\wp-content\plugins\advanced-custom-fields-pro\pro\blocks.php(367): acf_render_block()
#2 D:\programming\OpenServer\domains\severinsixa\wp-content\plugins\advanced-custom-fields-pro\pro\blocks.php(328): acf_rendered_block()
#3 D:\programming\OpenServer\domains\severinsixa\wp-includes\class-wp-block.php(255): acf_render_block_callback()
#4 D:\programming\OpenServer\domains\severinsixa\wp-includes\blocks.php(883): WP_Block->render()
#5 D:\programming\OpenServer\domains\severinsixa\wp-includes\blocks.php(921): render_block()
#6 D:\programming\OpenServer\domains\severinsixa\wp-includes\class-wp-hook.php(307): do_blocks()
#7 D:\programming\OpenServer\domains\severinsixa\wp-includes\plugin.php(189): WP_Hook->apply_filters()
#8 D:\programming\OpenServer\domains\severinsixa\wp-includes\rest-api\endpoints\class-wp-rest-revisions-controller.php(606): apply_filters()
#9 D:\programming\OpenServer\domains\severinsixa\wp-includes\rest-api\endpoints\class-wp-rest-autosaves-controller.php(408): WP_REST_Revisions_Controller->prepare_item_for_response()
#10 D:\programming\OpenServer\domains\severinsixa\wp-includes\rest-api\endpoints\class-wp-rest-autosaves-controller.php(239): WP_REST_Autosaves_Controller->prepare_item_for_response()
#11 D:\programming\OpenServer\domains\severinsixa\wp-includes\rest-api\class-wp-rest-server.php(1141): WP_REST_Autosaves_Controller->create_item()
#12 D:\programming\OpenServer\domains\severinsixa\wp-includes\rest-api\class-wp-rest-server.php(988): WP_REST_Server->respond_to_request()
#13 D:\programming\OpenServer\domains\severinsixa\wp-includes\rest-api\class-wp-rest-server.php(414): WP_REST_Server->dispatch()
#14 D:\programming\OpenServer\domains\severinsixa\wp-includes\rest-api.php(386): WP_REST_Server->serve_request()
#15 D:\programming\OpenServer\domains\severinsixa\wp-includes\class-wp-hook.php(307): rest_api_loaded()
#16 D:\programming\OpenServer\domains\severinsixa\wp-includes\class-wp-hook.php(331): WP_Hook->apply_filters()
#17 D:\programming\OpenServer\domains\severinsixa\wp-includes\plugin.php(522): WP_Hook->do_action()
#18 D:\programming\OpenServer\domains\severinsixa\wp-includes\class-wp.php(396): do_action_ref_array()
#19 D:\programming\OpenServer\domains\severinsixa\wp-includes\class-wp.php(758): WP->parse_request()
#20 D:\programming\OpenServer\domains\severinsixa\wp-includes\functions.php(1310): WP->main()
#21 D:\programming\OpenServer\domains\severinsixa\wp-blog-header.php(16): wp()
#22 D:\programming\OpenServer\domains\severinsixa\index.php(17): require('D:\\programming\\...')
#23 {main}
  thrown in D:\programming\OpenServer\domains\severinsixa\wp-content\themes\severinsixa\templates\ProductDetailExcellence.php on line 88

2022-05-19T10:11:33+00:00 CRITICAL Uncaught Error: Call to a member function get_image_id() on null in D:\programming\OpenServer\domains\severinsixa\wp-content\themes\severinsixa\templates\ProductDetailExcellence.php:88
Stack trace:
#0 D:\programming\OpenServer\domains\severinsixa\wp-content\plugins\advanced-custom-fields-pro\pro\blocks.php(424): BlogSectionProductDetailExcellence->render()
#1 D:\programming\OpenServer\domains\severinsixa\wp-content\plugins\advanced-custom-fields-pro\pro\blocks.php(367): acf_render_block()
#2 D:\programming\OpenServer\domains\severinsixa\wp-content\plugins\advanced-custom-fields-pro\pro\blocks.php(328): acf_rendered_block()
#3 D:\programming\OpenServer\domains\severinsixa\wp-includes\class-wp-block.php(255): acf_render_block_callback()
#4 D:\programming\OpenServer\domains\severinsixa\wp-includes\blocks.php(883): WP_Block->render()
#5 D:\programming\OpenServer\domains\severinsixa\wp-includes\blocks.php(921): render_block()
#6 D:\programming\OpenServer\domains\severinsixa\wp-includes\class-wp-hook.php(307): do_blocks()
#7 D:\programming\OpenServer\domains\severinsixa\wp-includes\plugin.php(189): WP_Hook->apply_filters()
#8 D:\programming\OpenServer\domains\severinsixa\wp-includes\rest-api\endpoints\class-wp-rest-revisions-controller.php(606): apply_filters()
#9 D:\programming\OpenServer\domains\severinsixa\wp-includes\rest-api\endpoints\class-wp-rest-autosaves-controller.php(408): WP_REST_Revisions_Controller->prepare_item_for_response()
#10 D:\programming\OpenServer\domains\severinsixa\wp-includes\rest-api\endpoints\class-wp-rest-autosaves-controller.php(239): WP_REST_Autosaves_Controller->prepare_item_for_response()
#11 D:\programming\OpenServer\domains\severinsixa\wp-includes\rest-api\class-wp-rest-server.php(1141): WP_REST_Autosaves_Controller->create_item()
#12 D:\programming\OpenServer\domains\severinsixa\wp-includes\rest-api\class-wp-rest-server.php(988): WP_REST_Server->respond_to_request()
#13 D:\programming\OpenServer\domains\severinsixa\wp-includes\rest-api\class-wp-rest-server.php(414): WP_REST_Server->dispatch()
#14 D:\programming\OpenServer\domains\severinsixa\wp-includes\rest-api.php(386): WP_REST_Server->serve_request()
#15 D:\programming\OpenServer\domains\severinsixa\wp-includes\class-wp-hook.php(307): rest_api_loaded()
#16 D:\programming\OpenServer\domains\severinsixa\wp-includes\class-wp-hook.php(331): WP_Hook->apply_filters()
#17 D:\programming\OpenServer\domains\severinsixa\wp-includes\plugin.php(522): WP_Hook->do_action()
#18 D:\programming\OpenServer\domains\severinsixa\wp-includes\class-wp.php(396): do_action_ref_array()
#19 D:\programming\OpenServer\domains\severinsixa\wp-includes\class-wp.php(758): WP->parse_request()
#20 D:\programming\OpenServer\domains\severinsixa\wp-includes\functions.php(1310): WP->main()
#21 D:\programming\OpenServer\domains\severinsixa\wp-blog-header.php(16): wp()
#22 D:\programming\OpenServer\domains\severinsixa\index.php(17): require('D:\\programming\\...')
#23 {main}
  thrown in D:\programming\OpenServer\domains\severinsixa\wp-content\themes\severinsixa\templates\ProductDetailExcellence.php on line 88

2022-05-19T10:12:34+00:00 CRITICAL Uncaught Error: Call to a member function get_image_id() on null in D:\programming\OpenServer\domains\severinsixa\wp-content\themes\severinsixa\templates\ProductDetailExcellence.php:88
Stack trace:
#0 D:\programming\OpenServer\domains\severinsixa\wp-content\plugins\advanced-custom-fields-pro\pro\blocks.php(424): BlogSectionProductDetailExcellence->render()
#1 D:\programming\OpenServer\domains\severinsixa\wp-content\plugins\advanced-custom-fields-pro\pro\blocks.php(367): acf_render_block()
#2 D:\programming\OpenServer\domains\severinsixa\wp-content\plugins\advanced-custom-fields-pro\pro\blocks.php(328): acf_rendered_block()
#3 D:\programming\OpenServer\domains\severinsixa\wp-includes\class-wp-block.php(255): acf_render_block_callback()
#4 D:\programming\OpenServer\domains\severinsixa\wp-includes\blocks.php(883): WP_Block->render()
#5 D:\programming\OpenServer\domains\severinsixa\wp-includes\blocks.php(921): render_block()
#6 D:\programming\OpenServer\domains\severinsixa\wp-includes\class-wp-hook.php(307): do_blocks()
#7 D:\programming\OpenServer\domains\severinsixa\wp-includes\plugin.php(189): WP_Hook->apply_filters()
#8 D:\programming\OpenServer\domains\severinsixa\wp-includes\rest-api\endpoints\class-wp-rest-revisions-controller.php(606): apply_filters()
#9 D:\programming\OpenServer\domains\severinsixa\wp-includes\rest-api\endpoints\class-wp-rest-autosaves-controller.php(408): WP_REST_Revisions_Controller->prepare_item_for_response()
#10 D:\programming\OpenServer\domains\severinsixa\wp-includes\rest-api\endpoints\class-wp-rest-autosaves-controller.php(239): WP_REST_Autosaves_Controller->prepare_item_for_response()
#11 D:\programming\OpenServer\domains\severinsixa\wp-includes\rest-api\class-wp-rest-server.php(1141): WP_REST_Autosaves_Controller->create_item()
#12 D:\programming\OpenServer\domains\severinsixa\wp-includes\rest-api\class-wp-rest-server.php(988): WP_REST_Server->respond_to_request()
#13 D:\programming\OpenServer\domains\severinsixa\wp-includes\rest-api\class-wp-rest-server.php(414): WP_REST_Server->dispatch()
#14 D:\programming\OpenServer\domains\severinsixa\wp-includes\rest-api.php(386): WP_REST_Server->serve_request()
#15 D:\programming\OpenServer\domains\severinsixa\wp-includes\class-wp-hook.php(307): rest_api_loaded()
#16 D:\programming\OpenServer\domains\severinsixa\wp-includes\class-wp-hook.php(331): WP_Hook->apply_filters()
#17 D:\programming\OpenServer\domains\severinsixa\wp-includes\plugin.php(522): WP_Hook->do_action()
#18 D:\programming\OpenServer\domains\severinsixa\wp-includes\class-wp.php(396): do_action_ref_array()
#19 D:\programming\OpenServer\domains\severinsixa\wp-includes\class-wp.php(758): WP->parse_request()
#20 D:\programming\OpenServer\domains\severinsixa\wp-includes\functions.php(1310): WP->main()
#21 D:\programming\OpenServer\domains\severinsixa\wp-blog-header.php(16): wp()
#22 D:\programming\OpenServer\domains\severinsixa\index.php(17): require('D:\\programming\\...')
#23 {main}
  thrown in D:\programming\OpenServer\domains\severinsixa\wp-content\themes\severinsixa\templates\ProductDetailExcellence.php on line 88

2022-05-19T10:13:33+00:00 CRITICAL Uncaught Error: Call to a member function get_image_id() on null in D:\programming\OpenServer\domains\severinsixa\wp-content\themes\severinsixa\templates\ProductDetailExcellence.php:88
Stack trace:
#0 D:\programming\OpenServer\domains\severinsixa\wp-content\plugins\advanced-custom-fields-pro\pro\blocks.php(424): BlogSectionProductDetailExcellence->render()
#1 D:\programming\OpenServer\domains\severinsixa\wp-content\plugins\advanced-custom-fields-pro\pro\blocks.php(367): acf_render_block()
#2 D:\programming\OpenServer\domains\severinsixa\wp-content\plugins\advanced-custom-fields-pro\pro\blocks.php(328): acf_rendered_block()
#3 D:\programming\OpenServer\domains\severinsixa\wp-includes\class-wp-block.php(255): acf_render_block_callback()
#4 D:\programming\OpenServer\domains\severinsixa\wp-includes\blocks.php(883): WP_Block->render()
#5 D:\programming\OpenServer\domains\severinsixa\wp-includes\blocks.php(921): render_block()
#6 D:\programming\OpenServer\domains\severinsixa\wp-includes\class-wp-hook.php(307): do_blocks()
#7 D:\programming\OpenServer\domains\severinsixa\wp-includes\plugin.php(189): WP_Hook->apply_filters()
#8 D:\programming\OpenServer\domains\severinsixa\wp-includes\rest-api\endpoints\class-wp-rest-revisions-controller.php(606): apply_filters()
#9 D:\programming\OpenServer\domains\severinsixa\wp-includes\rest-api\endpoints\class-wp-rest-autosaves-controller.php(408): WP_REST_Revisions_Controller->prepare_item_for_response()
#10 D:\programming\OpenServer\domains\severinsixa\wp-includes\rest-api\endpoints\class-wp-rest-autosaves-controller.php(239): WP_REST_Autosaves_Controller->prepare_item_for_response()
#11 D:\programming\OpenServer\domains\severinsixa\wp-includes\rest-api\class-wp-rest-server.php(1141): WP_REST_Autosaves_Controller->create_item()
#12 D:\programming\OpenServer\domains\severinsixa\wp-includes\rest-api\class-wp-rest-server.php(988): WP_REST_Server->respond_to_request()
#13 D:\programming\OpenServer\domains\severinsixa\wp-includes\rest-api\class-wp-rest-server.php(414): WP_REST_Server->dispatch()
#14 D:\programming\OpenServer\domains\severinsixa\wp-includes\rest-api.php(386): WP_REST_Server->serve_request()
#15 D:\programming\OpenServer\domains\severinsixa\wp-includes\class-wp-hook.php(307): rest_api_loaded()
#16 D:\programming\OpenServer\domains\severinsixa\wp-includes\class-wp-hook.php(331): WP_Hook->apply_filters()
#17 D:\programming\OpenServer\domains\severinsixa\wp-includes\plugin.php(522): WP_Hook->do_action()
#18 D:\programming\OpenServer\domains\severinsixa\wp-includes\class-wp.php(396): do_action_ref_array()
#19 D:\programming\OpenServer\domains\severinsixa\wp-includes\class-wp.php(758): WP->parse_request()
#20 D:\programming\OpenServer\domains\severinsixa\wp-includes\functions.php(1310): WP->main()
#21 D:\programming\OpenServer\domains\severinsixa\wp-blog-header.php(16): wp()
#22 D:\programming\OpenServer\domains\severinsixa\index.php(17): require('D:\\programming\\...')
#23 {main}
  thrown in D:\programming\OpenServer\domains\severinsixa\wp-content\themes\severinsixa\templates\ProductDetailExcellence.php on line 88

2022-05-19T10:14:34+00:00 CRITICAL Uncaught Error: Call to a member function get_image_id() on null in D:\programming\OpenServer\domains\severinsixa\wp-content\themes\severinsixa\templates\ProductDetailExcellence.php:88
Stack trace:
#0 D:\programming\OpenServer\domains\severinsixa\wp-content\plugins\advanced-custom-fields-pro\pro\blocks.php(424): BlogSectionProductDetailExcellence->render()
#1 D:\programming\OpenServer\domains\severinsixa\wp-content\plugins\advanced-custom-fields-pro\pro\blocks.php(367): acf_render_block()
#2 D:\programming\OpenServer\domains\severinsixa\wp-content\plugins\advanced-custom-fields-pro\pro\blocks.php(328): acf_rendered_block()
#3 D:\programming\OpenServer\domains\severinsixa\wp-includes\class-wp-block.php(255): acf_render_block_callback()
#4 D:\programming\OpenServer\domains\severinsixa\wp-includes\blocks.php(883): WP_Block->render()
#5 D:\programming\OpenServer\domains\severinsixa\wp-includes\blocks.php(921): render_block()
#6 D:\programming\OpenServer\domains\severinsixa\wp-includes\class-wp-hook.php(307): do_blocks()
#7 D:\programming\OpenServer\domains\severinsixa\wp-includes\plugin.php(189): WP_Hook->apply_filters()
#8 D:\programming\OpenServer\domains\severinsixa\wp-includes\rest-api\endpoints\class-wp-rest-revisions-controller.php(606): apply_filters()
#9 D:\programming\OpenServer\domains\severinsixa\wp-includes\rest-api\endpoints\class-wp-rest-autosaves-controller.php(408): WP_REST_Revisions_Controller->prepare_item_for_response()
#10 D:\programming\OpenServer\domains\severinsixa\wp-includes\rest-api\endpoints\class-wp-rest-autosaves-controller.php(239): WP_REST_Autosaves_Controller->prepare_item_for_response()
#11 D:\programming\OpenServer\domains\severinsixa\wp-includes\rest-api\class-wp-rest-server.php(1141): WP_REST_Autosaves_Controller->create_item()
#12 D:\programming\OpenServer\domains\severinsixa\wp-includes\rest-api\class-wp-rest-server.php(988): WP_REST_Server->respond_to_request()
#13 D:\programming\OpenServer\domains\severinsixa\wp-includes\rest-api\class-wp-rest-server.php(414): WP_REST_Server->dispatch()
#14 D:\programming\OpenServer\domains\severinsixa\wp-includes\rest-api.php(386): WP_REST_Server->serve_request()
#15 D:\programming\OpenServer\domains\severinsixa\wp-includes\class-wp-hook.php(307): rest_api_loaded()
#16 D:\programming\OpenServer\domains\severinsixa\wp-includes\class-wp-hook.php(331): WP_Hook->apply_filters()
#17 D:\programming\OpenServer\domains\severinsixa\wp-includes\plugin.php(522): WP_Hook->do_action()
#18 D:\programming\OpenServer\domains\severinsixa\wp-includes\class-wp.php(396): do_action_ref_array()
#19 D:\programming\OpenServer\domains\severinsixa\wp-includes\class-wp.php(758): WP->parse_request()
#20 D:\programming\OpenServer\domains\severinsixa\wp-includes\functions.php(1310): WP->main()
#21 D:\programming\OpenServer\domains\severinsixa\wp-blog-header.php(16): wp()
#22 D:\programming\OpenServer\domains\severinsixa\index.php(17): require('D:\\programming\\...')
#23 {main}
  thrown in D:\programming\OpenServer\domains\severinsixa\wp-content\themes\severinsixa\templates\ProductDetailExcellence.php on line 88

2022-05-19T10:15:34+00:00 CRITICAL Uncaught Error: Call to a member function get_image_id() on null in D:\programming\OpenServer\domains\severinsixa\wp-content\themes\severinsixa\templates\ProductDetailExcellence.php:88
Stack trace:
#0 D:\programming\OpenServer\domains\severinsixa\wp-content\plugins\advanced-custom-fields-pro\pro\blocks.php(424): BlogSectionProductDetailExcellence->render()
#1 D:\programming\OpenServer\domains\severinsixa\wp-content\plugins\advanced-custom-fields-pro\pro\blocks.php(367): acf_render_block()
#2 D:\programming\OpenServer\domains\severinsixa\wp-content\plugins\advanced-custom-fields-pro\pro\blocks.php(328): acf_rendered_block()
#3 D:\programming\OpenServer\domains\severinsixa\wp-includes\class-wp-block.php(255): acf_render_block_callback()
#4 D:\programming\OpenServer\domains\severinsixa\wp-includes\blocks.php(883): WP_Block->render()
#5 D:\programming\OpenServer\domains\severinsixa\wp-includes\blocks.php(921): render_block()
#6 D:\programming\OpenServer\domains\severinsixa\wp-includes\class-wp-hook.php(307): do_blocks()
#7 D:\programming\OpenServer\domains\severinsixa\wp-includes\plugin.php(189): WP_Hook->apply_filters()
#8 D:\programming\OpenServer\domains\severinsixa\wp-includes\rest-api\endpoints\class-wp-rest-revisions-controller.php(606): apply_filters()
#9 D:\programming\OpenServer\domains\severinsixa\wp-includes\rest-api\endpoints\class-wp-rest-autosaves-controller.php(408): WP_REST_Revisions_Controller->prepare_item_for_response()
#10 D:\programming\OpenServer\domains\severinsixa\wp-includes\rest-api\endpoints\class-wp-rest-autosaves-controller.php(239): WP_REST_Autosaves_Controller->prepare_item_for_response()
#11 D:\programming\OpenServer\domains\severinsixa\wp-includes\rest-api\class-wp-rest-server.php(1141): WP_REST_Autosaves_Controller->create_item()
#12 D:\programming\OpenServer\domains\severinsixa\wp-includes\rest-api\class-wp-rest-server.php(988): WP_REST_Server->respond_to_request()
#13 D:\programming\OpenServer\domains\severinsixa\wp-includes\rest-api\class-wp-rest-server.php(414): WP_REST_Server->dispatch()
#14 D:\programming\OpenServer\domains\severinsixa\wp-includes\rest-api.php(386): WP_REST_Server->serve_request()
#15 D:\programming\OpenServer\domains\severinsixa\wp-includes\class-wp-hook.php(307): rest_api_loaded()
#16 D:\programming\OpenServer\domains\severinsixa\wp-includes\class-wp-hook.php(331): WP_Hook->apply_filters()
#17 D:\programming\OpenServer\domains\severinsixa\wp-includes\plugin.php(522): WP_Hook->do_action()
#18 D:\programming\OpenServer\domains\severinsixa\wp-includes\class-wp.php(396): do_action_ref_array()
#19 D:\programming\OpenServer\domains\severinsixa\wp-includes\class-wp.php(758): WP->parse_request()
#20 D:\programming\OpenServer\domains\severinsixa\wp-includes\functions.php(1310): WP->main()
#21 D:\programming\OpenServer\domains\severinsixa\wp-blog-header.php(16): wp()
#22 D:\programming\OpenServer\domains\severinsixa\index.php(17): require('D:\\programming\\...')
#23 {main}
  thrown in D:\programming\OpenServer\domains\severinsixa\wp-content\themes\severinsixa\templates\ProductDetailExcellence.php on line 88

2022-05-19T10:17:35+00:00 CRITICAL Uncaught Error: Call to a member function get_image_id() on null in D:\programming\OpenServer\domains\severinsixa\wp-content\themes\severinsixa\templates\ProductDetailExcellence.php:88
Stack trace:
#0 D:\programming\OpenServer\domains\severinsixa\wp-content\plugins\advanced-custom-fields-pro\pro\blocks.php(424): BlogSectionProductDetailExcellence->render()
#1 D:\programming\OpenServer\domains\severinsixa\wp-content\plugins\advanced-custom-fields-pro\pro\blocks.php(367): acf_render_block()
#2 D:\programming\OpenServer\domains\severinsixa\wp-content\plugins\advanced-custom-fields-pro\pro\blocks.php(328): acf_rendered_block()
#3 D:\programming\OpenServer\domains\severinsixa\wp-includes\class-wp-block.php(255): acf_render_block_callback()
#4 D:\programming\OpenServer\domains\severinsixa\wp-includes\blocks.php(883): WP_Block->render()
#5 D:\programming\OpenServer\domains\severinsixa\wp-includes\blocks.php(921): render_block()
#6 D:\programming\OpenServer\domains\severinsixa\wp-includes\class-wp-hook.php(307): do_blocks()
#7 D:\programming\OpenServer\domains\severinsixa\wp-includes\plugin.php(189): WP_Hook->apply_filters()
#8 D:\programming\OpenServer\domains\severinsixa\wp-includes\rest-api\endpoints\class-wp-rest-revisions-controller.php(606): apply_filters()
#9 D:\programming\OpenServer\domains\severinsixa\wp-includes\rest-api\endpoints\class-wp-rest-autosaves-controller.php(408): WP_REST_Revisions_Controller->prepare_item_for_response()
#10 D:\programming\OpenServer\domains\severinsixa\wp-includes\rest-api\endpoints\class-wp-rest-autosaves-controller.php(239): WP_REST_Autosaves_Controller->prepare_item_for_response()
#11 D:\programming\OpenServer\domains\severinsixa\wp-includes\rest-api\class-wp-rest-server.php(1141): WP_REST_Autosaves_Controller->create_item()
#12 D:\programming\OpenServer\domains\severinsixa\wp-includes\rest-api\class-wp-rest-server.php(988): WP_REST_Server->respond_to_request()
#13 D:\programming\OpenServer\domains\severinsixa\wp-includes\rest-api\class-wp-rest-server.php(414): WP_REST_Server->dispatch()
#14 D:\programming\OpenServer\domains\severinsixa\wp-includes\rest-api.php(386): WP_REST_Server->serve_request()
#15 D:\programming\OpenServer\domains\severinsixa\wp-includes\class-wp-hook.php(307): rest_api_loaded()
#16 D:\programming\OpenServer\domains\severinsixa\wp-includes\class-wp-hook.php(331): WP_Hook->apply_filters()
#17 D:\programming\OpenServer\domains\severinsixa\wp-includes\plugin.php(522): WP_Hook->do_action()
#18 D:\programming\OpenServer\domains\severinsixa\wp-includes\class-wp.php(396): do_action_ref_array()
#19 D:\programming\OpenServer\domains\severinsixa\wp-includes\class-wp.php(758): WP->parse_request()
#20 D:\programming\OpenServer\domains\severinsixa\wp-includes\functions.php(1310): WP->main()
#21 D:\programming\OpenServer\domains\severinsixa\wp-blog-header.php(16): wp()
#22 D:\programming\OpenServer\domains\severinsixa\index.php(17): require('D:\\programming\\...')
#23 {main}
  thrown in D:\programming\OpenServer\domains\severinsixa\wp-content\themes\severinsixa\templates\ProductDetailExcellence.php on line 88

2022-05-19T10:18:34+00:00 CRITICAL Uncaught Error: Call to a member function get_image_id() on null in D:\programming\OpenServer\domains\severinsixa\wp-content\themes\severinsixa\templates\ProductDetailExcellence.php:88
Stack trace:
#0 D:\programming\OpenServer\domains\severinsixa\wp-content\plugins\advanced-custom-fields-pro\pro\blocks.php(424): BlogSectionProductDetailExcellence->render()
#1 D:\programming\OpenServer\domains\severinsixa\wp-content\plugins\advanced-custom-fields-pro\pro\blocks.php(367): acf_render_block()
#2 D:\programming\OpenServer\domains\severinsixa\wp-content\plugins\advanced-custom-fields-pro\pro\blocks.php(328): acf_rendered_block()
#3 D:\programming\OpenServer\domains\severinsixa\wp-includes\class-wp-block.php(255): acf_render_block_callback()
#4 D:\programming\OpenServer\domains\severinsixa\wp-includes\blocks.php(883): WP_Block->render()
#5 D:\programming\OpenServer\domains\severinsixa\wp-includes\blocks.php(921): render_block()
#6 D:\programming\OpenServer\domains\severinsixa\wp-includes\class-wp-hook.php(307): do_blocks()
#7 D:\programming\OpenServer\domains\severinsixa\wp-includes\plugin.php(189): WP_Hook->apply_filters()
#8 D:\programming\OpenServer\domains\severinsixa\wp-includes\rest-api\endpoints\class-wp-rest-revisions-controller.php(606): apply_filters()
#9 D:\programming\OpenServer\domains\severinsixa\wp-includes\rest-api\endpoints\class-wp-rest-autosaves-controller.php(408): WP_REST_Revisions_Controller->prepare_item_for_response()
#10 D:\programming\OpenServer\domains\severinsixa\wp-includes\rest-api\endpoints\class-wp-rest-autosaves-controller.php(239): WP_REST_Autosaves_Controller->prepare_item_for_response()
#11 D:\programming\OpenServer\domains\severinsixa\wp-includes\rest-api\class-wp-rest-server.php(1141): WP_REST_Autosaves_Controller->create_item()
#12 D:\programming\OpenServer\domains\severinsixa\wp-includes\rest-api\class-wp-rest-server.php(988): WP_REST_Server->respond_to_request()
#13 D:\programming\OpenServer\domains\severinsixa\wp-includes\rest-api\class-wp-rest-server.php(414): WP_REST_Server->dispatch()
#14 D:\programming\OpenServer\domains\severinsixa\wp-includes\rest-api.php(386): WP_REST_Server->serve_request()
#15 D:\programming\OpenServer\domains\severinsixa\wp-includes\class-wp-hook.php(307): rest_api_loaded()
#16 D:\programming\OpenServer\domains\severinsixa\wp-includes\class-wp-hook.php(331): WP_Hook->apply_filters()
#17 D:\programming\OpenServer\domains\severinsixa\wp-includes\plugin.php(522): WP_Hook->do_action()
#18 D:\programming\OpenServer\domains\severinsixa\wp-includes\class-wp.php(396): do_action_ref_array()
#19 D:\programming\OpenServer\domains\severinsixa\wp-includes\class-wp.php(758): WP->parse_request()
#20 D:\programming\OpenServer\domains\severinsixa\wp-includes\functions.php(1310): WP->main()
#21 D:\programming\OpenServer\domains\severinsixa\wp-blog-header.php(16): wp()
#22 D:\programming\OpenServer\domains\severinsixa\index.php(17): require('D:\\programming\\...')
#23 {main}
  thrown in D:\programming\OpenServer\domains\severinsixa\wp-content\themes\severinsixa\templates\ProductDetailExcellence.php on line 88

2022-05-19T10:19:34+00:00 CRITICAL Uncaught Error: Call to a member function get_image_id() on null in D:\programming\OpenServer\domains\severinsixa\wp-content\themes\severinsixa\templates\ProductDetailExcellence.php:88
Stack trace:
#0 D:\programming\OpenServer\domains\severinsixa\wp-content\plugins\advanced-custom-fields-pro\pro\blocks.php(424): BlogSectionProductDetailExcellence->render()
#1 D:\programming\OpenServer\domains\severinsixa\wp-content\plugins\advanced-custom-fields-pro\pro\blocks.php(367): acf_render_block()
#2 D:\programming\OpenServer\domains\severinsixa\wp-content\plugins\advanced-custom-fields-pro\pro\blocks.php(328): acf_rendered_block()
#3 D:\programming\OpenServer\domains\severinsixa\wp-includes\class-wp-block.php(255): acf_render_block_callback()
#4 D:\programming\OpenServer\domains\severinsixa\wp-includes\blocks.php(883): WP_Block->render()
#5 D:\programming\OpenServer\domains\severinsixa\wp-includes\blocks.php(921): render_block()
#6 D:\programming\OpenServer\domains\severinsixa\wp-includes\class-wp-hook.php(307): do_blocks()
#7 D:\programming\OpenServer\domains\severinsixa\wp-includes\plugin.php(189): WP_Hook->apply_filters()
#8 D:\programming\OpenServer\domains\severinsixa\wp-includes\rest-api\endpoints\class-wp-rest-revisions-controller.php(606): apply_filters()
#9 D:\programming\OpenServer\domains\severinsixa\wp-includes\rest-api\endpoints\class-wp-rest-autosaves-controller.php(408): WP_REST_Revisions_Controller->prepare_item_for_response()
#10 D:\programming\OpenServer\domains\severinsixa\wp-includes\rest-api\endpoints\class-wp-rest-autosaves-controller.php(239): WP_REST_Autosaves_Controller->prepare_item_for_response()
#11 D:\programming\OpenServer\domains\severinsixa\wp-includes\rest-api\class-wp-rest-server.php(1141): WP_REST_Autosaves_Controller->create_item()
#12 D:\programming\OpenServer\domains\severinsixa\wp-includes\rest-api\class-wp-rest-server.php(988): WP_REST_Server->respond_to_request()
#13 D:\programming\OpenServer\domains\severinsixa\wp-includes\rest-api\class-wp-rest-server.php(414): WP_REST_Server->dispatch()
#14 D:\programming\OpenServer\domains\severinsixa\wp-includes\rest-api.php(386): WP_REST_Server->serve_request()
#15 D:\programming\OpenServer\domains\severinsixa\wp-includes\class-wp-hook.php(307): rest_api_loaded()
#16 D:\programming\OpenServer\domains\severinsixa\wp-includes\class-wp-hook.php(331): WP_Hook->apply_filters()
#17 D:\programming\OpenServer\domains\severinsixa\wp-includes\plugin.php(522): WP_Hook->do_action()
#18 D:\programming\OpenServer\domains\severinsixa\wp-includes\class-wp.php(396): do_action_ref_array()
#19 D:\programming\OpenServer\domains\severinsixa\wp-includes\class-wp.php(758): WP->parse_request()
#20 D:\programming\OpenServer\domains\severinsixa\wp-includes\functions.php(1310): WP->main()
#21 D:\programming\OpenServer\domains\severinsixa\wp-blog-header.php(16): wp()
#22 D:\programming\OpenServer\domains\severinsixa\index.php(17): require('D:\\programming\\...')
#23 {main}
  thrown in D:\programming\OpenServer\domains\severinsixa\wp-content\themes\severinsixa\templates\ProductDetailExcellence.php on line 88

2022-05-19T10:20:35+00:00 CRITICAL Uncaught Error: Call to a member function get_image_id() on null in D:\programming\OpenServer\domains\severinsixa\wp-content\themes\severinsixa\templates\ProductDetailExcellence.php:88
Stack trace:
#0 D:\programming\OpenServer\domains\severinsixa\wp-content\plugins\advanced-custom-fields-pro\pro\blocks.php(424): BlogSectionProductDetailExcellence->render()
#1 D:\programming\OpenServer\domains\severinsixa\wp-content\plugins\advanced-custom-fields-pro\pro\blocks.php(367): acf_render_block()
#2 D:\programming\OpenServer\domains\severinsixa\wp-content\plugins\advanced-custom-fields-pro\pro\blocks.php(328): acf_rendered_block()
#3 D:\programming\OpenServer\domains\severinsixa\wp-includes\class-wp-block.php(255): acf_render_block_callback()
#4 D:\programming\OpenServer\domains\severinsixa\wp-includes\blocks.php(883): WP_Block->render()
#5 D:\programming\OpenServer\domains\severinsixa\wp-includes\blocks.php(921): render_block()
#6 D:\programming\OpenServer\domains\severinsixa\wp-includes\class-wp-hook.php(307): do_blocks()
#7 D:\programming\OpenServer\domains\severinsixa\wp-includes\plugin.php(189): WP_Hook->apply_filters()
#8 D:\programming\OpenServer\domains\severinsixa\wp-includes\rest-api\endpoints\class-wp-rest-revisions-controller.php(606): apply_filters()
#9 D:\programming\OpenServer\domains\severinsixa\wp-includes\rest-api\endpoints\class-wp-rest-autosaves-controller.php(408): WP_REST_Revisions_Controller->prepare_item_for_response()
#10 D:\programming\OpenServer\domains\severinsixa\wp-includes\rest-api\endpoints\class-wp-rest-autosaves-controller.php(239): WP_REST_Autosaves_Controller->prepare_item_for_response()
#11 D:\programming\OpenServer\domains\severinsixa\wp-includes\rest-api\class-wp-rest-server.php(1141): WP_REST_Autosaves_Controller->create_item()
#12 D:\programming\OpenServer\domains\severinsixa\wp-includes\rest-api\class-wp-rest-server.php(988): WP_REST_Server->respond_to_request()
#13 D:\programming\OpenServer\domains\severinsixa\wp-includes\rest-api\class-wp-rest-server.php(414): WP_REST_Server->dispatch()
#14 D:\programming\OpenServer\domains\severinsixa\wp-includes\rest-api.php(386): WP_REST_Server->serve_request()
#15 D:\programming\OpenServer\domains\severinsixa\wp-includes\class-wp-hook.php(307): rest_api_loaded()
#16 D:\programming\OpenServer\domains\severinsixa\wp-includes\class-wp-hook.php(331): WP_Hook->apply_filters()
#17 D:\programming\OpenServer\domains\severinsixa\wp-includes\plugin.php(522): WP_Hook->do_action()
#18 D:\programming\OpenServer\domains\severinsixa\wp-includes\class-wp.php(396): do_action_ref_array()
#19 D:\programming\OpenServer\domains\severinsixa\wp-includes\class-wp.php(758): WP->parse_request()
#20 D:\programming\OpenServer\domains\severinsixa\wp-includes\functions.php(1310): WP->main()
#21 D:\programming\OpenServer\domains\severinsixa\wp-blog-header.php(16): wp()
#22 D:\programming\OpenServer\domains\severinsixa\index.php(17): require('D:\\programming\\...')
#23 {main}
  thrown in D:\programming\OpenServer\domains\severinsixa\wp-content\themes\severinsixa\templates\ProductDetailExcellence.php on line 88

2022-05-19T10:26:40+00:00 CRITICAL Uncaught Error: Call to a member function get_image_id() on null in D:\programming\OpenServer\domains\severinsixa\wp-content\themes\severinsixa\templates\ProductDetailExcellence.php:88
Stack trace:
#0 D:\programming\OpenServer\domains\severinsixa\wp-content\plugins\advanced-custom-fields-pro\pro\blocks.php(424): BlogSectionProductDetailExcellence->render()
#1 D:\programming\OpenServer\domains\severinsixa\wp-content\plugins\advanced-custom-fields-pro\pro\blocks.php(367): acf_render_block()
#2 D:\programming\OpenServer\domains\severinsixa\wp-content\plugins\advanced-custom-fields-pro\pro\blocks.php(328): acf_rendered_block()
#3 D:\programming\OpenServer\domains\severinsixa\wp-includes\class-wp-block.php(255): acf_render_block_callback()
#4 D:\programming\OpenServer\domains\severinsixa\wp-includes\blocks.php(883): WP_Block->render()
#5 D:\programming\OpenServer\domains\severinsixa\wp-includes\blocks.php(921): render_block()
#6 D:\programming\OpenServer\domains\severinsixa\wp-includes\class-wp-hook.php(307): do_blocks()
#7 D:\programming\OpenServer\domains\severinsixa\wp-includes\plugin.php(189): WP_Hook->apply_filters()
#8 D:\programming\OpenServer\domains\severinsixa\wp-includes\rest-api\endpoints\class-wp-rest-revisions-controller.php(606): apply_filters()
#9 D:\programming\OpenServer\domains\severinsixa\wp-includes\rest-api\endpoints\class-wp-rest-autosaves-controller.php(408): WP_REST_Revisions_Controller->prepare_item_for_response()
#10 D:\programming\OpenServer\domains\severinsixa\wp-includes\rest-api\endpoints\class-wp-rest-autosaves-controller.php(239): WP_REST_Autosaves_Controller->prepare_item_for_response()
#11 D:\programming\OpenServer\domains\severinsixa\wp-includes\rest-api\class-wp-rest-server.php(1141): WP_REST_Autosaves_Controller->create_item()
#12 D:\programming\OpenServer\domains\severinsixa\wp-includes\rest-api\class-wp-rest-server.php(988): WP_REST_Server->respond_to_request()
#13 D:\programming\OpenServer\domains\severinsixa\wp-includes\rest-api\class-wp-rest-server.php(414): WP_REST_Server->dispatch()
#14 D:\programming\OpenServer\domains\severinsixa\wp-includes\rest-api.php(386): WP_REST_Server->serve_request()
#15 D:\programming\OpenServer\domains\severinsixa\wp-includes\class-wp-hook.php(307): rest_api_loaded()
#16 D:\programming\OpenServer\domains\severinsixa\wp-includes\class-wp-hook.php(331): WP_Hook->apply_filters()
#17 D:\programming\OpenServer\domains\severinsixa\wp-includes\plugin.php(522): WP_Hook->do_action()
#18 D:\programming\OpenServer\domains\severinsixa\wp-includes\class-wp.php(396): do_action_ref_array()
#19 D:\programming\OpenServer\domains\severinsixa\wp-includes\class-wp.php(758): WP->parse_request()
#20 D:\programming\OpenServer\domains\severinsixa\wp-includes\functions.php(1310): WP->main()
#21 D:\programming\OpenServer\domains\severinsixa\wp-blog-header.php(16): wp()
#22 D:\programming\OpenServer\domains\severinsixa\index.php(17): require('D:\\programming\\...')
#23 {main}
  thrown in D:\programming\OpenServer\domains\severinsixa\wp-content\themes\severinsixa\templates\ProductDetailExcellence.php on line 88

2022-05-19T10:31:39+00:00 CRITICAL Uncaught Error: Call to a member function get_image_id() on null in D:\programming\OpenServer\domains\severinsixa\wp-content\themes\severinsixa\templates\ProductDetailExcellence.php:88
Stack trace:
#0 D:\programming\OpenServer\domains\severinsixa\wp-content\plugins\advanced-custom-fields-pro\pro\blocks.php(424): BlogSectionProductDetailExcellence->render()
#1 D:\programming\OpenServer\domains\severinsixa\wp-content\plugins\advanced-custom-fields-pro\pro\blocks.php(367): acf_render_block()
#2 D:\programming\OpenServer\domains\severinsixa\wp-content\plugins\advanced-custom-fields-pro\pro\blocks.php(328): acf_rendered_block()
#3 D:\programming\OpenServer\domains\severinsixa\wp-includes\class-wp-block.php(255): acf_render_block_callback()
#4 D:\programming\OpenServer\domains\severinsixa\wp-includes\blocks.php(883): WP_Block->render()
#5 D:\programming\OpenServer\domains\severinsixa\wp-includes\blocks.php(921): render_block()
#6 D:\programming\OpenServer\domains\severinsixa\wp-includes\class-wp-hook.php(307): do_blocks()
#7 D:\programming\OpenServer\domains\severinsixa\wp-includes\plugin.php(189): WP_Hook->apply_filters()
#8 D:\programming\OpenServer\domains\severinsixa\wp-includes\rest-api\endpoints\class-wp-rest-revisions-controller.php(606): apply_filters()
#9 D:\programming\OpenServer\domains\severinsixa\wp-includes\rest-api\endpoints\class-wp-rest-autosaves-controller.php(408): WP_REST_Revisions_Controller->prepare_item_for_response()
#10 D:\programming\OpenServer\domains\severinsixa\wp-includes\rest-api\endpoints\class-wp-rest-autosaves-controller.php(239): WP_REST_Autosaves_Controller->prepare_item_for_response()
#11 D:\programming\OpenServer\domains\severinsixa\wp-includes\rest-api\class-wp-rest-server.php(1141): WP_REST_Autosaves_Controller->create_item()
#12 D:\programming\OpenServer\domains\severinsixa\wp-includes\rest-api\class-wp-rest-server.php(988): WP_REST_Server->respond_to_request()
#13 D:\programming\OpenServer\domains\severinsixa\wp-includes\rest-api\class-wp-rest-server.php(414): WP_REST_Server->dispatch()
#14 D:\programming\OpenServer\domains\severinsixa\wp-includes\rest-api.php(386): WP_REST_Server->serve_request()
#15 D:\programming\OpenServer\domains\severinsixa\wp-includes\class-wp-hook.php(307): rest_api_loaded()
#16 D:\programming\OpenServer\domains\severinsixa\wp-includes\class-wp-hook.php(331): WP_Hook->apply_filters()
#17 D:\programming\OpenServer\domains\severinsixa\wp-includes\plugin.php(522): WP_Hook->do_action()
#18 D:\programming\OpenServer\domains\severinsixa\wp-includes\class-wp.php(396): do_action_ref_array()
#19 D:\programming\OpenServer\domains\severinsixa\wp-includes\class-wp.php(758): WP->parse_request()
#20 D:\programming\OpenServer\domains\severinsixa\wp-includes\functions.php(1310): WP->main()
#21 D:\programming\OpenServer\domains\severinsixa\wp-blog-header.php(16): wp()
#22 D:\programming\OpenServer\domains\severinsixa\index.php(17): require('D:\\programming\\...')
#23 {main}
  thrown in D:\programming\OpenServer\domains\severinsixa\wp-content\themes\severinsixa\templates\ProductDetailExcellence.php on line 88

2022-05-19T14:57:18+00:00 CRITICAL Uncaught Error: Call to a member function get_image_id() on null in D:\programming\OpenServer\domains\severinsixa\wp-content\themes\severinsixa\templates\ProductDetailExcellence.php:88
Stack trace:
#0 D:\programming\OpenServer\domains\severinsixa\wp-content\plugins\advanced-custom-fields-pro\pro\blocks.php(424): BlogSectionProductDetailExcellence->render()
#1 D:\programming\OpenServer\domains\severinsixa\wp-content\plugins\advanced-custom-fields-pro\pro\blocks.php(367): acf_render_block()
#2 D:\programming\OpenServer\domains\severinsixa\wp-content\plugins\advanced-custom-fields-pro\pro\blocks.php(328): acf_rendered_block()
#3 D:\programming\OpenServer\domains\severinsixa\wp-includes\class-wp-block.php(255): acf_render_block_callback()
#4 D:\programming\OpenServer\domains\severinsixa\wp-includes\blocks.php(883): WP_Block->render()
#5 D:\programming\OpenServer\domains\severinsixa\wp-includes\blocks.php(921): render_block()
#6 D:\programming\OpenServer\domains\severinsixa\wp-includes\class-wp-hook.php(307): do_blocks()
#7 D:\programming\OpenServer\domains\severinsixa\wp-includes\plugin.php(189): WP_Hook->apply_filters()
#8 D:\programming\OpenServer\domains\severinsixa\wp-content\plugins\woocommerce\includes\wc-formatting-functions.php(1091): apply_filters()
#9 D:\programming\OpenServer\domains\severinsixa\wp-content\plugins\woocommerce\packages\woocommerce-blocks\src\StoreApi\Schemas\V1\CartItemSchema.php(345): wc_format_content()
#10 [internal function]: Automattic\WooCommerce\StoreApi\Schemas\V1\CartItemSchema->get_item_response()
#11 D:\programming\OpenServer\domains\severinsixa\wp-content\plugins\woocommerce\packages\woocommerce-blocks\src\StoreApi\Schemas\V1\AbstractSchema.php(261): array_map()
#12 D:\programming\OpenServer\domains\severinsixa\wp-content\plugins\woocommerce\packages\woocommerce-blocks\src\StoreApi\Schemas\V1\CartSchema.php(331): Automattic\WooCommerce\StoreApi\Schemas\V1\AbstractSchema->get_item_responses_from_schema()
#13 D:\programming\OpenServer\domains\severinsixa\wp-content\plugins\woocommerce\packages\woocommerce-blocks\src\StoreApi\Routes\V1\Cart.php(50): Automattic\WooCommerce\StoreApi\Schemas\V1\CartSchema->get_item_response()
#14 D:\programming\OpenServer\domains\severinsixa\wp-content\plugins\woocommerce\packages\woocommerce-blocks\src\StoreApi\Routes\V1\AbstractRoute.php(109): Automattic\WooCommerce\StoreApi\Routes\V1\Cart->get_route_response()
#15 D:\programming\OpenServer\domains\severinsixa\wp-content\plugins\woocommerce\packages\woocommerce-blocks\src\StoreApi\Routes\V1\AbstractCartRoute.php(80): Automattic\WooCommerce\StoreApi\Routes\V1\AbstractRoute->get_response()
#16 D:\programming\OpenServer\domains\severinsixa\wp-includes\rest-api\class-wp-rest-server.php(1141): Automattic\WooCommerce\StoreApi\Routes\V1\AbstractCartRoute->get_response()
#17 D:\programming\OpenServer\domains\severinsixa\wp-includes\rest-api\class-wp-rest-server.php(988): WP_REST_Server->respond_to_request()
#18 D:\programming\OpenServer\domains\severinsixa\wp-includes\rest-api.php(511): WP_REST_Server->dispatch()
#19 D:\programming\OpenServer\domains\severinsixa\wp-includes\rest-api.php(2860): rest_do_request()
#20 D:\programming\OpenServer\domains\severinsixa\wp-content\plugins\woocommerce\packages\woocommerce-blocks\src\Assets\AssetDataRegistry.php(317): rest_preload_api_request()
#21 D:\programming\OpenServer\domains\severinsixa\wp-content\plugins\woocommerce\packages\woocommerce-blocks\src\BlockTypes\AllProducts.php(37): Automattic\WooCommerce\Blocks\Assets\AssetDataRegistry->hydrate_api_request()
#22 D:\programming\OpenServer\domains\severinsixa\wp-content\plugins\woocommerce\packages\woocommerce-blocks\src\BlockTypes\AllProducts.php(30): Automattic\WooCommerce\Blocks\BlockTypes\AllProducts->hydrate_from_api()
#23 D:\programming\OpenServer\domains\severinsixa\wp-content\plugins\woocommerce\packages\woocommerce-blocks\src\BlockTypes\AbstractBlock.php(98): Automattic\WooCommerce\Blocks\BlockTypes\AllProducts->enqueue_data()
#24 D:\programming\OpenServer\domains\severinsixa\wp-includes\class-wp-hook.php(307): Automattic\WooCommerce\Blocks\BlockTypes\AbstractBlock->enqueue_editor_assets()
#25 D:\programming\OpenServer\domains\severinsixa\wp-includes\class-wp-hook.php(331): WP_Hook->apply_filters()
#26 D:\programming\OpenServer\domains\severinsixa\wp-includes\plugin.php(474): WP_Hook->do_action()
#27 D:\programming\OpenServer\domains\severinsixa\wp-admin\edit-form-blocks.php(265): do_action()
#28 D:\programming\OpenServer\domains\severinsixa\wp-admin\post.php(187): require('D:\\programming\\...')
#29 {main}
  thrown in D:\programming\OpenServer\domains\severinsixa\wp-content\themes\severinsixa\templates\ProductDetailExcellence.php on line 88

2022-05-19T14:59:31+00:00 CRITICAL Uncaught Error: Call to a member function get_image_id() on null in D:\programming\OpenServer\domains\severinsixa\wp-content\themes\severinsixa\templates\ProductDetailExcellence.php:88
Stack trace:
#0 D:\programming\OpenServer\domains\severinsixa\wp-content\plugins\advanced-custom-fields-pro\pro\blocks.php(424): BlogSectionProductDetailExcellence->render()
#1 D:\programming\OpenServer\domains\severinsixa\wp-content\plugins\advanced-custom-fields-pro\pro\blocks.php(367): acf_render_block()
#2 D:\programming\OpenServer\domains\severinsixa\wp-content\plugins\advanced-custom-fields-pro\pro\blocks.php(328): acf_rendered_block()
#3 D:\programming\OpenServer\domains\severinsixa\wp-includes\class-wp-block.php(255): acf_render_block_callback()
#4 D:\programming\OpenServer\domains\severinsixa\wp-includes\blocks.php(883): WP_Block->render()
#5 D:\programming\OpenServer\domains\severinsixa\wp-includes\blocks.php(921): render_block()
#6 D:\programming\OpenServer\domains\severinsixa\wp-includes\class-wp-hook.php(307): do_blocks()
#7 D:\programming\OpenServer\domains\severinsixa\wp-includes\plugin.php(189): WP_Hook->apply_filters()
#8 D:\programming\OpenServer\domains\severinsixa\wp-content\plugins\woocommerce\includes\wc-formatting-functions.php(1091): apply_filters()
#9 D:\programming\OpenServer\domains\severinsixa\wp-content\plugins\woocommerce\packages\woocommerce-blocks\src\StoreApi\Schemas\V1\CartItemSchema.php(345): wc_format_content()
#10 [internal function]: Automattic\WooCommerce\StoreApi\Schemas\V1\CartItemSchema->get_item_response()
#11 D:\programming\OpenServer\domains\severinsixa\wp-content\plugins\woocommerce\packages\woocommerce-blocks\src\StoreApi\Schemas\V1\AbstractSchema.php(261): array_map()
#12 D:\programming\OpenServer\domains\severinsixa\wp-content\plugins\woocommerce\packages\woocommerce-blocks\src\StoreApi\Schemas\V1\CartSchema.php(331): Automattic\WooCommerce\StoreApi\Schemas\V1\AbstractSchema->get_item_responses_from_schema()
#13 D:\programming\OpenServer\domains\severinsixa\wp-content\plugins\woocommerce\packages\woocommerce-blocks\src\StoreApi\Routes\V1\Cart.php(50): Automattic\WooCommerce\StoreApi\Schemas\V1\CartSchema->get_item_response()
#14 D:\programming\OpenServer\domains\severinsixa\wp-content\plugins\woocommerce\packages\woocommerce-blocks\src\StoreApi\Routes\V1\AbstractRoute.php(109): Automattic\WooCommerce\StoreApi\Routes\V1\Cart->get_route_response()
#15 D:\programming\OpenServer\domains\severinsixa\wp-content\plugins\woocommerce\packages\woocommerce-blocks\src\StoreApi\Routes\V1\AbstractCartRoute.php(80): Automattic\WooCommerce\StoreApi\Routes\V1\AbstractRoute->get_response()
#16 D:\programming\OpenServer\domains\severinsixa\wp-includes\rest-api\class-wp-rest-server.php(1141): Automattic\WooCommerce\StoreApi\Routes\V1\AbstractCartRoute->get_response()
#17 D:\programming\OpenServer\domains\severinsixa\wp-includes\rest-api\class-wp-rest-server.php(988): WP_REST_Server->respond_to_request()
#18 D:\programming\OpenServer\domains\severinsixa\wp-includes\rest-api.php(511): WP_REST_Server->dispatch()
#19 D:\programming\OpenServer\domains\severinsixa\wp-includes\rest-api.php(2860): rest_do_request()
#20 D:\programming\OpenServer\domains\severinsixa\wp-content\plugins\woocommerce\packages\woocommerce-blocks\src\Assets\AssetDataRegistry.php(317): rest_preload_api_request()
#21 D:\programming\OpenServer\domains\severinsixa\wp-content\plugins\woocommerce\packages\woocommerce-blocks\src\BlockTypes\AllProducts.php(37): Automattic\WooCommerce\Blocks\Assets\AssetDataRegistry->hydrate_api_request()
#22 D:\programming\OpenServer\domains\severinsixa\wp-content\plugins\woocommerce\packages\woocommerce-blocks\src\BlockTypes\AllProducts.php(30): Automattic\WooCommerce\Blocks\BlockTypes\AllProducts->hydrate_from_api()
#23 D:\programming\OpenServer\domains\severinsixa\wp-content\plugins\woocommerce\packages\woocommerce-blocks\src\BlockTypes\AbstractBlock.php(98): Automattic\WooCommerce\Blocks\BlockTypes\AllProducts->enqueue_data()
#24 D:\programming\OpenServer\domains\severinsixa\wp-includes\class-wp-hook.php(307): Automattic\WooCommerce\Blocks\BlockTypes\AbstractBlock->enqueue_editor_assets()
#25 D:\programming\OpenServer\domains\severinsixa\wp-includes\class-wp-hook.php(331): WP_Hook->apply_filters()
#26 D:\programming\OpenServer\domains\severinsixa\wp-includes\plugin.php(474): WP_Hook->do_action()
#27 D:\programming\OpenServer\domains\severinsixa\wp-admin\edit-form-blocks.php(265): do_action()
#28 D:\programming\OpenServer\domains\severinsixa\wp-admin\post-new.php(72): require('D:\\programming\\...')
#29 {main}
  thrown in D:\programming\OpenServer\domains\severinsixa\wp-content\themes\severinsixa\templates\ProductDetailExcellence.php on line 88

2022-05-19T15:00:05+00:00 CRITICAL Uncaught Error: Call to a member function get_image_id() on null in D:\programming\OpenServer\domains\severinsixa\wp-content\themes\severinsixa\templates\ProductDetailExcellence.php:88
Stack trace:
#0 D:\programming\OpenServer\domains\severinsixa\wp-content\plugins\advanced-custom-fields-pro\pro\blocks.php(424): BlogSectionProductDetailExcellence->render()
#1 D:\programming\OpenServer\domains\severinsixa\wp-content\plugins\advanced-custom-fields-pro\pro\blocks.php(367): acf_render_block()
#2 D:\programming\OpenServer\domains\severinsixa\wp-content\plugins\advanced-custom-fields-pro\pro\blocks.php(328): acf_rendered_block()
#3 D:\programming\OpenServer\domains\severinsixa\wp-includes\class-wp-block.php(255): acf_render_block_callback()
#4 D:\programming\OpenServer\domains\severinsixa\wp-includes\blocks.php(883): WP_Block->render()
#5 D:\programming\OpenServer\domains\severinsixa\wp-includes\blocks.php(921): render_block()
#6 D:\programming\OpenServer\domains\severinsixa\wp-includes\class-wp-hook.php(307): do_blocks()
#7 D:\programming\OpenServer\domains\severinsixa\wp-includes\plugin.php(189): WP_Hook->apply_filters()
#8 D:\programming\OpenServer\domains\severinsixa\wp-content\plugins\woocommerce\includes\wc-formatting-functions.php(1091): apply_filters()
#9 D:\programming\OpenServer\domains\severinsixa\wp-content\plugins\woocommerce\packages\woocommerce-blocks\src\StoreApi\Schemas\V1\CartItemSchema.php(345): wc_format_content()
#10 [internal function]: Automattic\WooCommerce\StoreApi\Schemas\V1\CartItemSchema->get_item_response()
#11 D:\programming\OpenServer\domains\severinsixa\wp-content\plugins\woocommerce\packages\woocommerce-blocks\src\StoreApi\Schemas\V1\AbstractSchema.php(261): array_map()
#12 D:\programming\OpenServer\domains\severinsixa\wp-content\plugins\woocommerce\packages\woocommerce-blocks\src\StoreApi\Schemas\V1\CartSchema.php(331): Automattic\WooCommerce\StoreApi\Schemas\V1\AbstractSchema->get_item_responses_from_schema()
#13 D:\programming\OpenServer\domains\severinsixa\wp-content\plugins\woocommerce\packages\woocommerce-blocks\src\StoreApi\Routes\V1\Cart.php(50): Automattic\WooCommerce\StoreApi\Schemas\V1\CartSchema->get_item_response()
#14 D:\programming\OpenServer\domains\severinsixa\wp-content\plugins\woocommerce\packages\woocommerce-blocks\src\StoreApi\Routes\V1\AbstractRoute.php(109): Automattic\WooCommerce\StoreApi\Routes\V1\Cart->get_route_response()
#15 D:\programming\OpenServer\domains\severinsixa\wp-content\plugins\woocommerce\packages\woocommerce-blocks\src\StoreApi\Routes\V1\AbstractCartRoute.php(80): Automattic\WooCommerce\StoreApi\Routes\V1\AbstractRoute->get_response()
#16 D:\programming\OpenServer\domains\severinsixa\wp-includes\rest-api\class-wp-rest-server.php(1141): Automattic\WooCommerce\StoreApi\Routes\V1\AbstractCartRoute->get_response()
#17 D:\programming\OpenServer\domains\severinsixa\wp-includes\rest-api\class-wp-rest-server.php(988): WP_REST_Server->respond_to_request()
#18 D:\programming\OpenServer\domains\severinsixa\wp-includes\rest-api.php(511): WP_REST_Server->dispatch()
#19 D:\programming\OpenServer\domains\severinsixa\wp-includes\rest-api.php(2860): rest_do_request()
#20 D:\programming\OpenServer\domains\severinsixa\wp-content\plugins\woocommerce\packages\woocommerce-blocks\src\Assets\AssetDataRegistry.php(317): rest_preload_api_request()
#21 D:\programming\OpenServer\domains\severinsixa\wp-content\plugins\woocommerce\packages\woocommerce-blocks\src\BlockTypes\AllProducts.php(37): Automattic\WooCommerce\Blocks\Assets\AssetDataRegistry->hydrate_api_request()
#22 D:\programming\OpenServer\domains\severinsixa\wp-content\plugins\woocommerce\packages\woocommerce-blocks\src\BlockTypes\AllProducts.php(30): Automattic\WooCommerce\Blocks\BlockTypes\AllProducts->hydrate_from_api()
#23 D:\programming\OpenServer\domains\severinsixa\wp-content\plugins\woocommerce\packages\woocommerce-blocks\src\BlockTypes\AbstractBlock.php(98): Automattic\WooCommerce\Blocks\BlockTypes\AllProducts->enqueue_data()
#24 D:\programming\OpenServer\domains\severinsixa\wp-includes\class-wp-hook.php(307): Automattic\WooCommerce\Blocks\BlockTypes\AbstractBlock->enqueue_editor_assets()
#25 D:\programming\OpenServer\domains\severinsixa\wp-includes\class-wp-hook.php(331): WP_Hook->apply_filters()
#26 D:\programming\OpenServer\domains\severinsixa\wp-includes\plugin.php(474): WP_Hook->do_action()
#27 D:\programming\OpenServer\domains\severinsixa\wp-admin\edit-form-blocks.php(265): do_action()
#28 D:\programming\OpenServer\domains\severinsixa\wp-admin\post.php(187): require('D:\\programming\\...')
#29 {main}
  thrown in D:\programming\OpenServer\domains\severinsixa\wp-content\themes\severinsixa\templates\ProductDetailExcellence.php on line 88

2022-05-19T15:01:26+00:00 CRITICAL Uncaught Error: Call to a member function get_image_id() on null in D:\programming\OpenServer\domains\severinsixa\wp-content\themes\severinsixa\templates\ProductDetailExcellence.php:88
Stack trace:
#0 D:\programming\OpenServer\domains\severinsixa\wp-content\plugins\advanced-custom-fields-pro\pro\blocks.php(424): BlogSectionProductDetailExcellence->render()
#1 D:\programming\OpenServer\domains\severinsixa\wp-content\plugins\advanced-custom-fields-pro\pro\blocks.php(367): acf_render_block()
#2 D:\programming\OpenServer\domains\severinsixa\wp-content\plugins\advanced-custom-fields-pro\pro\blocks.php(328): acf_rendered_block()
#3 D:\programming\OpenServer\domains\severinsixa\wp-includes\class-wp-block.php(255): acf_render_block_callback()
#4 D:\programming\OpenServer\domains\severinsixa\wp-includes\blocks.php(883): WP_Block->render()
#5 D:\programming\OpenServer\domains\severinsixa\wp-includes\blocks.php(921): render_block()
#6 D:\programming\OpenServer\domains\severinsixa\wp-includes\class-wp-hook.php(307): do_blocks()
#7 D:\programming\OpenServer\domains\severinsixa\wp-includes\plugin.php(189): WP_Hook->apply_filters()
#8 D:\programming\OpenServer\domains\severinsixa\wp-content\plugins\woocommerce\includes\wc-formatting-functions.php(1091): apply_filters()
#9 D:\programming\OpenServer\domains\severinsixa\wp-content\plugins\woocommerce\packages\woocommerce-blocks\src\StoreApi\Schemas\V1\CartItemSchema.php(345): wc_format_content()
#10 [internal function]: Automattic\WooCommerce\StoreApi\Schemas\V1\CartItemSchema->get_item_response()
#11 D:\programming\OpenServer\domains\severinsixa\wp-content\plugins\woocommerce\packages\woocommerce-blocks\src\StoreApi\Schemas\V1\AbstractSchema.php(261): array_map()
#12 D:\programming\OpenServer\domains\severinsixa\wp-content\plugins\woocommerce\packages\woocommerce-blocks\src\StoreApi\Schemas\V1\CartSchema.php(331): Automattic\WooCommerce\StoreApi\Schemas\V1\AbstractSchema->get_item_responses_from_schema()
#13 D:\programming\OpenServer\domains\severinsixa\wp-content\plugins\woocommerce\packages\woocommerce-blocks\src\StoreApi\Routes\V1\Cart.php(50): Automattic\WooCommerce\StoreApi\Schemas\V1\CartSchema->get_item_response()
#14 D:\programming\OpenServer\domains\severinsixa\wp-content\plugins\woocommerce\packages\woocommerce-blocks\src\StoreApi\Routes\V1\AbstractRoute.php(109): Automattic\WooCommerce\StoreApi\Routes\V1\Cart->get_route_response()
#15 D:\programming\OpenServer\domains\severinsixa\wp-content\plugins\woocommerce\packages\woocommerce-blocks\src\StoreApi\Routes\V1\AbstractCartRoute.php(80): Automattic\WooCommerce\StoreApi\Routes\V1\AbstractRoute->get_response()
#16 D:\programming\OpenServer\domains\severinsixa\wp-includes\rest-api\class-wp-rest-server.php(1141): Automattic\WooCommerce\StoreApi\Routes\V1\AbstractCartRoute->get_response()
#17 D:\programming\OpenServer\domains\severinsixa\wp-includes\rest-api\class-wp-rest-server.php(988): WP_REST_Server->respond_to_request()
#18 D:\programming\OpenServer\domains\severinsixa\wp-includes\rest-api.php(511): WP_REST_Server->dispatch()
#19 D:\programming\OpenServer\domains\severinsixa\wp-includes\rest-api.php(2860): rest_do_request()
#20 D:\programming\OpenServer\domains\severinsixa\wp-content\plugins\woocommerce\packages\woocommerce-blocks\src\Assets\AssetDataRegistry.php(317): rest_preload_api_request()
#21 D:\programming\OpenServer\domains\severinsixa\wp-content\plugins\woocommerce\packages\woocommerce-blocks\src\BlockTypes\AllProducts.php(37): Automattic\WooCommerce\Blocks\Assets\AssetDataRegistry->hydrate_api_request()
#22 D:\programming\OpenServer\domains\severinsixa\wp-content\plugins\woocommerce\packages\woocommerce-blocks\src\BlockTypes\AllProducts.php(30): Automattic\WooCommerce\Blocks\BlockTypes\AllProducts->hydrate_from_api()
#23 D:\programming\OpenServer\domains\severinsixa\wp-content\plugins\woocommerce\packages\woocommerce-blocks\src\BlockTypes\AbstractBlock.php(98): Automattic\WooCommerce\Blocks\BlockTypes\AllProducts->enqueue_data()
#24 D:\programming\OpenServer\domains\severinsixa\wp-includes\class-wp-hook.php(307): Automattic\WooCommerce\Blocks\BlockTypes\AbstractBlock->enqueue_editor_assets()
#25 D:\programming\OpenServer\domains\severinsixa\wp-includes\class-wp-hook.php(331): WP_Hook->apply_filters()
#26 D:\programming\OpenServer\domains\severinsixa\wp-includes\plugin.php(474): WP_Hook->do_action()
#27 D:\programming\OpenServer\domains\severinsixa\wp-admin\edit-form-blocks.php(265): do_action()
#28 D:\programming\OpenServer\domains\severinsixa\wp-admin\post-new.php(72): require('D:\\programming\\...')
#29 {main}
  thrown in D:\programming\OpenServer\domains\severinsixa\wp-content\themes\severinsixa\templates\ProductDetailExcellence.php on line 88

2022-05-19T16:33:29+00:00 CRITICAL Uncaught Error: Call to a member function get_attributes() on null in D:\programming\OpenServer\domains\severinsixa\wp-content\themes\severinsixa\templates\TableBlock.php:57
Stack trace:
#0 D:\programming\OpenServer\domains\severinsixa\wp-content\plugins\advanced-custom-fields-pro\pro\blocks.php(424): BlogSectionTableBlock->render()
#1 D:\programming\OpenServer\domains\severinsixa\wp-content\plugins\advanced-custom-fields-pro\pro\blocks.php(367): acf_render_block()
#2 D:\programming\OpenServer\domains\severinsixa\wp-content\plugins\advanced-custom-fields-pro\pro\blocks.php(328): acf_rendered_block()
#3 D:\programming\OpenServer\domains\severinsixa\wp-includes\class-wp-block.php(255): acf_render_block_callback()
#4 D:\programming\OpenServer\domains\severinsixa\wp-includes\blocks.php(883): WP_Block->render()
#5 D:\programming\OpenServer\domains\severinsixa\wp-includes\blocks.php(921): render_block()
#6 D:\programming\OpenServer\domains\severinsixa\wp-includes\class-wp-hook.php(307): do_blocks()
#7 D:\programming\OpenServer\domains\severinsixa\wp-includes\plugin.php(189): WP_Hook->apply_filters()
#8 D:\programming\OpenServer\domains\severinsixa\wp-content\plugins\woocommerce\includes\wc-formatting-functions.php(1091): apply_filters()
#9 D:\programming\OpenServer\domains\severinsixa\wp-content\plugins\woocommerce\packages\woocommerce-blocks\src\StoreApi\Schemas\V1\CartItemSchema.php(345): wc_format_content()
#10 [internal function]: Automattic\WooCommerce\StoreApi\Schemas\V1\CartItemSchema->get_item_response()
#11 D:\programming\OpenServer\domains\severinsixa\wp-content\plugins\woocommerce\packages\woocommerce-blocks\src\StoreApi\Schemas\V1\AbstractSchema.php(261): array_map()
#12 D:\programming\OpenServer\domains\severinsixa\wp-content\plugins\woocommerce\packages\woocommerce-blocks\src\StoreApi\Schemas\V1\CartSchema.php(331): Automattic\WooCommerce\StoreApi\Schemas\V1\AbstractSchema->get_item_responses_from_schema()
#13 D:\programming\OpenServer\domains\severinsixa\wp-content\plugins\woocommerce\packages\woocommerce-blocks\src\StoreApi\Routes\V1\Cart.php(50): Automattic\WooCommerce\StoreApi\Schemas\V1\CartSchema->get_item_response()
#14 D:\programming\OpenServer\domains\severinsixa\wp-content\plugins\woocommerce\packages\woocommerce-blocks\src\StoreApi\Routes\V1\AbstractRoute.php(109): Automattic\WooCommerce\StoreApi\Routes\V1\Cart->get_route_response()
#15 D:\programming\OpenServer\domains\severinsixa\wp-content\plugins\woocommerce\packages\woocommerce-blocks\src\StoreApi\Routes\V1\AbstractCartRoute.php(80): Automattic\WooCommerce\StoreApi\Routes\V1\AbstractRoute->get_response()
#16 D:\programming\OpenServer\domains\severinsixa\wp-includes\rest-api\class-wp-rest-server.php(1141): Automattic\WooCommerce\StoreApi\Routes\V1\AbstractCartRoute->get_response()
#17 D:\programming\OpenServer\domains\severinsixa\wp-includes\rest-api\class-wp-rest-server.php(988): WP_REST_Server->respond_to_request()
#18 D:\programming\OpenServer\domains\severinsixa\wp-includes\rest-api.php(511): WP_REST_Server->dispatch()
#19 D:\programming\OpenServer\domains\severinsixa\wp-includes\rest-api.php(2860): rest_do_request()
#20 D:\programming\OpenServer\domains\severinsixa\wp-content\plugins\woocommerce\packages\woocommerce-blocks\src\Assets\AssetDataRegistry.php(317): rest_preload_api_request()
#21 D:\programming\OpenServer\domains\severinsixa\wp-content\plugins\woocommerce\packages\woocommerce-blocks\src\BlockTypes\AllProducts.php(37): Automattic\WooCommerce\Blocks\Assets\AssetDataRegistry->hydrate_api_request()
#22 D:\programming\OpenServer\domains\severinsixa\wp-content\plugins\woocommerce\packages\woocommerce-blocks\src\BlockTypes\AllProducts.php(30): Automattic\WooCommerce\Blocks\BlockTypes\AllProducts->hydrate_from_api()
#23 D:\programming\OpenServer\domains\severinsixa\wp-content\plugins\woocommerce\packages\woocommerce-blocks\src\BlockTypes\AbstractBlock.php(98): Automattic\WooCommerce\Blocks\BlockTypes\AllProducts->enqueue_data()
#24 D:\programming\OpenServer\domains\severinsixa\wp-includes\class-wp-hook.php(307): Automattic\WooCommerce\Blocks\BlockTypes\AbstractBlock->enqueue_editor_assets()
#25 D:\programming\OpenServer\domains\severinsixa\wp-includes\class-wp-hook.php(331): WP_Hook->apply_filters()
#26 D:\programming\OpenServer\domains\severinsixa\wp-includes\plugin.php(474): WP_Hook->do_action()
#27 D:\programming\OpenServer\domains\severinsixa\wp-admin\edit-form-blocks.php(265): do_action()
#28 D:\programming\OpenServer\domains\severinsixa\wp-admin\post-new.php(72): require('D:\\programming\\...')
#29 {main}
  thrown in D:\programming\OpenServer\domains\severinsixa\wp-content\themes\severinsixa\templates\TableBlock.php on line 57

2022-05-19T16:37:25+00:00 CRITICAL Uncaught TypeError: count(): Argument #1 ($value) must be of type Countable|array, null given in D:\programming\OpenServer\domains\severinsixa\wp-content\themes\severinsixa\templates\ProductReviewsBlock.php:63
Stack trace:
#0 D:\programming\OpenServer\domains\severinsixa\wp-content\plugins\advanced-custom-fields-pro\pro\blocks.php(424): BlogSectionProductReviewsBlock->render()
#1 D:\programming\OpenServer\domains\severinsixa\wp-content\plugins\advanced-custom-fields-pro\pro\blocks.php(367): acf_render_block()
#2 D:\programming\OpenServer\domains\severinsixa\wp-content\plugins\advanced-custom-fields-pro\pro\blocks.php(328): acf_rendered_block()
#3 D:\programming\OpenServer\domains\severinsixa\wp-includes\class-wp-block.php(255): acf_render_block_callback()
#4 D:\programming\OpenServer\domains\severinsixa\wp-includes\blocks.php(883): WP_Block->render()
#5 D:\programming\OpenServer\domains\severinsixa\wp-includes\blocks.php(921): render_block()
#6 D:\programming\OpenServer\domains\severinsixa\wp-includes\class-wp-hook.php(307): do_blocks()
#7 D:\programming\OpenServer\domains\severinsixa\wp-includes\plugin.php(189): WP_Hook->apply_filters()
#8 D:\programming\OpenServer\domains\severinsixa\wp-content\plugins\woocommerce\includes\wc-formatting-functions.php(1091): apply_filters()
#9 D:\programming\OpenServer\domains\severinsixa\wp-content\plugins\woocommerce\packages\woocommerce-blocks\src\StoreApi\Schemas\V1\CartItemSchema.php(345): wc_format_content()
#10 [internal function]: Automattic\WooCommerce\StoreApi\Schemas\V1\CartItemSchema->get_item_response()
#11 D:\programming\OpenServer\domains\severinsixa\wp-content\plugins\woocommerce\packages\woocommerce-blocks\src\StoreApi\Schemas\V1\AbstractSchema.php(261): array_map()
#12 D:\programming\OpenServer\domains\severinsixa\wp-content\plugins\woocommerce\packages\woocommerce-blocks\src\StoreApi\Schemas\V1\CartSchema.php(331): Automattic\WooCommerce\StoreApi\Schemas\V1\AbstractSchema->get_item_responses_from_schema()
#13 D:\programming\OpenServer\domains\severinsixa\wp-content\plugins\woocommerce\packages\woocommerce-blocks\src\StoreApi\Routes\V1\Cart.php(50): Automattic\WooCommerce\StoreApi\Schemas\V1\CartSchema->get_item_response()
#14 D:\programming\OpenServer\domains\severinsixa\wp-content\plugins\woocommerce\packages\woocommerce-blocks\src\StoreApi\Routes\V1\AbstractRoute.php(109): Automattic\WooCommerce\StoreApi\Routes\V1\Cart->get_route_response()
#15 D:\programming\OpenServer\domains\severinsixa\wp-content\plugins\woocommerce\packages\woocommerce-blocks\src\StoreApi\Routes\V1\AbstractCartRoute.php(80): Automattic\WooCommerce\StoreApi\Routes\V1\AbstractRoute->get_response()
#16 D:\programming\OpenServer\domains\severinsixa\wp-includes\rest-api\class-wp-rest-server.php(1141): Automattic\WooCommerce\StoreApi\Routes\V1\AbstractCartRoute->get_response()
#17 D:\programming\OpenServer\domains\severinsixa\wp-includes\rest-api\class-wp-rest-server.php(988): WP_REST_Server->respond_to_request()
#18 D:\programming\OpenServer\domains\severinsixa\wp-includes\rest-api.php(511): WP_REST_Server->dispatch()
#19 D:\programming\OpenServer\domains\severinsixa\wp-includes\rest-api.php(2860): rest_do_request()
#20 D:\programming\OpenServer\domains\severinsixa\wp-content\plugins\woocommerce\packages\woocommerce-blocks\src\Assets\AssetDataRegistry.php(317): rest_preload_api_request()
#21 D:\programming\OpenServer\domains\severinsixa\wp-content\plugins\woocommerce\packages\woocommerce-blocks\src\BlockTypes\AllProducts.php(37): Automattic\WooCommerce\Blocks\Assets\AssetDataRegistry->hydrate_api_request()
#22 D:\programming\OpenServer\domains\severinsixa\wp-content\plugins\woocommerce\packages\woocommerce-blocks\src\BlockTypes\AllProducts.php(30): Automattic\WooCommerce\Blocks\BlockTypes\AllProducts->hydrate_from_api()
#23 D:\programming\OpenServer\domains\severinsixa\wp-content\plugins\woocommerce\packages\woocommerce-blocks\src\BlockTypes\AbstractBlock.php(98): Automattic\WooCommerce\Blocks\BlockTypes\AllProducts->enqueue_data()
#24 D:\programming\OpenServer\domains\severinsixa\wp-includes\class-wp-hook.php(307): Automattic\WooCommerce\Blocks\BlockTypes\AbstractBlock->enqueue_editor_assets()
#25 D:\programming\OpenServer\domains\severinsixa\wp-includes\class-wp-hook.php(331): WP_Hook->apply_filters()
#26 D:\programming\OpenServer\domains\severinsixa\wp-includes\plugin.php(474): WP_Hook->do_action()
#27 D:\programming\OpenServer\domains\severinsixa\wp-admin\edit-form-blocks.php(265): do_action()
#28 D:\programming\OpenServer\domains\severinsixa\wp-admin\post-new.php(72): require('D:\\programming\\...')
#29 {main}
  thrown in D:\programming\OpenServer\domains\severinsixa\wp-content\themes\severinsixa\templates\ProductReviewsBlock.php on line 63

2022-05-19T16:41:21+00:00 CRITICAL Uncaught TypeError: count(): Argument #1 ($value) must be of type Countable|array, null given in D:\programming\OpenServer\domains\severinsixa\wp-content\themes\severinsixa\templates\ProductReviewsBlock.php:64
Stack trace:
#0 D:\programming\OpenServer\domains\severinsixa\wp-content\plugins\advanced-custom-fields-pro\pro\blocks.php(424): BlogSectionProductReviewsBlock->render()
#1 D:\programming\OpenServer\domains\severinsixa\wp-content\plugins\advanced-custom-fields-pro\pro\blocks.php(367): acf_render_block()
#2 D:\programming\OpenServer\domains\severinsixa\wp-content\plugins\advanced-custom-fields-pro\pro\blocks.php(328): acf_rendered_block()
#3 D:\programming\OpenServer\domains\severinsixa\wp-includes\class-wp-block.php(255): acf_render_block_callback()
#4 D:\programming\OpenServer\domains\severinsixa\wp-includes\blocks.php(883): WP_Block->render()
#5 D:\programming\OpenServer\domains\severinsixa\wp-includes\blocks.php(921): render_block()
#6 D:\programming\OpenServer\domains\severinsixa\wp-includes\class-wp-hook.php(307): do_blocks()
#7 D:\programming\OpenServer\domains\severinsixa\wp-includes\plugin.php(189): WP_Hook->apply_filters()
#8 D:\programming\OpenServer\domains\severinsixa\wp-content\plugins\woocommerce\includes\wc-formatting-functions.php(1091): apply_filters()
#9 D:\programming\OpenServer\domains\severinsixa\wp-content\plugins\woocommerce\packages\woocommerce-blocks\src\StoreApi\Schemas\V1\CartItemSchema.php(345): wc_format_content()
#10 [internal function]: Automattic\WooCommerce\StoreApi\Schemas\V1\CartItemSchema->get_item_response()
#11 D:\programming\OpenServer\domains\severinsixa\wp-content\plugins\woocommerce\packages\woocommerce-blocks\src\StoreApi\Schemas\V1\AbstractSchema.php(261): array_map()
#12 D:\programming\OpenServer\domains\severinsixa\wp-content\plugins\woocommerce\packages\woocommerce-blocks\src\StoreApi\Schemas\V1\CartSchema.php(331): Automattic\WooCommerce\StoreApi\Schemas\V1\AbstractSchema->get_item_responses_from_schema()
#13 D:\programming\OpenServer\domains\severinsixa\wp-content\plugins\woocommerce\packages\woocommerce-blocks\src\StoreApi\Routes\V1\Cart.php(50): Automattic\WooCommerce\StoreApi\Schemas\V1\CartSchema->get_item_response()
#14 D:\programming\OpenServer\domains\severinsixa\wp-content\plugins\woocommerce\packages\woocommerce-blocks\src\StoreApi\Routes\V1\AbstractRoute.php(109): Automattic\WooCommerce\StoreApi\Routes\V1\Cart->get_route_response()
#15 D:\programming\OpenServer\domains\severinsixa\wp-content\plugins\woocommerce\packages\woocommerce-blocks\src\StoreApi\Routes\V1\AbstractCartRoute.php(80): Automattic\WooCommerce\StoreApi\Routes\V1\AbstractRoute->get_response()
#16 D:\programming\OpenServer\domains\severinsixa\wp-includes\rest-api\class-wp-rest-server.php(1141): Automattic\WooCommerce\StoreApi\Routes\V1\AbstractCartRoute->get_response()
#17 D:\programming\OpenServer\domains\severinsixa\wp-includes\rest-api\class-wp-rest-server.php(988): WP_REST_Server->respond_to_request()
#18 D:\programming\OpenServer\domains\severinsixa\wp-includes\rest-api.php(511): WP_REST_Server->dispatch()
#19 D:\programming\OpenServer\domains\severinsixa\wp-includes\rest-api.php(2860): rest_do_request()
#20 D:\programming\OpenServer\domains\severinsixa\wp-content\plugins\woocommerce\packages\woocommerce-blocks\src\Assets\AssetDataRegistry.php(317): rest_preload_api_request()
#21 D:\programming\OpenServer\domains\severinsixa\wp-content\plugins\woocommerce\packages\woocommerce-blocks\src\BlockTypes\AllProducts.php(37): Automattic\WooCommerce\Blocks\Assets\AssetDataRegistry->hydrate_api_request()
#22 D:\programming\OpenServer\domains\severinsixa\wp-content\plugins\woocommerce\packages\woocommerce-blocks\src\BlockTypes\AllProducts.php(30): Automattic\WooCommerce\Blocks\BlockTypes\AllProducts->hydrate_from_api()
#23 D:\programming\OpenServer\domains\severinsixa\wp-content\plugins\woocommerce\packages\woocommerce-blocks\src\BlockTypes\AbstractBlock.php(98): Automattic\WooCommerce\Blocks\BlockTypes\AllProducts->enqueue_data()
#24 D:\programming\OpenServer\domains\severinsixa\wp-includes\class-wp-hook.php(307): Automattic\WooCommerce\Blocks\BlockTypes\AbstractBlock->enqueue_editor_assets()
#25 D:\programming\OpenServer\domains\severinsixa\wp-includes\class-wp-hook.php(331): WP_Hook->apply_filters()
#26 D:\programming\OpenServer\domains\severinsixa\wp-includes\plugin.php(474): WP_Hook->do_action()
#27 D:\programming\OpenServer\domains\severinsixa\wp-admin\edit-form-blocks.php(265): do_action()
#28 D:\programming\OpenServer\domains\severinsixa\wp-admin\post.php(187): require('D:\\programming\\...')
#29 {main}
  thrown in D:\programming\OpenServer\domains\severinsixa\wp-content\themes\severinsixa\templates\ProductReviewsBlock.php on line 64

2022-05-19T22:39:23+00:00 CRITICAL Uncaught ArgumentCountError: Too few arguments to function WC_Cart::get_product_subtotal(), 0 passed in D:\programming\OpenServer\domains\severinsixa\wp-content\themes\severinsixa\woocommerce\cart\cart.php on line 230 and exactly 2 expected in D:\programming\OpenServer\domains\severinsixa\wp-content\plugins\woocommerce\includes\class-wc-cart.php:2011
Stack trace:
#0 D:\programming\OpenServer\domains\severinsixa\wp-content\themes\severinsixa\woocommerce\cart\cart.php(230): WC_Cart->get_product_subtotal()
#1 D:\programming\OpenServer\domains\severinsixa\wp-content\plugins\woocommerce\includes\wc-core-functions.php(345): include('D:\\programming\\...')
#2 D:\programming\OpenServer\domains\severinsixa\wp-content\plugins\woocommerce\includes\shortcodes\class-wc-shortcode-cart.php(99): wc_get_template()
#3 D:\programming\OpenServer\domains\severinsixa\wp-content\plugins\woocommerce\includes\class-wc-shortcodes.php(72): WC_Shortcode_Cart::output()
#4 D:\programming\OpenServer\domains\severinsixa\wp-content\plugins\woocommerce\includes\class-wc-shortcodes.php(85): WC_Shortcodes::shortcode_wrapper()
#5 D:\programming\OpenServer\domains\severinsixa\wp-includes\shortcodes.php(356): WC_Shortcodes::cart()
#6 [internal function]: do_shortcode_tag()
#7 D:\programming\OpenServer\domains\severinsixa\wp-includes\shortcodes.php(228): preg_replace_callback()
#8 D:\programming\OpenServer\domains\severinsixa\wp-includes\class-wp-hook.php(307): do_shortcode()
#9 D:\programming\OpenServer\domains\severinsixa\wp-includes\plugin.php(189): WP_Hook->apply_filters()
#10 D:\programming\OpenServer\domains\severinsixa\wp-includes\post-template.php(253): apply_filters()
#11 D:\programming\OpenServer\domains\severinsixa\wp-content\themes\severinsixa\page.php(5): the_content()
#12 D:\programming\OpenServer\domains\severinsixa\wp-includes\template-loader.php(106): include('D:\\programming\\...')
#13 D:\programming\OpenServer\domains\severinsixa\wp-blog-header.php(19): require_once('D:\\programming\\...')
#14 D:\programming\OpenServer\domains\severinsixa\index.php(17): require('D:\\programming\\...')
#15 {main}
  thrown in D:\programming\OpenServer\domains\severinsixa\wp-content\plugins\woocommerce\includes\class-wc-cart.php in Zeile 2011

