2022-05-26T07:53:55+00:00 CRITICAL Uncaught Error: Call to a member function get_formatted_billing_address() on null in D:\programming\OpenServer\domains\severinsixa\wp-content\themes\severinsixa\woocommerce\myaccount\form-edit-address.php:39
Stack trace:
#0 D:\programming\OpenServer\domains\severinsixa\wp-content\plugins\woocommerce\includes\wc-core-functions.php(345): include()
#1 D:\programming\OpenServer\domains\severinsixa\wp-content\plugins\woocommerce\includes\shortcodes\class-wc-shortcode-my-account.php(220): wc_get_template()
#2 D:\programming\OpenServer\domains\severinsixa\wp-content\plugins\woocommerce\includes\wc-template-functions.php(3231): WC_Shortcode_My_Account::edit_address()
#3 D:\programming\OpenServer\domains\severinsixa\wp-includes\class-wp-hook.php(307): woocommerce_account_edit_address()
#4 D:\programming\OpenServer\domains\severinsixa\wp-includes\class-wp-hook.php(331): WP_Hook->apply_filters()
#5 D:\programming\OpenServer\domains\severinsixa\wp-includes\plugin.php(474): WP_Hook->do_action()
#6 D:\programming\OpenServer\domains\severinsixa\wp-content\plugins\woocommerce\includes\wc-template-functions.php(3142): do_action()
#7 D:\programming\OpenServer\domains\severinsixa\wp-includes\class-wp-hook.php(307): woocommerce_account_content()
#8 D:\programming\OpenServer\domains\severinsixa\wp-includes\class-wp-hook.php(331): WP_Hook->apply_filters()
#9 D:\programming\OpenServer\domains\severinsixa\wp-includes\plugin.php(474): WP_Hook->do_action()
#10 D:\programming\OpenServer\domains\severinsixa\wp-content\themes\severinsixa\woocommerce\myaccount\my-account.php(40): do_action()
#11 D:\programming\OpenServer\domains\severinsixa\wp-content\plugins\woocommerce\includes\wc-core-functions.php(345): include('D:\\programming\\...')
#12 D:\programming\OpenServer\domains\severinsixa\wp-content\plugins\woocommerce\includes\shortcodes\class-wc-shortcode-my-account.php(123): wc_get_template()
#13 D:\programming\OpenServer\domains\severinsixa\wp-content\plugins\woocommerce\includes\shortcodes\class-wc-shortcode-my-account.php(72): WC_Shortcode_My_Account::my_account()
#14 D:\programming\OpenServer\domains\severinsixa\wp-content\plugins\woocommerce\includes\class-wc-shortcodes.php(72): WC_Shortcode_My_Account::output()
#15 D:\programming\OpenServer\domains\severinsixa\wp-content\plugins\woocommerce\includes\class-wc-shortcodes.php(115): WC_Shortcodes::shortcode_wrapper()
#16 D:\programming\OpenServer\domains\severinsixa\wp-includes\shortcodes.php(356): WC_Shortcodes::my_account()
#17 [internal function]: do_shortcode_tag()
#18 D:\programming\OpenServer\domains\severinsixa\wp-includes\shortcodes.php(228): preg_replace_callback()
#19 D:\programming\OpenServer\domains\severinsixa\wp-includes\class-wp-hook.php(307): do_shortcode()
#20 D:\programming\OpenServer\domains\severinsixa\wp-includes\plugin.php(189): WP_Hook->apply_filters()
#21 D:\programming\OpenServer\domains\severinsixa\wp-includes\post-template.php(253): apply_filters()
#22 D:\programming\OpenServer\domains\severinsixa\wp-content\themes\severinsixa\page.php(5): the_content()
#23 D:\programming\OpenServer\domains\severinsixa\wp-includes\template-loader.php(106): include('D:\\programming\\...')
#24 D:\programming\OpenServer\domains\severinsixa\wp-blog-header.php(19): require_once('D:\\programming\\...')
#25 D:\programming\OpenServer\domains\severinsixa\index.php(17): require('D:\\programming\\...')
#26 {main}
  thrown in D:\programming\OpenServer\domains\severinsixa\wp-content\themes\severinsixa\woocommerce\myaccount\form-edit-address.php in Zeile 39

2022-05-26T10:48:07+00:00 CRITICAL Maximum execution time of 60 seconds exceeded in D:\programming\OpenServer\domains\severinsixa\wp-content\plugins\woocommerce\packages\woocommerce-blocks\build\product-search.asset.php in Zeile 1

2022-05-26T12:05:01+00:00 CRITICAL Uncaught Error: Call to undefined function v_wc_get_account_formatted_address() in D:\programming\OpenServer\domains\severinsixa\wp-content\themes\severinsixa\woocommerce\myaccount\form-edit-address.php:39
Stack trace:
#0 D:\programming\OpenServer\domains\severinsixa\wp-content\plugins\woocommerce\includes\wc-core-functions.php(345): include()
#1 D:\programming\OpenServer\domains\severinsixa\wp-content\plugins\woocommerce\includes\shortcodes\class-wc-shortcode-my-account.php(220): wc_get_template()
#2 D:\programming\OpenServer\domains\severinsixa\wp-content\plugins\woocommerce\includes\wc-template-functions.php(3231): WC_Shortcode_My_Account::edit_address()
#3 D:\programming\OpenServer\domains\severinsixa\wp-includes\class-wp-hook.php(307): woocommerce_account_edit_address()
#4 D:\programming\OpenServer\domains\severinsixa\wp-includes\class-wp-hook.php(331): WP_Hook->apply_filters()
#5 D:\programming\OpenServer\domains\severinsixa\wp-includes\plugin.php(474): WP_Hook->do_action()
#6 D:\programming\OpenServer\domains\severinsixa\wp-content\plugins\woocommerce\includes\wc-template-functions.php(3142): do_action()
#7 D:\programming\OpenServer\domains\severinsixa\wp-includes\class-wp-hook.php(307): woocommerce_account_content()
#8 D:\programming\OpenServer\domains\severinsixa\wp-includes\class-wp-hook.php(331): WP_Hook->apply_filters()
#9 D:\programming\OpenServer\domains\severinsixa\wp-includes\plugin.php(474): WP_Hook->do_action()
#10 D:\programming\OpenServer\domains\severinsixa\wp-content\themes\severinsixa\woocommerce\myaccount\my-account.php(40): do_action()
#11 D:\programming\OpenServer\domains\severinsixa\wp-content\plugins\woocommerce\includes\wc-core-functions.php(345): include('D:\\programming\\...')
#12 D:\programming\OpenServer\domains\severinsixa\wp-content\plugins\woocommerce\includes\shortcodes\class-wc-shortcode-my-account.php(123): wc_get_template()
#13 D:\programming\OpenServer\domains\severinsixa\wp-content\plugins\woocommerce\includes\shortcodes\class-wc-shortcode-my-account.php(72): WC_Shortcode_My_Account::my_account()
#14 D:\programming\OpenServer\domains\severinsixa\wp-content\plugins\woocommerce\includes\class-wc-shortcodes.php(72): WC_Shortcode_My_Account::output()
#15 D:\programming\OpenServer\domains\severinsixa\wp-content\plugins\woocommerce\includes\class-wc-shortcodes.php(115): WC_Shortcodes::shortcode_wrapper()
#16 D:\programming\OpenServer\domains\severinsixa\wp-includes\shortcodes.php(356): WC_Shortcodes::my_account()
#17 [internal function]: do_shortcode_tag()
#18 D:\programming\OpenServer\domains\severinsixa\wp-includes\shortcodes.php(228): preg_replace_callback()
#19 D:\programming\OpenServer\domains\severinsixa\wp-includes\class-wp-hook.php(307): do_shortcode()
#20 D:\programming\OpenServer\domains\severinsixa\wp-includes\plugin.php(189): WP_Hook->apply_filters()
#21 D:\programming\OpenServer\domains\severinsixa\wp-includes\post-template.php(253): apply_filters()
#22 D:\programming\OpenServer\domains\severinsixa\wp-content\themes\severinsixa\page.php(5): the_content()
#23 D:\programming\OpenServer\domains\severinsixa\wp-includes\template-loader.php(106): include('D:\\programming\\...')
#24 D:\programming\OpenServer\domains\severinsixa\wp-blog-header.php(19): require_once('D:\\programming\\...')
#25 D:\programming\OpenServer\domains\severinsixa\index.php(17): require('D:\\programming\\...')
#26 {main}
  thrown in D:\programming\OpenServer\domains\severinsixa\wp-content\themes\severinsixa\woocommerce\myaccount\form-edit-address.php in Zeile 39

2022-05-26T12:06:22+00:00 CRITICAL Uncaught Error: Call to undefined function v_wc_get_account_formatted_address() in D:\programming\OpenServer\domains\severinsixa\wp-content\themes\severinsixa\woocommerce\myaccount\form-edit-address.php:39
Stack trace:
#0 D:\programming\OpenServer\domains\severinsixa\wp-content\plugins\woocommerce\includes\wc-core-functions.php(345): include()
#1 D:\programming\OpenServer\domains\severinsixa\wp-content\plugins\woocommerce\includes\shortcodes\class-wc-shortcode-my-account.php(220): wc_get_template()
#2 D:\programming\OpenServer\domains\severinsixa\wp-content\plugins\woocommerce\includes\wc-template-functions.php(3231): WC_Shortcode_My_Account::edit_address()
#3 D:\programming\OpenServer\domains\severinsixa\wp-includes\class-wp-hook.php(307): woocommerce_account_edit_address()
#4 D:\programming\OpenServer\domains\severinsixa\wp-includes\class-wp-hook.php(331): WP_Hook->apply_filters()
#5 D:\programming\OpenServer\domains\severinsixa\wp-includes\plugin.php(474): WP_Hook->do_action()
#6 D:\programming\OpenServer\domains\severinsixa\wp-content\plugins\woocommerce\includes\wc-template-functions.php(3142): do_action()
#7 D:\programming\OpenServer\domains\severinsixa\wp-includes\class-wp-hook.php(307): woocommerce_account_content()
#8 D:\programming\OpenServer\domains\severinsixa\wp-includes\class-wp-hook.php(331): WP_Hook->apply_filters()
#9 D:\programming\OpenServer\domains\severinsixa\wp-includes\plugin.php(474): WP_Hook->do_action()
#10 D:\programming\OpenServer\domains\severinsixa\wp-content\themes\severinsixa\woocommerce\myaccount\my-account.php(40): do_action()
#11 D:\programming\OpenServer\domains\severinsixa\wp-content\plugins\woocommerce\includes\wc-core-functions.php(345): include('D:\\programming\\...')
#12 D:\programming\OpenServer\domains\severinsixa\wp-content\plugins\woocommerce\includes\shortcodes\class-wc-shortcode-my-account.php(123): wc_get_template()
#13 D:\programming\OpenServer\domains\severinsixa\wp-content\plugins\woocommerce\includes\shortcodes\class-wc-shortcode-my-account.php(72): WC_Shortcode_My_Account::my_account()
#14 D:\programming\OpenServer\domains\severinsixa\wp-content\plugins\woocommerce\includes\class-wc-shortcodes.php(72): WC_Shortcode_My_Account::output()
#15 D:\programming\OpenServer\domains\severinsixa\wp-content\plugins\woocommerce\includes\class-wc-shortcodes.php(115): WC_Shortcodes::shortcode_wrapper()
#16 D:\programming\OpenServer\domains\severinsixa\wp-includes\shortcodes.php(356): WC_Shortcodes::my_account()
#17 [internal function]: do_shortcode_tag()
#18 D:\programming\OpenServer\domains\severinsixa\wp-includes\shortcodes.php(228): preg_replace_callback()
#19 D:\programming\OpenServer\domains\severinsixa\wp-includes\class-wp-hook.php(307): do_shortcode()
#20 D:\programming\OpenServer\domains\severinsixa\wp-includes\plugin.php(189): WP_Hook->apply_filters()
#21 D:\programming\OpenServer\domains\severinsixa\wp-includes\post-template.php(253): apply_filters()
#22 D:\programming\OpenServer\domains\severinsixa\wp-content\themes\severinsixa\page.php(5): the_content()
#23 D:\programming\OpenServer\domains\severinsixa\wp-includes\template-loader.php(106): include('D:\\programming\\...')
#24 D:\programming\OpenServer\domains\severinsixa\wp-blog-header.php(19): require_once('D:\\programming\\...')
#25 D:\programming\OpenServer\domains\severinsixa\index.php(17): require('D:\\programming\\...')
#26 {main}
  thrown in D:\programming\OpenServer\domains\severinsixa\wp-content\themes\severinsixa\woocommerce\myaccount\form-edit-address.php in Zeile 39

2022-05-26T15:15:09+00:00 CRITICAL Maximum execution time of 60 seconds exceeded in D:\programming\OpenServer\domains\severinsixa\wp-includes\Requests\Transport\cURL.php in Zeile 165

2022-05-26T15:15:21+00:00 CRITICAL Maximum execution time of 60 seconds exceeded in D:\programming\OpenServer\domains\severinsixa\wp-includes\Requests\Transport\cURL.php in Zeile 165

2022-05-26T15:41:05+00:00 CRITICAL Uncaught TypeError: Unsupported operand types: array + null in D:\programming\OpenServer\domains\severinsixa\wp-content\themes\severinsixa\functions.php:255
Stack trace:
#0 D:\programming\OpenServer\domains\severinsixa\wp-includes\class-wp-hook.php(309): add_my_menu_items()
#1 D:\programming\OpenServer\domains\severinsixa\wp-includes\plugin.php(189): WP_Hook->apply_filters()
#2 D:\programming\OpenServer\domains\severinsixa\wp-content\plugins\woocommerce\includes\wc-account-functions.php(130): apply_filters()
#3 D:\programming\OpenServer\domains\severinsixa\wp-content\themes\severinsixa\woocommerce\myaccount\navigation.php(27): wc_get_account_menu_items()
#4 D:\programming\OpenServer\domains\severinsixa\wp-content\plugins\woocommerce\includes\wc-core-functions.php(345): include('D:\\programming\\...')
#5 D:\programming\OpenServer\domains\severinsixa\wp-content\plugins\woocommerce\includes\wc-template-functions.php(3164): wc_get_template()
#6 D:\programming\OpenServer\domains\severinsixa\wp-includes\class-wp-hook.php(307): woocommerce_account_navigation()
#7 D:\programming\OpenServer\domains\severinsixa\wp-includes\class-wp-hook.php(331): WP_Hook->apply_filters()
#8 D:\programming\OpenServer\domains\severinsixa\wp-includes\plugin.php(474): WP_Hook->do_action()
#9 D:\programming\OpenServer\domains\severinsixa\wp-content\themes\severinsixa\woocommerce\myaccount\my-account.php(31): do_action()
#10 D:\programming\OpenServer\domains\severinsixa\wp-content\plugins\woocommerce\includes\wc-core-functions.php(345): include('D:\\programming\\...')
#11 D:\programming\OpenServer\domains\severinsixa\wp-content\plugins\woocommerce\includes\shortcodes\class-wc-shortcode-my-account.php(123): wc_get_template()
#12 D:\programming\OpenServer\domains\severinsixa\wp-content\plugins\woocommerce\includes\shortcodes\class-wc-shortcode-my-account.php(72): WC_Shortcode_My_Account::my_account()
#13 D:\programming\OpenServer\domains\severinsixa\wp-content\plugins\woocommerce\includes\class-wc-shortcodes.php(72): WC_Shortcode_My_Account::output()
#14 D:\programming\OpenServer\domains\severinsixa\wp-content\plugins\woocommerce\includes\class-wc-shortcodes.php(115): WC_Shortcodes::shortcode_wrapper()
#15 D:\programming\OpenServer\domains\severinsixa\wp-includes\shortcodes.php(356): WC_Shortcodes::my_account()
#16 [internal function]: do_shortcode_tag()
#17 D:\programming\OpenServer\domains\severinsixa\wp-includes\shortcodes.php(228): preg_replace_callback()
#18 D:\programming\OpenServer\domains\severinsixa\wp-includes\class-wp-hook.php(307): do_shortcode()
#19 D:\programming\OpenServer\domains\severinsixa\wp-includes\plugin.php(189): WP_Hook->apply_filters()
#20 D:\programming\OpenServer\domains\severinsixa\wp-includes\post-template.php(253): apply_filters()
#21 D:\programming\OpenServer\domains\severinsixa\wp-content\themes\severinsixa\page.php(5): the_content()
#22 D:\programming\OpenServer\domains\severinsixa\wp-includes\template-loader.php(106): include('D:\\programming\\...')
#23 D:\programming\OpenServer\domains\severinsixa\wp-blog-header.php(19): require_once('D:\\programming\\...')
#24 D:\programming\OpenServer\domains\severinsixa\index.php(17): require('D:\\programming\\...')
#25 {main}
  thrown in D:\programming\OpenServer\domains\severinsixa\wp-content\themes\severinsixa\functions.php in Zeile 255

2022-05-26T15:42:22+00:00 CRITICAL Uncaught TypeError: Unsupported operand types: array + null in D:\programming\OpenServer\domains\severinsixa\wp-content\themes\severinsixa\functions.php:255
Stack trace:
#0 D:\programming\OpenServer\domains\severinsixa\wp-includes\class-wp-hook.php(309): add_my_menu_items()
#1 D:\programming\OpenServer\domains\severinsixa\wp-includes\plugin.php(189): WP_Hook->apply_filters()
#2 D:\programming\OpenServer\domains\severinsixa\wp-content\plugins\woocommerce\includes\wc-account-functions.php(130): apply_filters()
#3 D:\programming\OpenServer\domains\severinsixa\wp-content\themes\severinsixa\woocommerce\myaccount\navigation.php(27): wc_get_account_menu_items()
#4 D:\programming\OpenServer\domains\severinsixa\wp-content\plugins\woocommerce\includes\wc-core-functions.php(345): include('D:\\programming\\...')
#5 D:\programming\OpenServer\domains\severinsixa\wp-content\plugins\woocommerce\includes\wc-template-functions.php(3164): wc_get_template()
#6 D:\programming\OpenServer\domains\severinsixa\wp-includes\class-wp-hook.php(307): woocommerce_account_navigation()
#7 D:\programming\OpenServer\domains\severinsixa\wp-includes\class-wp-hook.php(331): WP_Hook->apply_filters()
#8 D:\programming\OpenServer\domains\severinsixa\wp-includes\plugin.php(474): WP_Hook->do_action()
#9 D:\programming\OpenServer\domains\severinsixa\wp-content\themes\severinsixa\woocommerce\myaccount\my-account.php(31): do_action()
#10 D:\programming\OpenServer\domains\severinsixa\wp-content\plugins\woocommerce\includes\wc-core-functions.php(345): include('D:\\programming\\...')
#11 D:\programming\OpenServer\domains\severinsixa\wp-content\plugins\woocommerce\includes\shortcodes\class-wc-shortcode-my-account.php(123): wc_get_template()
#12 D:\programming\OpenServer\domains\severinsixa\wp-content\plugins\woocommerce\includes\shortcodes\class-wc-shortcode-my-account.php(72): WC_Shortcode_My_Account::my_account()
#13 D:\programming\OpenServer\domains\severinsixa\wp-content\plugins\woocommerce\includes\class-wc-shortcodes.php(72): WC_Shortcode_My_Account::output()
#14 D:\programming\OpenServer\domains\severinsixa\wp-content\plugins\woocommerce\includes\class-wc-shortcodes.php(115): WC_Shortcodes::shortcode_wrapper()
#15 D:\programming\OpenServer\domains\severinsixa\wp-includes\shortcodes.php(356): WC_Shortcodes::my_account()
#16 [internal function]: do_shortcode_tag()
#17 D:\programming\OpenServer\domains\severinsixa\wp-includes\shortcodes.php(228): preg_replace_callback()
#18 D:\programming\OpenServer\domains\severinsixa\wp-includes\class-wp-hook.php(307): do_shortcode()
#19 D:\programming\OpenServer\domains\severinsixa\wp-includes\plugin.php(189): WP_Hook->apply_filters()
#20 D:\programming\OpenServer\domains\severinsixa\wp-includes\post-template.php(253): apply_filters()
#21 D:\programming\OpenServer\domains\severinsixa\wp-content\themes\severinsixa\page.php(5): the_content()
#22 D:\programming\OpenServer\domains\severinsixa\wp-includes\template-loader.php(106): include('D:\\programming\\...')
#23 D:\programming\OpenServer\domains\severinsixa\wp-blog-header.php(19): require_once('D:\\programming\\...')
#24 D:\programming\OpenServer\domains\severinsixa\index.php(17): require('D:\\programming\\...')
#25 {main}
  thrown in D:\programming\OpenServer\domains\severinsixa\wp-content\themes\severinsixa\functions.php in Zeile 255

2022-05-26T15:44:10+00:00 CRITICAL Uncaught TypeError: Unsupported operand types: array + string in D:\programming\OpenServer\domains\severinsixa\wp-content\themes\severinsixa\functions.php:255
Stack trace:
#0 D:\programming\OpenServer\domains\severinsixa\wp-includes\class-wp-hook.php(309): add_my_menu_items()
#1 D:\programming\OpenServer\domains\severinsixa\wp-includes\plugin.php(189): WP_Hook->apply_filters()
#2 D:\programming\OpenServer\domains\severinsixa\wp-content\plugins\woocommerce\includes\wc-account-functions.php(130): apply_filters()
#3 D:\programming\OpenServer\domains\severinsixa\wp-content\themes\severinsixa\woocommerce\myaccount\navigation.php(27): wc_get_account_menu_items()
#4 D:\programming\OpenServer\domains\severinsixa\wp-content\plugins\woocommerce\includes\wc-core-functions.php(345): include('D:\\programming\\...')
#5 D:\programming\OpenServer\domains\severinsixa\wp-content\plugins\woocommerce\includes\wc-template-functions.php(3164): wc_get_template()
#6 D:\programming\OpenServer\domains\severinsixa\wp-includes\class-wp-hook.php(307): woocommerce_account_navigation()
#7 D:\programming\OpenServer\domains\severinsixa\wp-includes\class-wp-hook.php(331): WP_Hook->apply_filters()
#8 D:\programming\OpenServer\domains\severinsixa\wp-includes\plugin.php(474): WP_Hook->do_action()
#9 D:\programming\OpenServer\domains\severinsixa\wp-content\themes\severinsixa\woocommerce\myaccount\my-account.php(31): do_action()
#10 D:\programming\OpenServer\domains\severinsixa\wp-content\plugins\woocommerce\includes\wc-core-functions.php(345): include('D:\\programming\\...')
#11 D:\programming\OpenServer\domains\severinsixa\wp-content\plugins\woocommerce\includes\shortcodes\class-wc-shortcode-my-account.php(123): wc_get_template()
#12 D:\programming\OpenServer\domains\severinsixa\wp-content\plugins\woocommerce\includes\shortcodes\class-wc-shortcode-my-account.php(72): WC_Shortcode_My_Account::my_account()
#13 D:\programming\OpenServer\domains\severinsixa\wp-content\plugins\woocommerce\includes\class-wc-shortcodes.php(72): WC_Shortcode_My_Account::output()
#14 D:\programming\OpenServer\domains\severinsixa\wp-content\plugins\woocommerce\includes\class-wc-shortcodes.php(115): WC_Shortcodes::shortcode_wrapper()
#15 D:\programming\OpenServer\domains\severinsixa\wp-includes\shortcodes.php(356): WC_Shortcodes::my_account()
#16 [internal function]: do_shortcode_tag()
#17 D:\programming\OpenServer\domains\severinsixa\wp-includes\shortcodes.php(228): preg_replace_callback()
#18 D:\programming\OpenServer\domains\severinsixa\wp-includes\class-wp-hook.php(307): do_shortcode()
#19 D:\programming\OpenServer\domains\severinsixa\wp-includes\plugin.php(189): WP_Hook->apply_filters()
#20 D:\programming\OpenServer\domains\severinsixa\wp-includes\post-template.php(253): apply_filters()
#21 D:\programming\OpenServer\domains\severinsixa\wp-content\themes\severinsixa\page.php(5): the_content()
#22 D:\programming\OpenServer\domains\severinsixa\wp-includes\template-loader.php(106): include('D:\\programming\\...')
#23 D:\programming\OpenServer\domains\severinsixa\wp-blog-header.php(19): require_once('D:\\programming\\...')
#24 D:\programming\OpenServer\domains\severinsixa\index.php(17): require('D:\\programming\\...')
#25 {main}
  thrown in D:\programming\OpenServer\domains\severinsixa\wp-content\themes\severinsixa\functions.php in Zeile 255

2022-05-26T19:15:35+00:00 CRITICAL Uncaught TypeError: trim(): Argument #1 ($string) must be of type string, array given in D:\programming\OpenServer\domains\severinsixa\wp-content\themes\severinsixa\my-account-credit-card.php:11
Stack trace:
#0 D:\programming\OpenServer\domains\severinsixa\wp-content\themes\severinsixa\my-account-credit-card.php(11): trim()
#1 D:\programming\OpenServer\domains\severinsixa\wp-includes\template.php(772): require('D:\\programming\\...')
#2 D:\programming\OpenServer\domains\severinsixa\wp-includes\template.php(716): load_template()
#3 D:\programming\OpenServer\domains\severinsixa\wp-includes\general-template.php(204): locate_template()
#4 D:\programming\OpenServer\domains\severinsixa\wp-content\themes\severinsixa\functions.php(268): get_template_part()
#5 D:\programming\OpenServer\domains\severinsixa\wp-includes\class-wp-hook.php(307): credit_card_endpoint_content()
#6 D:\programming\OpenServer\domains\severinsixa\wp-includes\class-wp-hook.php(331): WP_Hook->apply_filters()
#7 D:\programming\OpenServer\domains\severinsixa\wp-includes\plugin.php(474): WP_Hook->do_action()
#8 D:\programming\OpenServer\domains\severinsixa\wp-content\plugins\woocommerce\includes\wc-template-functions.php(3142): do_action()
#9 D:\programming\OpenServer\domains\severinsixa\wp-includes\class-wp-hook.php(307): woocommerce_account_content()
#10 D:\programming\OpenServer\domains\severinsixa\wp-includes\class-wp-hook.php(331): WP_Hook->apply_filters()
#11 D:\programming\OpenServer\domains\severinsixa\wp-includes\plugin.php(474): WP_Hook->do_action()
#12 D:\programming\OpenServer\domains\severinsixa\wp-content\themes\severinsixa\woocommerce\myaccount\my-account.php(41): do_action()
#13 D:\programming\OpenServer\domains\severinsixa\wp-content\plugins\woocommerce\includes\wc-core-functions.php(345): include('D:\\programming\\...')
#14 D:\programming\OpenServer\domains\severinsixa\wp-content\plugins\woocommerce\includes\shortcodes\class-wc-shortcode-my-account.php(123): wc_get_template()
#15 D:\programming\OpenServer\domains\severinsixa\wp-content\plugins\woocommerce\includes\shortcodes\class-wc-shortcode-my-account.php(72): WC_Shortcode_My_Account::my_account()
#16 D:\programming\OpenServer\domains\severinsixa\wp-content\plugins\woocommerce\includes\class-wc-shortcodes.php(72): WC_Shortcode_My_Account::output()
#17 D:\programming\OpenServer\domains\severinsixa\wp-content\plugins\woocommerce\includes\class-wc-shortcodes.php(115): WC_Shortcodes::shortcode_wrapper()
#18 D:\programming\OpenServer\domains\severinsixa\wp-includes\shortcodes.php(356): WC_Shortcodes::my_account()
#19 [internal function]: do_shortcode_tag()
#20 D:\programming\OpenServer\domains\severinsixa\wp-includes\shortcodes.php(228): preg_replace_callback()
#21 D:\programming\OpenServer\domains\severinsixa\wp-includes\class-wp-hook.php(307): do_shortcode()
#22 D:\programming\OpenServer\domains\severinsixa\wp-includes\plugin.php(189): WP_Hook->apply_filters()
#23 D:\programming\OpenServer\domains\severinsixa\wp-includes\post-template.php(253): apply_filters()
#24 D:\programming\OpenServer\domains\severinsixa\wp-content\themes\severinsixa\page.php(5): the_content()
#25 D:\programming\OpenServer\domains\severinsixa\wp-includes\template-loader.php(106): include('D:\\programming\\...')
#26 D:\programming\OpenServer\domains\severinsixa\wp-blog-header.php(19): require_once('D:\\programming\\...')
#27 D:\programming\OpenServer\domains\severinsixa\index.php(17): require('D:\\programming\\...')
#28 {main}
  thrown in D:\programming\OpenServer\domains\severinsixa\wp-content\themes\severinsixa\my-account-credit-card.php in Zeile 11

