2022-05-06T12:27:20+00:00 CRITICAL Uncaught Error: Object of class WP_Error could not be converted to string in D:\programming\OpenServer\domains\severinsixa\wp-content\themes\severinsixa\templates\promotion_grid.php:57
Stack trace:
#0 D:\programming\OpenServer\domains\severinsixa\wp-content\plugins\advanced-custom-fields-pro\pro\blocks.php(424): BlogSectionPromotionGrid->render()
#1 D:\programming\OpenServer\domains\severinsixa\wp-content\plugins\advanced-custom-fields-pro\pro\blocks.php(367): acf_render_block()
#2 D:\programming\OpenServer\domains\severinsixa\wp-content\plugins\advanced-custom-fields-pro\pro\blocks.php(328): acf_rendered_block()
#3 D:\programming\OpenServer\domains\severinsixa\wp-includes\class-wp-block.php(255): acf_render_block_callback()
#4 D:\programming\OpenServer\domains\severinsixa\wp-includes\blocks.php(883): WP_Block->render()
#5 D:\programming\OpenServer\domains\severinsixa\wp-includes\blocks.php(921): render_block()
#6 D:\programming\OpenServer\domains\severinsixa\wp-includes\class-wp-hook.php(307): do_blocks()
#7 D:\programming\OpenServer\domains\severinsixa\wp-includes\plugin.php(189): WP_Hook->apply_filters()
#8 D:\programming\OpenServer\domains\severinsixa\wp-includes\rest-api\endpoints\class-wp-rest-revisions-controller.php(606): apply_filters()
#9 D:\programming\OpenServer\domains\severinsixa\wp-includes\rest-api\endpoints\class-wp-rest-autosaves-controller.php(408): WP_REST_Revisions_Controller->prepare_item_for_response()
#10 D:\programming\OpenServer\domains\severinsixa\wp-includes\rest-api\endpoints\class-wp-rest-autosaves-controller.php(239): WP_REST_Autosaves_Controller->prepare_item_for_response()
#11 D:\programming\OpenServer\domains\severinsixa\wp-includes\rest-api\class-wp-rest-server.php(1141): WP_REST_Autosaves_Controller->create_item()
#12 D:\programming\OpenServer\domains\severinsixa\wp-includes\rest-api\class-wp-rest-server.php(988): WP_REST_Server->respond_to_request()
#13 D:\programming\OpenServer\domains\severinsixa\wp-includes\rest-api\class-wp-rest-server.php(414): WP_REST_Server->dispatch()
#14 D:\programming\OpenServer\domains\severinsixa\wp-includes\rest-api.php(386): WP_REST_Server->serve_request()
#15 D:\programming\OpenServer\domains\severinsixa\wp-includes\class-wp-hook.php(307): rest_api_loaded()
#16 D:\programming\OpenServer\domains\severinsixa\wp-includes\class-wp-hook.php(331): WP_Hook->apply_filters()
#17 D:\programming\OpenServer\domains\severinsixa\wp-includes\plugin.php(522): WP_Hook->do_action()
#18 D:\programming\OpenServer\domains\severinsixa\wp-includes\class-wp.php(396): do_action_ref_array()
#19 D:\programming\OpenServer\domains\severinsixa\wp-includes\class-wp.php(758): WP->parse_request()
#20 D:\programming\OpenServer\domains\severinsixa\wp-includes\functions.php(1310): WP->main()
#21 D:\programming\OpenServer\domains\severinsixa\wp-blog-header.php(16): wp()
#22 D:\programming\OpenServer\domains\severinsixa\index.php(17): require('D:\\programming\\...')
#23 {main}
  thrown in D:\programming\OpenServer\domains\severinsixa\wp-content\themes\severinsixa\templates\promotion_grid.php on line 57

2022-05-06T12:28:19+00:00 CRITICAL Uncaught Error: Object of class WP_Error could not be converted to string in D:\programming\OpenServer\domains\severinsixa\wp-content\themes\severinsixa\templates\promotion_grid.php:57
Stack trace:
#0 D:\programming\OpenServer\domains\severinsixa\wp-content\plugins\advanced-custom-fields-pro\pro\blocks.php(424): BlogSectionPromotionGrid->render()
#1 D:\programming\OpenServer\domains\severinsixa\wp-content\plugins\advanced-custom-fields-pro\pro\blocks.php(367): acf_render_block()
#2 D:\programming\OpenServer\domains\severinsixa\wp-content\plugins\advanced-custom-fields-pro\pro\blocks.php(328): acf_rendered_block()
#3 D:\programming\OpenServer\domains\severinsixa\wp-includes\class-wp-block.php(255): acf_render_block_callback()
#4 D:\programming\OpenServer\domains\severinsixa\wp-includes\blocks.php(883): WP_Block->render()
#5 D:\programming\OpenServer\domains\severinsixa\wp-includes\blocks.php(921): render_block()
#6 D:\programming\OpenServer\domains\severinsixa\wp-includes\class-wp-hook.php(307): do_blocks()
#7 D:\programming\OpenServer\domains\severinsixa\wp-includes\plugin.php(189): WP_Hook->apply_filters()
#8 D:\programming\OpenServer\domains\severinsixa\wp-includes\rest-api\endpoints\class-wp-rest-revisions-controller.php(606): apply_filters()
#9 D:\programming\OpenServer\domains\severinsixa\wp-includes\rest-api\endpoints\class-wp-rest-autosaves-controller.php(408): WP_REST_Revisions_Controller->prepare_item_for_response()
#10 D:\programming\OpenServer\domains\severinsixa\wp-includes\rest-api\endpoints\class-wp-rest-autosaves-controller.php(239): WP_REST_Autosaves_Controller->prepare_item_for_response()
#11 D:\programming\OpenServer\domains\severinsixa\wp-includes\rest-api\class-wp-rest-server.php(1141): WP_REST_Autosaves_Controller->create_item()
#12 D:\programming\OpenServer\domains\severinsixa\wp-includes\rest-api\class-wp-rest-server.php(988): WP_REST_Server->respond_to_request()
#13 D:\programming\OpenServer\domains\severinsixa\wp-includes\rest-api\class-wp-rest-server.php(414): WP_REST_Server->dispatch()
#14 D:\programming\OpenServer\domains\severinsixa\wp-includes\rest-api.php(386): WP_REST_Server->serve_request()
#15 D:\programming\OpenServer\domains\severinsixa\wp-includes\class-wp-hook.php(307): rest_api_loaded()
#16 D:\programming\OpenServer\domains\severinsixa\wp-includes\class-wp-hook.php(331): WP_Hook->apply_filters()
#17 D:\programming\OpenServer\domains\severinsixa\wp-includes\plugin.php(522): WP_Hook->do_action()
#18 D:\programming\OpenServer\domains\severinsixa\wp-includes\class-wp.php(396): do_action_ref_array()
#19 D:\programming\OpenServer\domains\severinsixa\wp-includes\class-wp.php(758): WP->parse_request()
#20 D:\programming\OpenServer\domains\severinsixa\wp-includes\functions.php(1310): WP->main()
#21 D:\programming\OpenServer\domains\severinsixa\wp-blog-header.php(16): wp()
#22 D:\programming\OpenServer\domains\severinsixa\index.php(17): require('D:\\programming\\...')
#23 {main}
  thrown in D:\programming\OpenServer\domains\severinsixa\wp-content\themes\severinsixa\templates\promotion_grid.php on line 57

2022-05-06T12:37:37+00:00 CRITICAL Cannot declare class BlogSectionPromotionGrid, because the name is already in use in D:\programming\OpenServer\domains\severinsixa\wp-content\themes\severinsixa\templates\CategoryGrid.php on line 3

2022-05-06T12:37:44+00:00 CRITICAL Cannot declare class BlogSectionPromotionGrid, because the name is already in use in D:\programming\OpenServer\domains\severinsixa\wp-content\themes\severinsixa\templates\CategoryGrid.php on line 3

2022-05-06T12:38:34+00:00 CRITICAL Cannot declare class BlogSectionPromotionGrid, because the name is already in use in D:\programming\OpenServer\domains\severinsixa\wp-content\themes\severinsixa\templates\CategoryGrid.php on line 3

2022-05-06T12:39:38+00:00 CRITICAL Cannot declare class BlogSectionPromotionGrid, because the name is already in use in D:\programming\OpenServer\domains\severinsixa\wp-content\themes\severinsixa\templates\CategoryGrid.php on line 3

2022-05-06T12:39:45+00:00 CRITICAL Cannot declare class BlogSectionPromotionGrid, because the name is already in use in D:\programming\OpenServer\domains\severinsixa\wp-content\themes\severinsixa\templates\CategoryGrid.php on line 3

2022-05-06T12:40:35+00:00 CRITICAL Cannot declare class BlogSectionPromotionGrid, because the name is already in use in D:\programming\OpenServer\domains\severinsixa\wp-content\themes\severinsixa\templates\CategoryGrid.php on line 3

2022-05-06T12:41:39+00:00 CRITICAL Cannot declare class BlogSectionPromotionGrid, because the name is already in use in D:\programming\OpenServer\domains\severinsixa\wp-content\themes\severinsixa\templates\CategoryGrid.php on line 3

2022-05-06T12:41:46+00:00 CRITICAL Cannot declare class BlogSectionPromotionGrid, because the name is already in use in D:\programming\OpenServer\domains\severinsixa\wp-content\themes\severinsixa\templates\CategoryGrid.php on line 3

2022-05-06T12:42:36+00:00 CRITICAL Cannot declare class BlogSectionPromotionGrid, because the name is already in use in D:\programming\OpenServer\domains\severinsixa\wp-content\themes\severinsixa\templates\CategoryGrid.php on line 3

2022-05-06T12:43:40+00:00 CRITICAL Cannot declare class BlogSectionPromotionGrid, because the name is already in use in D:\programming\OpenServer\domains\severinsixa\wp-content\themes\severinsixa\templates\CategoryGrid.php on line 3

2022-05-06T12:44:38+00:00 CRITICAL Cannot declare class BlogSectionPromotionGrid, because the name is already in use in D:\programming\OpenServer\domains\severinsixa\wp-content\themes\severinsixa\templates\CategoryGrid.php on line 3

2022-05-06T12:45:41+00:00 CRITICAL Cannot declare class BlogSectionPromotionGrid, because the name is already in use in D:\programming\OpenServer\domains\severinsixa\wp-content\themes\severinsixa\templates\CategoryGrid.php on line 3

2022-05-06T12:46:38+00:00 CRITICAL Cannot declare class BlogSectionPromotionGrid, because the name is already in use in D:\programming\OpenServer\domains\severinsixa\wp-content\themes\severinsixa\templates\CategoryGrid.php on line 3

2022-05-06T12:48:05+00:00 CRITICAL Cannot declare class BlogSectionPromotionGrid, because the name is already in use in D:\programming\OpenServer\domains\severinsixa\wp-content\themes\severinsixa\templates\CategoryGrid.php on line 3

2022-05-06T12:48:07+00:00 CRITICAL Cannot declare class BlogSectionPromotionGrid, because the name is already in use in D:\programming\OpenServer\domains\severinsixa\wp-content\themes\severinsixa\templates\CategoryGrid.php on line 3

2022-05-06T12:48:09+00:00 CRITICAL Cannot declare class BlogSectionPromotionGrid, because the name is already in use in D:\programming\OpenServer\domains\severinsixa\wp-content\themes\severinsixa\templates\CategoryGrid.php on line 3

2022-05-06T12:48:13+00:00 CRITICAL Cannot declare class BlogSectionPromotionGrid, because the name is already in use in D:\programming\OpenServer\domains\severinsixa\wp-content\themes\severinsixa\templates\CategoryGrid.php on line 3

2022-05-06T12:48:15+00:00 CRITICAL Cannot declare class BlogSectionPromotionGrid, because the name is already in use in D:\programming\OpenServer\domains\severinsixa\wp-content\themes\severinsixa\templates\CategoryGrid.php on line 3

2022-05-06T12:48:17+00:00 CRITICAL Cannot declare class BlogSectionPromotionGrid, because the name is already in use in D:\programming\OpenServer\domains\severinsixa\wp-content\themes\severinsixa\templates\CategoryGrid.php on line 3

2022-05-06T12:48:31+00:00 CRITICAL Cannot declare class BlogSectionPromotionGrid, because the name is already in use in D:\programming\OpenServer\domains\severinsixa\wp-content\themes\severinsixa\templates\CategoryGrid.php on line 3

2022-05-06T12:49:30+00:00 CRITICAL Cannot declare class BlogSectionPromotionGrid, because the name is already in use in D:\programming\OpenServer\domains\severinsixa\wp-content\themes\severinsixa\templates\CategoryGrid.php on line 3

2022-05-06T12:49:32+00:00 CRITICAL Cannot declare class BlogSectionPromotionGrid, because the name is already in use in D:\programming\OpenServer\domains\severinsixa\wp-content\themes\severinsixa\templates\CategoryGrid.php on line 3

2022-05-06T12:49:34+00:00 CRITICAL Cannot declare class BlogSectionPromotionGrid, because the name is already in use in D:\programming\OpenServer\domains\severinsixa\wp-content\themes\severinsixa\templates\CategoryGrid.php on line 3

2022-05-06T12:49:37+00:00 CRITICAL Cannot declare class BlogSectionPromotionGrid, because the name is already in use in D:\programming\OpenServer\domains\severinsixa\wp-content\themes\severinsixa\templates\CategoryGrid.php in Zeile 3

2022-05-06T12:50:05+00:00 CRITICAL Cannot declare class BlogSectionPromotionGrid, because the name is already in use in D:\programming\OpenServer\domains\severinsixa\wp-content\themes\severinsixa\templates\CategoryGrid.php on line 3

2022-05-06T12:51:34+00:00 CRITICAL Uncaught Error: Object of class WP_Error could not be converted to string in D:\programming\OpenServer\domains\severinsixa\wp-content\themes\severinsixa\templates\CategoryGrid.php:59
Stack trace:
#0 D:\programming\OpenServer\domains\severinsixa\wp-content\plugins\advanced-custom-fields-pro\pro\blocks.php(424): BlogSectionCategoryGrid->render()
#1 D:\programming\OpenServer\domains\severinsixa\wp-content\plugins\advanced-custom-fields-pro\pro\blocks.php(367): acf_render_block()
#2 D:\programming\OpenServer\domains\severinsixa\wp-content\plugins\advanced-custom-fields-pro\pro\blocks.php(328): acf_rendered_block()
#3 D:\programming\OpenServer\domains\severinsixa\wp-includes\class-wp-block.php(255): acf_render_block_callback()
#4 D:\programming\OpenServer\domains\severinsixa\wp-includes\blocks.php(883): WP_Block->render()
#5 D:\programming\OpenServer\domains\severinsixa\wp-includes\blocks.php(921): render_block()
#6 D:\programming\OpenServer\domains\severinsixa\wp-includes\class-wp-hook.php(307): do_blocks()
#7 D:\programming\OpenServer\domains\severinsixa\wp-includes\plugin.php(189): WP_Hook->apply_filters()
#8 D:\programming\OpenServer\domains\severinsixa\wp-includes\rest-api\endpoints\class-wp-rest-revisions-controller.php(606): apply_filters()
#9 D:\programming\OpenServer\domains\severinsixa\wp-includes\rest-api\endpoints\class-wp-rest-autosaves-controller.php(408): WP_REST_Revisions_Controller->prepare_item_for_response()
#10 D:\programming\OpenServer\domains\severinsixa\wp-includes\rest-api\endpoints\class-wp-rest-autosaves-controller.php(239): WP_REST_Autosaves_Controller->prepare_item_for_response()
#11 D:\programming\OpenServer\domains\severinsixa\wp-includes\rest-api\class-wp-rest-server.php(1141): WP_REST_Autosaves_Controller->create_item()
#12 D:\programming\OpenServer\domains\severinsixa\wp-includes\rest-api\class-wp-rest-server.php(988): WP_REST_Server->respond_to_request()
#13 D:\programming\OpenServer\domains\severinsixa\wp-includes\rest-api\class-wp-rest-server.php(414): WP_REST_Server->dispatch()
#14 D:\programming\OpenServer\domains\severinsixa\wp-includes\rest-api.php(386): WP_REST_Server->serve_request()
#15 D:\programming\OpenServer\domains\severinsixa\wp-includes\class-wp-hook.php(307): rest_api_loaded()
#16 D:\programming\OpenServer\domains\severinsixa\wp-includes\class-wp-hook.php(331): WP_Hook->apply_filters()
#17 D:\programming\OpenServer\domains\severinsixa\wp-includes\plugin.php(522): WP_Hook->do_action()
#18 D:\programming\OpenServer\domains\severinsixa\wp-includes\class-wp.php(396): do_action_ref_array()
#19 D:\programming\OpenServer\domains\severinsixa\wp-includes\class-wp.php(758): WP->parse_request()
#20 D:\programming\OpenServer\domains\severinsixa\wp-includes\functions.php(1310): WP->main()
#21 D:\programming\OpenServer\domains\severinsixa\wp-blog-header.php(16): wp()
#22 D:\programming\OpenServer\domains\severinsixa\index.php(17): require('D:\\programming\\...')
#23 {main}
  thrown in D:\programming\OpenServer\domains\severinsixa\wp-content\themes\severinsixa\templates\CategoryGrid.php on line 59

2022-05-06T13:16:26+00:00 CRITICAL Uncaught Error: Object of class WP_Error could not be converted to string in D:\programming\OpenServer\domains\severinsixa\wp-content\themes\severinsixa\templates\CategoryGrid.php:59
Stack trace:
#0 D:\programming\OpenServer\domains\severinsixa\wp-content\plugins\advanced-custom-fields-pro\pro\blocks.php(424): BlogSectionCategoryGrid->render()
#1 D:\programming\OpenServer\domains\severinsixa\wp-content\plugins\advanced-custom-fields-pro\pro\blocks.php(367): acf_render_block()
#2 D:\programming\OpenServer\domains\severinsixa\wp-content\plugins\advanced-custom-fields-pro\pro\blocks.php(328): acf_rendered_block()
#3 D:\programming\OpenServer\domains\severinsixa\wp-includes\class-wp-block.php(255): acf_render_block_callback()
#4 D:\programming\OpenServer\domains\severinsixa\wp-includes\blocks.php(883): WP_Block->render()
#5 D:\programming\OpenServer\domains\severinsixa\wp-includes\blocks.php(921): render_block()
#6 D:\programming\OpenServer\domains\severinsixa\wp-includes\class-wp-hook.php(307): do_blocks()
#7 D:\programming\OpenServer\domains\severinsixa\wp-includes\plugin.php(189): WP_Hook->apply_filters()
#8 D:\programming\OpenServer\domains\severinsixa\wp-includes\rest-api\endpoints\class-wp-rest-revisions-controller.php(606): apply_filters()
#9 D:\programming\OpenServer\domains\severinsixa\wp-includes\rest-api\endpoints\class-wp-rest-autosaves-controller.php(408): WP_REST_Revisions_Controller->prepare_item_for_response()
#10 D:\programming\OpenServer\domains\severinsixa\wp-includes\rest-api\endpoints\class-wp-rest-autosaves-controller.php(239): WP_REST_Autosaves_Controller->prepare_item_for_response()
#11 D:\programming\OpenServer\domains\severinsixa\wp-includes\rest-api\class-wp-rest-server.php(1141): WP_REST_Autosaves_Controller->create_item()
#12 D:\programming\OpenServer\domains\severinsixa\wp-includes\rest-api\class-wp-rest-server.php(988): WP_REST_Server->respond_to_request()
#13 D:\programming\OpenServer\domains\severinsixa\wp-includes\rest-api\class-wp-rest-server.php(414): WP_REST_Server->dispatch()
#14 D:\programming\OpenServer\domains\severinsixa\wp-includes\rest-api.php(386): WP_REST_Server->serve_request()
#15 D:\programming\OpenServer\domains\severinsixa\wp-includes\class-wp-hook.php(307): rest_api_loaded()
#16 D:\programming\OpenServer\domains\severinsixa\wp-includes\class-wp-hook.php(331): WP_Hook->apply_filters()
#17 D:\programming\OpenServer\domains\severinsixa\wp-includes\plugin.php(522): WP_Hook->do_action()
#18 D:\programming\OpenServer\domains\severinsixa\wp-includes\class-wp.php(396): do_action_ref_array()
#19 D:\programming\OpenServer\domains\severinsixa\wp-includes\class-wp.php(758): WP->parse_request()
#20 D:\programming\OpenServer\domains\severinsixa\wp-includes\functions.php(1310): WP->main()
#21 D:\programming\OpenServer\domains\severinsixa\wp-blog-header.php(16): wp()
#22 D:\programming\OpenServer\domains\severinsixa\index.php(17): require('D:\\programming\\...')
#23 {main}
  thrown in D:\programming\OpenServer\domains\severinsixa\wp-content\themes\severinsixa\templates\CategoryGrid.php on line 59

2022-05-06T13:35:51+00:00 CRITICAL Maximum execution time of 60 seconds exceeded in D:\programming\OpenServer\domains\severinsixa\wp-includes\wp-db.php on line 2162

2022-05-06T14:05:01+00:00 CRITICAL syntax error, unexpected token "}", expecting ";" in D:\programming\OpenServer\domains\severinsixa\wp-content\themes\severinsixa\templates\ProductGrid.php on line 56

2022-05-06T14:05:06+00:00 CRITICAL syntax error, unexpected token "}", expecting ";" in D:\programming\OpenServer\domains\severinsixa\wp-content\themes\severinsixa\templates\ProductGrid.php on line 56

2022-05-06T14:05:08+00:00 CRITICAL syntax error, unexpected token "}", expecting ";" in D:\programming\OpenServer\domains\severinsixa\wp-content\themes\severinsixa\templates\ProductGrid.php in Zeile 56

2022-05-06T14:05:09+00:00 CRITICAL syntax error, unexpected token "}", expecting ";" in D:\programming\OpenServer\domains\severinsixa\wp-content\themes\severinsixa\templates\ProductGrid.php on line 56

2022-05-06T14:05:11+00:00 CRITICAL syntax error, unexpected token "}", expecting ";" in D:\programming\OpenServer\domains\severinsixa\wp-content\themes\severinsixa\templates\ProductGrid.php on line 56

2022-05-06T14:05:12+00:00 CRITICAL syntax error, unexpected token "}", expecting ";" in D:\programming\OpenServer\domains\severinsixa\wp-content\themes\severinsixa\templates\ProductGrid.php in Zeile 56

2022-05-06T14:05:13+00:00 CRITICAL syntax error, unexpected token "}", expecting ";" in D:\programming\OpenServer\domains\severinsixa\wp-content\themes\severinsixa\templates\ProductGrid.php on line 56

2022-05-06T16:26:51+00:00 CRITICAL Uncaught Error: Call to undefined function wp_reset_vars() in D:\programming\OpenServer\domains\severinsixa\wp-admin\post.php:17
Stack trace:
#0 D:\programming\OpenServer\domains\severinsixa\wp-content\themes\severinsixa\post_fields\init.php(2): require_once()
#1 D:\programming\OpenServer\domains\severinsixa\wp-content\themes\severinsixa\functions.php(8): require_once('D:\\programming\\...')
#2 D:\programming\OpenServer\domains\severinsixa\wp-settings.php(555): include('D:\\programming\\...')
#3 D:\programming\OpenServer\domains\severinsixa\wp-config.php(126): require_once('D:\\programming\\...')
#4 D:\programming\OpenServer\domains\severinsixa\wp-load.php(50): require_once('D:\\programming\\...')
#5 D:\programming\OpenServer\domains\severinsixa\wp-admin\admin.php(34): require_once('D:\\programming\\...')
#6 D:\programming\OpenServer\domains\severinsixa\wp-admin\edit.php(10): require_once('D:\\programming\\...')
#7 {main}
  thrown in D:\programming\OpenServer\domains\severinsixa\wp-admin\post.php on line 17

2022-05-06T16:26:54+00:00 CRITICAL Uncaught Error: Call to undefined function wp_reset_vars() in D:\programming\OpenServer\domains\severinsixa\wp-admin\post.php:17
Stack trace:
#0 D:\programming\OpenServer\domains\severinsixa\wp-content\themes\severinsixa\post_fields\init.php(2): require_once()
#1 D:\programming\OpenServer\domains\severinsixa\wp-content\themes\severinsixa\functions.php(8): require_once('D:\\programming\\...')
#2 D:\programming\OpenServer\domains\severinsixa\wp-settings.php(555): include('D:\\programming\\...')
#3 D:\programming\OpenServer\domains\severinsixa\wp-config.php(126): require_once('D:\\programming\\...')
#4 D:\programming\OpenServer\domains\severinsixa\wp-load.php(50): require_once('D:\\programming\\...')
#5 D:\programming\OpenServer\domains\severinsixa\wp-admin\admin.php(34): require_once('D:\\programming\\...')
#6 D:\programming\OpenServer\domains\severinsixa\wp-admin\edit.php(10): require_once('D:\\programming\\...')
#7 {main}
  thrown in D:\programming\OpenServer\domains\severinsixa\wp-admin\post.php on line 17

2022-05-06T16:27:07+00:00 CRITICAL Uncaught Error: Call to undefined function wp_reset_vars() in D:\programming\OpenServer\domains\severinsixa\wp-admin\post.php:17
Stack trace:
#0 D:\programming\OpenServer\domains\severinsixa\wp-content\themes\severinsixa\post_fields\init.php(2): require_once()
#1 D:\programming\OpenServer\domains\severinsixa\wp-content\themes\severinsixa\functions.php(8): require_once('D:\\programming\\...')
#2 D:\programming\OpenServer\domains\severinsixa\wp-settings.php(555): include('D:\\programming\\...')
#3 D:\programming\OpenServer\domains\severinsixa\wp-config.php(126): require_once('D:\\programming\\...')
#4 D:\programming\OpenServer\domains\severinsixa\wp-load.php(50): require_once('D:\\programming\\...')
#5 D:\programming\OpenServer\domains\severinsixa\wp-admin\admin.php(34): require_once('D:\\programming\\...')
#6 D:\programming\OpenServer\domains\severinsixa\wp-admin\edit.php(10): require_once('D:\\programming\\...')
#7 {main}
  thrown in D:\programming\OpenServer\domains\severinsixa\wp-admin\post.php on line 17

2022-05-06T16:27:23+00:00 CRITICAL Uncaught Error: Call to undefined function wp_reset_vars() in D:\programming\OpenServer\domains\severinsixa\wp-admin\post.php:17
Stack trace:
#0 D:\programming\OpenServer\domains\severinsixa\wp-content\themes\severinsixa\post_fields\init.php(2): require_once()
#1 D:\programming\OpenServer\domains\severinsixa\wp-content\themes\severinsixa\functions.php(8): require_once('D:\\programming\\...')
#2 D:\programming\OpenServer\domains\severinsixa\wp-settings.php(555): include('D:\\programming\\...')
#3 D:\programming\OpenServer\domains\severinsixa\wp-config.php(126): require_once('D:\\programming\\...')
#4 D:\programming\OpenServer\domains\severinsixa\wp-load.php(50): require_once('D:\\programming\\...')
#5 D:\programming\OpenServer\domains\severinsixa\wp-admin\admin.php(34): require_once('D:\\programming\\...')
#6 D:\programming\OpenServer\domains\severinsixa\wp-admin\edit.php(10): require_once('D:\\programming\\...')
#7 {main}
  thrown in D:\programming\OpenServer\domains\severinsixa\wp-admin\post.php on line 17

2022-05-06T16:27:26+00:00 CRITICAL Uncaught Error: Call to undefined function wp_reset_vars() in D:\programming\OpenServer\domains\severinsixa\wp-admin\post.php:17
Stack trace:
#0 D:\programming\OpenServer\domains\severinsixa\wp-content\themes\severinsixa\post_fields\init.php(2): require_once()
#1 D:\programming\OpenServer\domains\severinsixa\wp-content\themes\severinsixa\functions.php(8): require_once('D:\\programming\\...')
#2 D:\programming\OpenServer\domains\severinsixa\wp-settings.php(555): include('D:\\programming\\...')
#3 D:\programming\OpenServer\domains\severinsixa\wp-config.php(126): require_once('D:\\programming\\...')
#4 D:\programming\OpenServer\domains\severinsixa\wp-load.php(50): require_once('D:\\programming\\...')
#5 D:\programming\OpenServer\domains\severinsixa\wp-admin\admin.php(34): require_once('D:\\programming\\...')
#6 D:\programming\OpenServer\domains\severinsixa\wp-admin\edit.php(10): require_once('D:\\programming\\...')
#7 {main}
  thrown in D:\programming\OpenServer\domains\severinsixa\wp-admin\post.php on line 17

2022-05-06T16:27:40+00:00 CRITICAL Uncaught Error: Call to undefined function wp_reset_vars() in D:\programming\OpenServer\domains\severinsixa\wp-admin\post.php:17
Stack trace:
#0 D:\programming\OpenServer\domains\severinsixa\wp-content\themes\severinsixa\post_fields\init.php(2): require_once()
#1 D:\programming\OpenServer\domains\severinsixa\wp-content\themes\severinsixa\functions.php(8): require_once('D:\\programming\\...')
#2 D:\programming\OpenServer\domains\severinsixa\wp-settings.php(555): include('D:\\programming\\...')
#3 D:\programming\OpenServer\domains\severinsixa\wp-config.php(126): require_once('D:\\programming\\...')
#4 D:\programming\OpenServer\domains\severinsixa\wp-load.php(50): require_once('D:\\programming\\...')
#5 D:\programming\OpenServer\domains\severinsixa\wp-admin\admin.php(34): require_once('D:\\programming\\...')
#6 D:\programming\OpenServer\domains\severinsixa\wp-admin\edit.php(10): require_once('D:\\programming\\...')
#7 {main}
  thrown in D:\programming\OpenServer\domains\severinsixa\wp-admin\post.php on line 17

2022-05-06T16:27:48+00:00 CRITICAL Uncaught Error: Call to undefined function wp_reset_vars() in D:\programming\OpenServer\domains\severinsixa\wp-admin\post.php:17
Stack trace:
#0 D:\programming\OpenServer\domains\severinsixa\wp-content\themes\severinsixa\post_fields\init.php(2): require_once()
#1 D:\programming\OpenServer\domains\severinsixa\wp-content\themes\severinsixa\functions.php(8): require_once('D:\\programming\\...')
#2 D:\programming\OpenServer\domains\severinsixa\wp-settings.php(555): include('D:\\programming\\...')
#3 D:\programming\OpenServer\domains\severinsixa\wp-config.php(126): require_once('D:\\programming\\...')
#4 D:\programming\OpenServer\domains\severinsixa\wp-load.php(50): require_once('D:\\programming\\...')
#5 D:\programming\OpenServer\domains\severinsixa\wp-admin\admin.php(34): require_once('D:\\programming\\...')
#6 D:\programming\OpenServer\domains\severinsixa\wp-admin\edit.php(10): require_once('D:\\programming\\...')
#7 {main}
  thrown in D:\programming\OpenServer\domains\severinsixa\wp-admin\post.php on line 17

2022-05-06T16:28:51+00:00 CRITICAL Uncaught Error: Call to undefined function wp_reset_vars() in D:\programming\OpenServer\domains\severinsixa\wp-admin\post.php:17
Stack trace:
#0 D:\programming\OpenServer\domains\severinsixa\wp-content\themes\severinsixa\post_fields\init.php(2): require_once()
#1 D:\programming\OpenServer\domains\severinsixa\wp-content\themes\severinsixa\functions.php(8): require_once('D:\\programming\\...')
#2 D:\programming\OpenServer\domains\severinsixa\wp-settings.php(555): include('D:\\programming\\...')
#3 D:\programming\OpenServer\domains\severinsixa\wp-config.php(126): require_once('D:\\programming\\...')
#4 D:\programming\OpenServer\domains\severinsixa\wp-load.php(50): require_once('D:\\programming\\...')
#5 D:\programming\OpenServer\domains\severinsixa\wp-admin\admin.php(34): require_once('D:\\programming\\...')
#6 D:\programming\OpenServer\domains\severinsixa\wp-admin\edit.php(10): require_once('D:\\programming\\...')
#7 {main}
  thrown in D:\programming\OpenServer\domains\severinsixa\wp-admin\post.php on line 17

2022-05-06T16:29:26+00:00 CRITICAL Uncaught Error: Call to undefined function wp_reset_vars() in D:\programming\OpenServer\domains\severinsixa\wp-admin\post.php:17
Stack trace:
#0 D:\programming\OpenServer\domains\severinsixa\wp-content\themes\severinsixa\post_fields\init.php(2): require_once()
#1 D:\programming\OpenServer\domains\severinsixa\wp-content\themes\severinsixa\functions.php(8): require_once('D:\\programming\\...')
#2 D:\programming\OpenServer\domains\severinsixa\wp-settings.php(555): include('D:\\programming\\...')
#3 D:\programming\OpenServer\domains\severinsixa\wp-config.php(126): require_once('D:\\programming\\...')
#4 D:\programming\OpenServer\domains\severinsixa\wp-load.php(50): require_once('D:\\programming\\...')
#5 D:\programming\OpenServer\domains\severinsixa\wp-admin\admin.php(34): require_once('D:\\programming\\...')
#6 D:\programming\OpenServer\domains\severinsixa\wp-admin\edit.php(10): require_once('D:\\programming\\...')
#7 {main}
  thrown in D:\programming\OpenServer\domains\severinsixa\wp-admin\post.php on line 17

2022-05-06T16:29:41+00:00 CRITICAL Uncaught Error: Call to undefined function wp_reset_vars() in D:\programming\OpenServer\domains\severinsixa\wp-admin\post.php:17
Stack trace:
#0 D:\programming\OpenServer\domains\severinsixa\wp-content\themes\severinsixa\post_fields\init.php(2): require_once()
#1 D:\programming\OpenServer\domains\severinsixa\wp-content\themes\severinsixa\functions.php(8): require_once('D:\\programming\\...')
#2 D:\programming\OpenServer\domains\severinsixa\wp-settings.php(555): include('D:\\programming\\...')
#3 D:\programming\OpenServer\domains\severinsixa\wp-config.php(126): require_once('D:\\programming\\...')
#4 D:\programming\OpenServer\domains\severinsixa\wp-load.php(50): require_once('D:\\programming\\...')
#5 D:\programming\OpenServer\domains\severinsixa\wp-admin\admin.php(34): require_once('D:\\programming\\...')
#6 D:\programming\OpenServer\domains\severinsixa\wp-admin\edit.php(10): require_once('D:\\programming\\...')
#7 {main}
  thrown in D:\programming\OpenServer\domains\severinsixa\wp-admin\post.php on line 17

2022-05-06T16:29:49+00:00 CRITICAL Uncaught Error: Call to undefined function wp_reset_vars() in D:\programming\OpenServer\domains\severinsixa\wp-admin\post.php:17
Stack trace:
#0 D:\programming\OpenServer\domains\severinsixa\wp-content\themes\severinsixa\post_fields\init.php(2): require_once()
#1 D:\programming\OpenServer\domains\severinsixa\wp-content\themes\severinsixa\functions.php(8): require_once('D:\\programming\\...')
#2 D:\programming\OpenServer\domains\severinsixa\wp-settings.php(555): include('D:\\programming\\...')
#3 D:\programming\OpenServer\domains\severinsixa\wp-config.php(126): require_once('D:\\programming\\...')
#4 D:\programming\OpenServer\domains\severinsixa\wp-load.php(50): require_once('D:\\programming\\...')
#5 D:\programming\OpenServer\domains\severinsixa\wp-admin\admin.php(34): require_once('D:\\programming\\...')
#6 D:\programming\OpenServer\domains\severinsixa\wp-admin\edit.php(10): require_once('D:\\programming\\...')
#7 {main}
  thrown in D:\programming\OpenServer\domains\severinsixa\wp-admin\post.php on line 17

2022-05-06T16:30:07+00:00 CRITICAL Uncaught Error: Call to undefined function wp_reset_vars() in D:\programming\OpenServer\domains\severinsixa\wp-admin\post.php:17
Stack trace:
#0 D:\programming\OpenServer\domains\severinsixa\wp-content\themes\severinsixa\post_fields\init.php(2): require_once()
#1 D:\programming\OpenServer\domains\severinsixa\wp-content\themes\severinsixa\functions.php(8): require_once('D:\\programming\\...')
#2 D:\programming\OpenServer\domains\severinsixa\wp-settings.php(555): include('D:\\programming\\...')
#3 D:\programming\OpenServer\domains\severinsixa\wp-config.php(126): require_once('D:\\programming\\...')
#4 D:\programming\OpenServer\domains\severinsixa\wp-load.php(50): require_once('D:\\programming\\...')
#5 D:\programming\OpenServer\domains\severinsixa\wp-admin\admin.php(34): require_once('D:\\programming\\...')
#6 D:\programming\OpenServer\domains\severinsixa\wp-admin\edit.php(10): require_once('D:\\programming\\...')
#7 {main}
  thrown in D:\programming\OpenServer\domains\severinsixa\wp-admin\post.php on line 17

2022-05-06T16:30:13+00:00 CRITICAL Uncaught Error: Call to undefined function wp_reset_vars() in D:\programming\OpenServer\domains\severinsixa\wp-admin\post.php:17
Stack trace:
#0 D:\programming\OpenServer\domains\severinsixa\wp-content\themes\severinsixa\post_fields\init.php(2): require_once()
#1 D:\programming\OpenServer\domains\severinsixa\wp-content\themes\severinsixa\functions.php(8): require_once('D:\\programming\\...')
#2 D:\programming\OpenServer\domains\severinsixa\wp-settings.php(555): include('D:\\programming\\...')
#3 D:\programming\OpenServer\domains\severinsixa\wp-config.php(126): require_once('D:\\programming\\...')
#4 D:\programming\OpenServer\domains\severinsixa\wp-load.php(50): require_once('D:\\programming\\...')
#5 D:\programming\OpenServer\domains\severinsixa\wp-admin\admin.php(34): require_once('D:\\programming\\...')
#6 D:\programming\OpenServer\domains\severinsixa\wp-admin\edit.php(10): require_once('D:\\programming\\...')
#7 {main}
  thrown in D:\programming\OpenServer\domains\severinsixa\wp-admin\post.php on line 17

2022-05-06T16:30:19+00:00 CRITICAL Uncaught Error: Call to undefined function wp_reset_vars() in D:\programming\OpenServer\domains\severinsixa\wp-admin\post.php:17
Stack trace:
#0 D:\programming\OpenServer\domains\severinsixa\wp-content\themes\severinsixa\post_fields\init.php(2): require_once()
#1 D:\programming\OpenServer\domains\severinsixa\wp-content\themes\severinsixa\functions.php(8): require_once('D:\\programming\\...')
#2 D:\programming\OpenServer\domains\severinsixa\wp-settings.php(555): include('D:\\programming\\...')
#3 D:\programming\OpenServer\domains\severinsixa\wp-config.php(126): require_once('D:\\programming\\...')
#4 D:\programming\OpenServer\domains\severinsixa\wp-load.php(50): require_once('D:\\programming\\...')
#5 D:\programming\OpenServer\domains\severinsixa\wp-admin\admin.php(34): require_once('D:\\programming\\...')
#6 D:\programming\OpenServer\domains\severinsixa\wp-admin\edit.php(10): require_once('D:\\programming\\...')
#7 {main}
  thrown in D:\programming\OpenServer\domains\severinsixa\wp-admin\post.php on line 17

2022-05-06T16:30:24+00:00 CRITICAL Uncaught Error: Call to undefined function wp_reset_vars() in D:\programming\OpenServer\domains\severinsixa\wp-admin\post.php:17
Stack trace:
#0 D:\programming\OpenServer\domains\severinsixa\wp-content\themes\severinsixa\post_fields\init.php(2): require_once()
#1 D:\programming\OpenServer\domains\severinsixa\wp-content\themes\severinsixa\functions.php(8): require_once('D:\\programming\\...')
#2 D:\programming\OpenServer\domains\severinsixa\wp-settings.php(555): include('D:\\programming\\...')
#3 D:\programming\OpenServer\domains\severinsixa\wp-config.php(126): require_once('D:\\programming\\...')
#4 D:\programming\OpenServer\domains\severinsixa\wp-load.php(50): require_once('D:\\programming\\...')
#5 D:\programming\OpenServer\domains\severinsixa\wp-admin\admin.php(34): require_once('D:\\programming\\...')
#6 D:\programming\OpenServer\domains\severinsixa\wp-admin\edit-tags.php(10): require_once('D:\\programming\\...')
#7 {main}
  thrown in D:\programming\OpenServer\domains\severinsixa\wp-admin\post.php on line 17

2022-05-06T16:30:25+00:00 CRITICAL Uncaught Error: Call to undefined function wp_reset_vars() in D:\programming\OpenServer\domains\severinsixa\wp-admin\post.php:17
Stack trace:
#0 D:\programming\OpenServer\domains\severinsixa\wp-content\themes\severinsixa\post_fields\init.php(2): require_once()
#1 D:\programming\OpenServer\domains\severinsixa\wp-content\themes\severinsixa\functions.php(8): require_once('D:\\programming\\...')
#2 D:\programming\OpenServer\domains\severinsixa\wp-settings.php(555): include('D:\\programming\\...')
#3 D:\programming\OpenServer\domains\severinsixa\wp-config.php(126): require_once('D:\\programming\\...')
#4 D:\programming\OpenServer\domains\severinsixa\wp-load.php(50): require_once('D:\\programming\\...')
#5 D:\programming\OpenServer\domains\severinsixa\wp-admin\admin.php(34): require_once('D:\\programming\\...')
#6 D:\programming\OpenServer\domains\severinsixa\wp-admin\edit.php(10): require_once('D:\\programming\\...')
#7 {main}
  thrown in D:\programming\OpenServer\domains\severinsixa\wp-admin\post.php on line 17

2022-05-06T16:32:07+00:00 CRITICAL Uncaught Error: Call to undefined function wp_reset_vars() in D:\programming\OpenServer\domains\severinsixa\wp-admin\post.php:17
Stack trace:
#0 D:\programming\OpenServer\domains\severinsixa\wp-content\themes\severinsixa\post_fields\init.php(2): require_once()
#1 D:\programming\OpenServer\domains\severinsixa\wp-content\themes\severinsixa\functions.php(8): require_once('D:\\programming\\...')
#2 D:\programming\OpenServer\domains\severinsixa\wp-settings.php(555): include('D:\\programming\\...')
#3 D:\programming\OpenServer\domains\severinsixa\wp-config.php(126): require_once('D:\\programming\\...')
#4 D:\programming\OpenServer\domains\severinsixa\wp-load.php(50): require_once('D:\\programming\\...')
#5 D:\programming\OpenServer\domains\severinsixa\wp-admin\admin.php(34): require_once('D:\\programming\\...')
#6 D:\programming\OpenServer\domains\severinsixa\wp-admin\edit.php(10): require_once('D:\\programming\\...')
#7 {main}
  thrown in D:\programming\OpenServer\domains\severinsixa\wp-admin\post.php on line 17

2022-05-06T16:32:14+00:00 CRITICAL Uncaught Error: Call to undefined function wp_reset_vars() in D:\programming\OpenServer\domains\severinsixa\wp-admin\post.php:17
Stack trace:
#0 D:\programming\OpenServer\domains\severinsixa\wp-content\themes\severinsixa\post_fields\init.php(2): require_once()
#1 D:\programming\OpenServer\domains\severinsixa\wp-content\themes\severinsixa\functions.php(8): require_once('D:\\programming\\...')
#2 D:\programming\OpenServer\domains\severinsixa\wp-settings.php(555): include('D:\\programming\\...')
#3 D:\programming\OpenServer\domains\severinsixa\wp-config.php(126): require_once('D:\\programming\\...')
#4 D:\programming\OpenServer\domains\severinsixa\wp-load.php(50): require_once('D:\\programming\\...')
#5 D:\programming\OpenServer\domains\severinsixa\wp-admin\admin.php(34): require_once('D:\\programming\\...')
#6 D:\programming\OpenServer\domains\severinsixa\wp-admin\edit.php(10): require_once('D:\\programming\\...')
#7 {main}
  thrown in D:\programming\OpenServer\domains\severinsixa\wp-admin\post.php on line 17

2022-05-06T16:32:27+00:00 CRITICAL Uncaught Error: Call to undefined function wp_reset_vars() in D:\programming\OpenServer\domains\severinsixa\wp-admin\post.php:17
Stack trace:
#0 D:\programming\OpenServer\domains\severinsixa\wp-content\themes\severinsixa\post_fields\init.php(2): require_once()
#1 D:\programming\OpenServer\domains\severinsixa\wp-content\themes\severinsixa\functions.php(8): require_once('D:\\programming\\...')
#2 D:\programming\OpenServer\domains\severinsixa\wp-settings.php(555): include('D:\\programming\\...')
#3 D:\programming\OpenServer\domains\severinsixa\wp-config.php(126): require_once('D:\\programming\\...')
#4 D:\programming\OpenServer\domains\severinsixa\wp-load.php(50): require_once('D:\\programming\\...')
#5 D:\programming\OpenServer\domains\severinsixa\wp-admin\admin.php(34): require_once('D:\\programming\\...')
#6 D:\programming\OpenServer\domains\severinsixa\wp-admin\edit.php(10): require_once('D:\\programming\\...')
#7 {main}
  thrown in D:\programming\OpenServer\domains\severinsixa\wp-admin\post.php on line 17

2022-05-06T16:34:08+00:00 CRITICAL Uncaught Error: Call to undefined function wp_reset_vars() in D:\programming\OpenServer\domains\severinsixa\wp-admin\post.php:17
Stack trace:
#0 D:\programming\OpenServer\domains\severinsixa\wp-content\themes\severinsixa\post_fields\init.php(2): require_once()
#1 D:\programming\OpenServer\domains\severinsixa\wp-content\themes\severinsixa\functions.php(8): require_once('D:\\programming\\...')
#2 D:\programming\OpenServer\domains\severinsixa\wp-settings.php(555): include('D:\\programming\\...')
#3 D:\programming\OpenServer\domains\severinsixa\wp-config.php(126): require_once('D:\\programming\\...')
#4 D:\programming\OpenServer\domains\severinsixa\wp-load.php(50): require_once('D:\\programming\\...')
#5 D:\programming\OpenServer\domains\severinsixa\wp-admin\admin.php(34): require_once('D:\\programming\\...')
#6 D:\programming\OpenServer\domains\severinsixa\wp-admin\edit.php(10): require_once('D:\\programming\\...')
#7 {main}
  thrown in D:\programming\OpenServer\domains\severinsixa\wp-admin\post.php on line 17

2022-05-06T16:34:16+00:00 CRITICAL Uncaught Error: Call to undefined function wp_reset_vars() in D:\programming\OpenServer\domains\severinsixa\wp-admin\post.php:17
Stack trace:
#0 D:\programming\OpenServer\domains\severinsixa\wp-content\themes\severinsixa\post_fields\init.php(2): require_once()
#1 D:\programming\OpenServer\domains\severinsixa\wp-content\themes\severinsixa\functions.php(8): require_once('D:\\programming\\...')
#2 D:\programming\OpenServer\domains\severinsixa\wp-settings.php(555): include('D:\\programming\\...')
#3 D:\programming\OpenServer\domains\severinsixa\wp-config.php(126): require_once('D:\\programming\\...')
#4 D:\programming\OpenServer\domains\severinsixa\wp-load.php(50): require_once('D:\\programming\\...')
#5 D:\programming\OpenServer\domains\severinsixa\wp-admin\admin.php(34): require_once('D:\\programming\\...')
#6 D:\programming\OpenServer\domains\severinsixa\wp-admin\edit.php(10): require_once('D:\\programming\\...')
#7 {main}
  thrown in D:\programming\OpenServer\domains\severinsixa\wp-admin\post.php on line 17

2022-05-06T16:34:27+00:00 CRITICAL Uncaught Error: Call to undefined function wp_reset_vars() in D:\programming\OpenServer\domains\severinsixa\wp-admin\post.php:17
Stack trace:
#0 D:\programming\OpenServer\domains\severinsixa\wp-content\themes\severinsixa\post_fields\init.php(2): require_once()
#1 D:\programming\OpenServer\domains\severinsixa\wp-content\themes\severinsixa\functions.php(8): require_once('D:\\programming\\...')
#2 D:\programming\OpenServer\domains\severinsixa\wp-settings.php(555): include('D:\\programming\\...')
#3 D:\programming\OpenServer\domains\severinsixa\wp-config.php(126): require_once('D:\\programming\\...')
#4 D:\programming\OpenServer\domains\severinsixa\wp-load.php(50): require_once('D:\\programming\\...')
#5 D:\programming\OpenServer\domains\severinsixa\wp-admin\admin.php(34): require_once('D:\\programming\\...')
#6 D:\programming\OpenServer\domains\severinsixa\wp-admin\edit.php(10): require_once('D:\\programming\\...')
#7 {main}
  thrown in D:\programming\OpenServer\domains\severinsixa\wp-admin\post.php on line 17

2022-05-06T17:12:05+00:00 CRITICAL Uncaught Error: Call to undefined method WP_Post::post_data() in D:\programming\OpenServer\domains\severinsixa\wp-content\themes\severinsixa\templates\BlogGrid.php:63
Stack trace:
#0 D:\programming\OpenServer\domains\severinsixa\wp-content\plugins\advanced-custom-fields-pro\pro\blocks.php(424): BlogSectionBlogGrid->render()
#1 D:\programming\OpenServer\domains\severinsixa\wp-content\plugins\advanced-custom-fields-pro\pro\blocks.php(367): acf_render_block()
#2 D:\programming\OpenServer\domains\severinsixa\wp-content\plugins\advanced-custom-fields-pro\pro\blocks.php(328): acf_rendered_block()
#3 D:\programming\OpenServer\domains\severinsixa\wp-includes\class-wp-block.php(255): acf_render_block_callback()
#4 D:\programming\OpenServer\domains\severinsixa\wp-includes\blocks.php(883): WP_Block->render()
#5 D:\programming\OpenServer\domains\severinsixa\wp-includes\blocks.php(921): render_block()
#6 D:\programming\OpenServer\domains\severinsixa\wp-includes\class-wp-hook.php(307): do_blocks()
#7 D:\programming\OpenServer\domains\severinsixa\wp-includes\plugin.php(189): WP_Hook->apply_filters()
#8 D:\programming\OpenServer\domains\severinsixa\wp-includes\post-template.php(253): apply_filters()
#9 D:\programming\OpenServer\domains\severinsixa\wp-content\themes\severinsixa\front-page.php(6): the_content()
#10 D:\programming\OpenServer\domains\severinsixa\wp-includes\template-loader.php(106): include('D:\\programming\\...')
#11 D:\programming\OpenServer\domains\severinsixa\wp-blog-header.php(19): require_once('D:\\programming\\...')
#12 D:\programming\OpenServer\domains\severinsixa\index.php(17): require('D:\\programming\\...')
#13 {main}
  thrown in D:\programming\OpenServer\domains\severinsixa\wp-content\themes\severinsixa\templates\BlogGrid.php in Zeile 63

2022-05-06T21:34:03+00:00 CRITICAL Uncaught Error: Class "WP_Site_Health" not found in D:\programming\OpenServer\domains\severinsixa\wp-includes\rest-api.php:341
Stack trace:
#0 D:\programming\OpenServer\domains\severinsixa\wp-includes\class-wp-hook.php(307): create_initial_rest_routes()
#1 D:\programming\OpenServer\domains\severinsixa\wp-includes\class-wp-hook.php(331): WP_Hook->apply_filters()
#2 D:\programming\OpenServer\domains\severinsixa\wp-includes\plugin.php(474): WP_Hook->do_action()
#3 D:\programming\OpenServer\domains\severinsixa\wp-includes\rest-api.php(553): do_action()
#4 D:\programming\OpenServer\domains\severinsixa\wp-content\plugins\wordpress-seo-premium\classes\premium-metabox.php(69): rest_get_server()
#5 D:\programming\OpenServer\domains\severinsixa\wp-content\plugins\wordpress-seo-premium\classes\premium-metabox.php(222): WPSEO_Premium_Metabox::are_content_endpoints_available()
#6 D:\programming\OpenServer\domains\severinsixa\wp-content\plugins\wordpress-seo-premium\classes\premium-metabox.php(120): WPSEO_Premium_Metabox->get_rest_api_config()
#7 D:\programming\OpenServer\domains\severinsixa\wp-content\plugins\wordpress-seo-premium\classes\premium-metabox.php(108): WPSEO_Premium_Metabox->send_data_to_assets()
#8 D:\programming\OpenServer\domains\severinsixa\wp-includes\class-wp-hook.php(307): WPSEO_Premium_Metabox->enqueue_assets()
#9 D:\programming\OpenServer\domains\severinsixa\wp-includes\class-wp-hook.php(331): WP_Hook->apply_filters()
#10 D:\programming\OpenServer\domains\severinsixa\wp-includes\plugin.php(474): WP_Hook->do_action()
#11 D:\programming\OpenServer\domains\severinsixa\wp-admin\admin-header.php(118): do_action()
#12 D:\programming\OpenServer\domains\severinsixa\wp-admin\options.php(353): require_once('D:\\programming\\...')
#13 D:\programming\OpenServer\domains\severinsixa\wp-content\themes\severinsixa\post_fields\init.php(5): require_once('D:\\programming\\...')
#14 D:\programming\OpenServer\domains\severinsixa\wp-content\themes\severinsixa\functions.php(8): require_once('D:\\programming\\...')
#15 D:\programming\OpenServer\domains\severinsixa\wp-settings.php(555): include('D:\\programming\\...')
#16 D:\programming\OpenServer\domains\severinsixa\wp-config.php(126): require_once('D:\\programming\\...')
#17 D:\programming\OpenServer\domains\severinsixa\wp-load.php(50): require_once('D:\\programming\\...')
#18 D:\programming\OpenServer\domains\severinsixa\wp-admin\admin-ajax.php(22): require_once('D:\\programming\\...')
#19 {main}
  thrown in D:\programming\OpenServer\domains\severinsixa\wp-includes\rest-api.php on line 341

2022-05-06T21:34:06+00:00 CRITICAL Uncaught Error: Class "WP_Site_Health" not found in D:\programming\OpenServer\domains\severinsixa\wp-includes\rest-api.php:341
Stack trace:
#0 D:\programming\OpenServer\domains\severinsixa\wp-includes\class-wp-hook.php(307): create_initial_rest_routes()
#1 D:\programming\OpenServer\domains\severinsixa\wp-includes\class-wp-hook.php(331): WP_Hook->apply_filters()
#2 D:\programming\OpenServer\domains\severinsixa\wp-includes\plugin.php(474): WP_Hook->do_action()
#3 D:\programming\OpenServer\domains\severinsixa\wp-includes\rest-api.php(553): do_action()
#4 D:\programming\OpenServer\domains\severinsixa\wp-content\plugins\wordpress-seo-premium\classes\premium-metabox.php(69): rest_get_server()
#5 D:\programming\OpenServer\domains\severinsixa\wp-content\plugins\wordpress-seo-premium\classes\premium-metabox.php(222): WPSEO_Premium_Metabox::are_content_endpoints_available()
#6 D:\programming\OpenServer\domains\severinsixa\wp-content\plugins\wordpress-seo-premium\classes\premium-metabox.php(120): WPSEO_Premium_Metabox->get_rest_api_config()
#7 D:\programming\OpenServer\domains\severinsixa\wp-content\plugins\wordpress-seo-premium\classes\premium-metabox.php(108): WPSEO_Premium_Metabox->send_data_to_assets()
#8 D:\programming\OpenServer\domains\severinsixa\wp-includes\class-wp-hook.php(307): WPSEO_Premium_Metabox->enqueue_assets()
#9 D:\programming\OpenServer\domains\severinsixa\wp-includes\class-wp-hook.php(331): WP_Hook->apply_filters()
#10 D:\programming\OpenServer\domains\severinsixa\wp-includes\plugin.php(474): WP_Hook->do_action()
#11 D:\programming\OpenServer\domains\severinsixa\wp-admin\admin-header.php(118): do_action()
#12 D:\programming\OpenServer\domains\severinsixa\wp-admin\options.php(353): require_once('D:\\programming\\...')
#13 D:\programming\OpenServer\domains\severinsixa\wp-content\themes\severinsixa\post_fields\init.php(5): require_once('D:\\programming\\...')
#14 D:\programming\OpenServer\domains\severinsixa\wp-content\themes\severinsixa\functions.php(8): require_once('D:\\programming\\...')
#15 D:\programming\OpenServer\domains\severinsixa\wp-settings.php(555): include('D:\\programming\\...')
#16 D:\programming\OpenServer\domains\severinsixa\wp-config.php(126): require_once('D:\\programming\\...')
#17 D:\programming\OpenServer\domains\severinsixa\wp-load.php(50): require_once('D:\\programming\\...')
#18 D:\programming\OpenServer\domains\severinsixa\wp-admin\admin-ajax.php(22): require_once('D:\\programming\\...')
#19 {main}
  thrown in D:\programming\OpenServer\domains\severinsixa\wp-includes\rest-api.php on line 341

2022-05-06T21:34:11+00:00 CRITICAL Uncaught Error: Class "WP_Site_Health" not found in D:\programming\OpenServer\domains\severinsixa\wp-includes\rest-api.php:341
Stack trace:
#0 D:\programming\OpenServer\domains\severinsixa\wp-includes\class-wp-hook.php(307): create_initial_rest_routes()
#1 D:\programming\OpenServer\domains\severinsixa\wp-includes\class-wp-hook.php(331): WP_Hook->apply_filters()
#2 D:\programming\OpenServer\domains\severinsixa\wp-includes\plugin.php(474): WP_Hook->do_action()
#3 D:\programming\OpenServer\domains\severinsixa\wp-includes\rest-api.php(553): do_action()
#4 D:\programming\OpenServer\domains\severinsixa\wp-content\plugins\wordpress-seo-premium\classes\premium-metabox.php(69): rest_get_server()
#5 D:\programming\OpenServer\domains\severinsixa\wp-content\plugins\wordpress-seo-premium\classes\premium-metabox.php(222): WPSEO_Premium_Metabox::are_content_endpoints_available()
#6 D:\programming\OpenServer\domains\severinsixa\wp-content\plugins\wordpress-seo-premium\classes\premium-metabox.php(120): WPSEO_Premium_Metabox->get_rest_api_config()
#7 D:\programming\OpenServer\domains\severinsixa\wp-content\plugins\wordpress-seo-premium\classes\premium-metabox.php(108): WPSEO_Premium_Metabox->send_data_to_assets()
#8 D:\programming\OpenServer\domains\severinsixa\wp-includes\class-wp-hook.php(307): WPSEO_Premium_Metabox->enqueue_assets()
#9 D:\programming\OpenServer\domains\severinsixa\wp-includes\class-wp-hook.php(331): WP_Hook->apply_filters()
#10 D:\programming\OpenServer\domains\severinsixa\wp-includes\plugin.php(474): WP_Hook->do_action()
#11 D:\programming\OpenServer\domains\severinsixa\wp-admin\admin-header.php(118): do_action()
#12 D:\programming\OpenServer\domains\severinsixa\wp-admin\options.php(353): require_once('D:\\programming\\...')
#13 D:\programming\OpenServer\domains\severinsixa\wp-content\themes\severinsixa\post_fields\init.php(5): require_once('D:\\programming\\...')
#14 D:\programming\OpenServer\domains\severinsixa\wp-content\themes\severinsixa\functions.php(8): require_once('D:\\programming\\...')
#15 D:\programming\OpenServer\domains\severinsixa\wp-settings.php(555): include('D:\\programming\\...')
#16 D:\programming\OpenServer\domains\severinsixa\wp-config.php(126): require_once('D:\\programming\\...')
#17 D:\programming\OpenServer\domains\severinsixa\wp-load.php(50): require_once('D:\\programming\\...')
#18 D:\programming\OpenServer\domains\severinsixa\wp-admin\admin-ajax.php(22): require_once('D:\\programming\\...')
#19 {main}
  thrown in D:\programming\OpenServer\domains\severinsixa\wp-includes\rest-api.php on line 341

2022-05-06T21:34:21+00:00 CRITICAL Uncaught Error: Class "WP_Site_Health" not found in D:\programming\OpenServer\domains\severinsixa\wp-includes\rest-api.php:341
Stack trace:
#0 D:\programming\OpenServer\domains\severinsixa\wp-includes\class-wp-hook.php(307): create_initial_rest_routes()
#1 D:\programming\OpenServer\domains\severinsixa\wp-includes\class-wp-hook.php(331): WP_Hook->apply_filters()
#2 D:\programming\OpenServer\domains\severinsixa\wp-includes\plugin.php(474): WP_Hook->do_action()
#3 D:\programming\OpenServer\domains\severinsixa\wp-includes\rest-api.php(553): do_action()
#4 D:\programming\OpenServer\domains\severinsixa\wp-content\plugins\wordpress-seo-premium\classes\premium-metabox.php(69): rest_get_server()
#5 D:\programming\OpenServer\domains\severinsixa\wp-content\plugins\wordpress-seo-premium\classes\premium-metabox.php(222): WPSEO_Premium_Metabox::are_content_endpoints_available()
#6 D:\programming\OpenServer\domains\severinsixa\wp-content\plugins\wordpress-seo-premium\classes\premium-metabox.php(120): WPSEO_Premium_Metabox->get_rest_api_config()
#7 D:\programming\OpenServer\domains\severinsixa\wp-content\plugins\wordpress-seo-premium\classes\premium-metabox.php(108): WPSEO_Premium_Metabox->send_data_to_assets()
#8 D:\programming\OpenServer\domains\severinsixa\wp-includes\class-wp-hook.php(307): WPSEO_Premium_Metabox->enqueue_assets()
#9 D:\programming\OpenServer\domains\severinsixa\wp-includes\class-wp-hook.php(331): WP_Hook->apply_filters()
#10 D:\programming\OpenServer\domains\severinsixa\wp-includes\plugin.php(474): WP_Hook->do_action()
#11 D:\programming\OpenServer\domains\severinsixa\wp-admin\admin-header.php(118): do_action()
#12 D:\programming\OpenServer\domains\severinsixa\wp-admin\options.php(353): require_once('D:\\programming\\...')
#13 D:\programming\OpenServer\domains\severinsixa\wp-content\themes\severinsixa\post_fields\init.php(5): require_once('D:\\programming\\...')
#14 D:\programming\OpenServer\domains\severinsixa\wp-content\themes\severinsixa\functions.php(8): require_once('D:\\programming\\...')
#15 D:\programming\OpenServer\domains\severinsixa\wp-settings.php(555): include('D:\\programming\\...')
#16 D:\programming\OpenServer\domains\severinsixa\wp-config.php(126): require_once('D:\\programming\\...')
#17 D:\programming\OpenServer\domains\severinsixa\wp-load.php(50): require_once('D:\\programming\\...')
#18 D:\programming\OpenServer\domains\severinsixa\wp-admin\admin-ajax.php(22): require_once('D:\\programming\\...')
#19 {main}
  thrown in D:\programming\OpenServer\domains\severinsixa\wp-includes\rest-api.php on line 341

2022-05-06T21:34:28+00:00 CRITICAL Uncaught Error: Call to undefined function wp_reset_vars() in D:\programming\OpenServer\domains\severinsixa\wp-admin\options.php:26
Stack trace:
#0 D:\programming\OpenServer\domains\severinsixa\wp-content\themes\severinsixa\post_fields\init.php(5): require_once()
#1 D:\programming\OpenServer\domains\severinsixa\wp-content\themes\severinsixa\functions.php(8): require_once('D:\\programming\\...')
#2 D:\programming\OpenServer\domains\severinsixa\wp-settings.php(555): include('D:\\programming\\...')
#3 D:\programming\OpenServer\domains\severinsixa\wp-config.php(126): require_once('D:\\programming\\...')
#4 D:\programming\OpenServer\domains\severinsixa\wp-load.php(50): require_once('D:\\programming\\...')
#5 D:\programming\OpenServer\domains\severinsixa\wp-admin\admin.php(34): require_once('D:\\programming\\...')
#6 D:\programming\OpenServer\domains\severinsixa\wp-admin\post-new.php(10): require_once('D:\\programming\\...')
#7 {main}
  thrown in D:\programming\OpenServer\domains\severinsixa\wp-admin\options.php on line 26

2022-05-06T21:35:36+00:00 CRITICAL Uncaught Error: Call to undefined function wp_reset_vars() in D:\programming\OpenServer\domains\severinsixa\wp-admin\options.php:26
Stack trace:
#0 D:\programming\OpenServer\domains\severinsixa\wp-content\themes\severinsixa\post_fields\init.php(5): require_once()
#1 D:\programming\OpenServer\domains\severinsixa\wp-content\themes\severinsixa\functions.php(8): require_once('D:\\programming\\...')
#2 D:\programming\OpenServer\domains\severinsixa\wp-settings.php(555): include('D:\\programming\\...')
#3 D:\programming\OpenServer\domains\severinsixa\wp-config.php(126): require_once('D:\\programming\\...')
#4 D:\programming\OpenServer\domains\severinsixa\wp-load.php(50): require_once('D:\\programming\\...')
#5 D:\programming\OpenServer\domains\severinsixa\wp-admin\admin.php(34): require_once('D:\\programming\\...')
#6 D:\programming\OpenServer\domains\severinsixa\wp-admin\post-new.php(10): require_once('D:\\programming\\...')
#7 {main}
  thrown in D:\programming\OpenServer\domains\severinsixa\wp-admin\options.php on line 26

2022-05-06T21:36:03+00:00 CRITICAL Uncaught Error: Class "WP_Site_Health" not found in D:\programming\OpenServer\domains\severinsixa\wp-includes\rest-api.php:341
Stack trace:
#0 D:\programming\OpenServer\domains\severinsixa\wp-includes\class-wp-hook.php(307): create_initial_rest_routes()
#1 D:\programming\OpenServer\domains\severinsixa\wp-includes\class-wp-hook.php(331): WP_Hook->apply_filters()
#2 D:\programming\OpenServer\domains\severinsixa\wp-includes\plugin.php(474): WP_Hook->do_action()
#3 D:\programming\OpenServer\domains\severinsixa\wp-includes\rest-api.php(553): do_action()
#4 D:\programming\OpenServer\domains\severinsixa\wp-content\plugins\wordpress-seo-premium\classes\premium-metabox.php(69): rest_get_server()
#5 D:\programming\OpenServer\domains\severinsixa\wp-content\plugins\wordpress-seo-premium\classes\premium-metabox.php(222): WPSEO_Premium_Metabox::are_content_endpoints_available()
#6 D:\programming\OpenServer\domains\severinsixa\wp-content\plugins\wordpress-seo-premium\classes\premium-metabox.php(120): WPSEO_Premium_Metabox->get_rest_api_config()
#7 D:\programming\OpenServer\domains\severinsixa\wp-content\plugins\wordpress-seo-premium\classes\premium-metabox.php(108): WPSEO_Premium_Metabox->send_data_to_assets()
#8 D:\programming\OpenServer\domains\severinsixa\wp-includes\class-wp-hook.php(307): WPSEO_Premium_Metabox->enqueue_assets()
#9 D:\programming\OpenServer\domains\severinsixa\wp-includes\class-wp-hook.php(331): WP_Hook->apply_filters()
#10 D:\programming\OpenServer\domains\severinsixa\wp-includes\plugin.php(474): WP_Hook->do_action()
#11 D:\programming\OpenServer\domains\severinsixa\wp-admin\admin-header.php(118): do_action()
#12 D:\programming\OpenServer\domains\severinsixa\wp-admin\options.php(353): require_once('D:\\programming\\...')
#13 D:\programming\OpenServer\domains\severinsixa\wp-content\themes\severinsixa\post_fields\init.php(5): require_once('D:\\programming\\...')
#14 D:\programming\OpenServer\domains\severinsixa\wp-content\themes\severinsixa\functions.php(8): require_once('D:\\programming\\...')
#15 D:\programming\OpenServer\domains\severinsixa\wp-settings.php(555): include('D:\\programming\\...')
#16 D:\programming\OpenServer\domains\severinsixa\wp-config.php(126): require_once('D:\\programming\\...')
#17 D:\programming\OpenServer\domains\severinsixa\wp-load.php(50): require_once('D:\\programming\\...')
#18 D:\programming\OpenServer\domains\severinsixa\wp-admin\admin-ajax.php(22): require_once('D:\\programming\\...')
#19 {main}
  thrown in D:\programming\OpenServer\domains\severinsixa\wp-includes\rest-api.php on line 341

