2022-05-14T15:26:38+00:00 CRITICAL Uncaught Error: Cannot use object of type WP_Term as array in D:\programming\OpenServer\domains\severinsixa\wp-content\themes\severinsixa\templates\CategoryGrid.php:56
Stack trace:
#0 D:\programming\OpenServer\domains\severinsixa\wp-content\plugins\advanced-custom-fields-pro\pro\blocks.php(424): BlogSectionCategoryGrid->render()
#1 D:\programming\OpenServer\domains\severinsixa\wp-content\plugins\advanced-custom-fields-pro\pro\blocks.php(367): acf_render_block()
#2 D:\programming\OpenServer\domains\severinsixa\wp-content\plugins\advanced-custom-fields-pro\pro\blocks.php(328): acf_rendered_block()
#3 D:\programming\OpenServer\domains\severinsixa\wp-includes\class-wp-block.php(255): acf_render_block_callback()
#4 D:\programming\OpenServer\domains\severinsixa\wp-includes\blocks.php(883): WP_Block->render()
#5 D:\programming\OpenServer\domains\severinsixa\wp-includes\blocks.php(921): render_block()
#6 D:\programming\OpenServer\domains\severinsixa\wp-includes\class-wp-hook.php(307): do_blocks()
#7 D:\programming\OpenServer\domains\severinsixa\wp-includes\plugin.php(189): WP_Hook->apply_filters()
#8 D:\programming\OpenServer\domains\severinsixa\wp-includes\post-template.php(253): apply_filters()
#9 D:\programming\OpenServer\domains\severinsixa\wp-content\themes\severinsixa\front-page.php(6): the_content()
#10 D:\programming\OpenServer\domains\severinsixa\wp-includes\template-loader.php(106): include('D:\\programming\\...')
#11 D:\programming\OpenServer\domains\severinsixa\wp-blog-header.php(19): require_once('D:\\programming\\...')
#12 D:\programming\OpenServer\domains\severinsixa\index.php(17): require('D:\\programming\\...')
#13 {main}
  thrown in D:\programming\OpenServer\domains\severinsixa\wp-content\themes\severinsixa\templates\CategoryGrid.php in Zeile 56

2022-05-14T15:27:57+00:00 CRITICAL Uncaught Error: Cannot use object of type WP_Term as array in D:\programming\OpenServer\domains\severinsixa\wp-content\themes\severinsixa\templates\CategoryGrid.php:61
Stack trace:
#0 D:\programming\OpenServer\domains\severinsixa\wp-content\plugins\advanced-custom-fields-pro\pro\blocks.php(424): BlogSectionCategoryGrid->render()
#1 D:\programming\OpenServer\domains\severinsixa\wp-content\plugins\advanced-custom-fields-pro\pro\blocks.php(367): acf_render_block()
#2 D:\programming\OpenServer\domains\severinsixa\wp-content\plugins\advanced-custom-fields-pro\pro\blocks.php(328): acf_rendered_block()
#3 D:\programming\OpenServer\domains\severinsixa\wp-includes\class-wp-block.php(255): acf_render_block_callback()
#4 D:\programming\OpenServer\domains\severinsixa\wp-includes\blocks.php(883): WP_Block->render()
#5 D:\programming\OpenServer\domains\severinsixa\wp-includes\blocks.php(921): render_block()
#6 D:\programming\OpenServer\domains\severinsixa\wp-includes\class-wp-hook.php(307): do_blocks()
#7 D:\programming\OpenServer\domains\severinsixa\wp-includes\plugin.php(189): WP_Hook->apply_filters()
#8 D:\programming\OpenServer\domains\severinsixa\wp-includes\post-template.php(253): apply_filters()
#9 D:\programming\OpenServer\domains\severinsixa\wp-content\themes\severinsixa\front-page.php(6): the_content()
#10 D:\programming\OpenServer\domains\severinsixa\wp-includes\template-loader.php(106): include('D:\\programming\\...')
#11 D:\programming\OpenServer\domains\severinsixa\wp-blog-header.php(19): require_once('D:\\programming\\...')
#12 D:\programming\OpenServer\domains\severinsixa\index.php(17): require('D:\\programming\\...')
#13 {main}
  thrown in D:\programming\OpenServer\domains\severinsixa\wp-content\themes\severinsixa\templates\CategoryGrid.php in Zeile 61

2022-05-14T15:31:54+00:00 CRITICAL Uncaught Error: Cannot use object of type WP_Term as array in D:\programming\OpenServer\domains\severinsixa\wp-content\themes\severinsixa\templates\CategoryGrid.php:61
Stack trace:
#0 D:\programming\OpenServer\domains\severinsixa\wp-content\plugins\advanced-custom-fields-pro\pro\blocks.php(424): BlogSectionCategoryGrid->render()
#1 D:\programming\OpenServer\domains\severinsixa\wp-content\plugins\advanced-custom-fields-pro\pro\blocks.php(367): acf_render_block()
#2 D:\programming\OpenServer\domains\severinsixa\wp-content\plugins\advanced-custom-fields-pro\pro\blocks.php(328): acf_rendered_block()
#3 D:\programming\OpenServer\domains\severinsixa\wp-includes\class-wp-block.php(255): acf_render_block_callback()
#4 D:\programming\OpenServer\domains\severinsixa\wp-includes\blocks.php(883): WP_Block->render()
#5 D:\programming\OpenServer\domains\severinsixa\wp-includes\blocks.php(921): render_block()
#6 D:\programming\OpenServer\domains\severinsixa\wp-includes\class-wp-hook.php(307): do_blocks()
#7 D:\programming\OpenServer\domains\severinsixa\wp-includes\plugin.php(189): WP_Hook->apply_filters()
#8 D:\programming\OpenServer\domains\severinsixa\wp-includes\post-template.php(253): apply_filters()
#9 D:\programming\OpenServer\domains\severinsixa\wp-content\themes\severinsixa\front-page.php(6): the_content()
#10 D:\programming\OpenServer\domains\severinsixa\wp-includes\template-loader.php(106): include('D:\\programming\\...')
#11 D:\programming\OpenServer\domains\severinsixa\wp-blog-header.php(19): require_once('D:\\programming\\...')
#12 D:\programming\OpenServer\domains\severinsixa\index.php(17): require('D:\\programming\\...')
#13 {main}
  thrown in D:\programming\OpenServer\domains\severinsixa\wp-content\themes\severinsixa\templates\CategoryGrid.php in Zeile 61

2022-05-14T15:33:14+00:00 CRITICAL Uncaught Error: Cannot use object of type WP_Term as array in D:\programming\OpenServer\domains\severinsixa\wp-content\themes\severinsixa\templates\CategoryGrid.php:59
Stack trace:
#0 D:\programming\OpenServer\domains\severinsixa\wp-content\plugins\advanced-custom-fields-pro\pro\blocks.php(424): BlogSectionCategoryGrid->render()
#1 D:\programming\OpenServer\domains\severinsixa\wp-content\plugins\advanced-custom-fields-pro\pro\blocks.php(367): acf_render_block()
#2 D:\programming\OpenServer\domains\severinsixa\wp-content\plugins\advanced-custom-fields-pro\pro\blocks.php(328): acf_rendered_block()
#3 D:\programming\OpenServer\domains\severinsixa\wp-includes\class-wp-block.php(255): acf_render_block_callback()
#4 D:\programming\OpenServer\domains\severinsixa\wp-includes\blocks.php(883): WP_Block->render()
#5 D:\programming\OpenServer\domains\severinsixa\wp-includes\blocks.php(921): render_block()
#6 D:\programming\OpenServer\domains\severinsixa\wp-includes\class-wp-hook.php(307): do_blocks()
#7 D:\programming\OpenServer\domains\severinsixa\wp-includes\plugin.php(189): WP_Hook->apply_filters()
#8 D:\programming\OpenServer\domains\severinsixa\wp-includes\post-template.php(253): apply_filters()
#9 D:\programming\OpenServer\domains\severinsixa\wp-content\themes\severinsixa\front-page.php(6): the_content()
#10 D:\programming\OpenServer\domains\severinsixa\wp-includes\template-loader.php(106): include('D:\\programming\\...')
#11 D:\programming\OpenServer\domains\severinsixa\wp-blog-header.php(19): require_once('D:\\programming\\...')
#12 D:\programming\OpenServer\domains\severinsixa\index.php(17): require('D:\\programming\\...')
#13 {main}
  thrown in D:\programming\OpenServer\domains\severinsixa\wp-content\themes\severinsixa\templates\CategoryGrid.php in Zeile 59

2022-05-14T15:34:27+00:00 CRITICAL Uncaught Error: Cannot use object of type WP_Term as array in D:\programming\OpenServer\domains\severinsixa\wp-content\themes\severinsixa\templates\CategoryGrid.php:62
Stack trace:
#0 D:\programming\OpenServer\domains\severinsixa\wp-content\plugins\advanced-custom-fields-pro\pro\blocks.php(424): BlogSectionCategoryGrid->render()
#1 D:\programming\OpenServer\domains\severinsixa\wp-content\plugins\advanced-custom-fields-pro\pro\blocks.php(367): acf_render_block()
#2 D:\programming\OpenServer\domains\severinsixa\wp-content\plugins\advanced-custom-fields-pro\pro\blocks.php(328): acf_rendered_block()
#3 D:\programming\OpenServer\domains\severinsixa\wp-includes\class-wp-block.php(255): acf_render_block_callback()
#4 D:\programming\OpenServer\domains\severinsixa\wp-includes\blocks.php(883): WP_Block->render()
#5 D:\programming\OpenServer\domains\severinsixa\wp-includes\blocks.php(921): render_block()
#6 D:\programming\OpenServer\domains\severinsixa\wp-includes\class-wp-hook.php(307): do_blocks()
#7 D:\programming\OpenServer\domains\severinsixa\wp-includes\plugin.php(189): WP_Hook->apply_filters()
#8 D:\programming\OpenServer\domains\severinsixa\wp-includes\post-template.php(253): apply_filters()
#9 D:\programming\OpenServer\domains\severinsixa\wp-content\themes\severinsixa\front-page.php(6): the_content()
#10 D:\programming\OpenServer\domains\severinsixa\wp-includes\template-loader.php(106): include('D:\\programming\\...')
#11 D:\programming\OpenServer\domains\severinsixa\wp-blog-header.php(19): require_once('D:\\programming\\...')
#12 D:\programming\OpenServer\domains\severinsixa\index.php(17): require('D:\\programming\\...')
#13 {main}
  thrown in D:\programming\OpenServer\domains\severinsixa\wp-content\themes\severinsixa\templates\CategoryGrid.php in Zeile 62

